1, 1267139080
2, 1267139099
3, 1267139102
4, 1267139110
5, 1267139129
6, 1267139137
7, 1267139145
8, 1267139153
9, 1267139161
10, 1267139188
11, 1267139196
12, 1267139218
13, 1267139226
14, 1267139234
15, 1267139242
16, 1267139250
17, 1267139269
18, 1267139277
19, 1267139285
20, 1267139293
21, 1267139307
22, 1267139315
23, 1267139331
24, 126713934X
25, 1267139358
26, 1267139366
27, 1267139374
28, 1267139382
29, 1267139390
30, 1267139404
31, 1267139412
32, 1267139420
33, 1267139439
34, 1267139447
35, 1267139455
36, 1267139463
37, 1267139471
38, 1267139498
39, 1267139501
40, 126713951X
41, 1267139528
42, 1267139536
43, 1267139544
44, 1267139552
45, 1267139560
46, 1267139579
47, 1267139587
48, 1267139595
49, 1267139609
50, 1267139617
51, 1267139625
52, 1267139633
53, 1267139641
54, 1267139668
55, 1267139676
56, 1267139684
57, 1267139692
58, 1267139706
59, 1267139714
60, 1267139722
61, 1267139730
62, 1267139749
63, 1267139757
64, 1267139765
65, 1267139773
66, 126713979X
67, 1267139803
68, 1267139811
69, 126713982X
70, 1267139838
71, 1267139846
72, 1267139854
73, 1267139862
74, 1267139870
75, 1267139889
76, 1267139897
77, 1267139919
78, 1267139927
79, 1267139935
80, 1267139943
81, 1267139951
82, 126713996X
83, 1267139978
84, 1267139986
85, 1267139994
86, 1267140003
87, 1267140011
88, 1267140038
89, 1267140054
90, 1267140062
91, 1267140070
92, 1267140089
93, 1267140097
94, 1267140100
95, 1267140119
96, 1267140127
97, 1267140135
98, 1267140143
99, 1267140151
100, 1267140178
101, 1267140186
102, 1267140194
103, 1267140208
104, 1267140216
105, 1267140224
106, 1267140232
107, 1267140240
108, 1267140259
109, 1267140267
110, 1267140275
111, 1267140283
112, 1267140291
113, 1267140305
114, 1267140313
115, 126714033X
116, 1267140348
117, 1267140356
118, 1267140364
119, 1267140372
120, 1267140380
121, 1267140399
122, 1267140402
123, 1267140410
124, 1267140429
125, 1267140437
126, 1267140445
127, 1267140453
128, 126714047X
129, 1267140488
130, 1267140496
131, 126714050X
132, 1267140518
133, 1267140526
134, 1267140534
135, 1267140542
136, 1267140550
137, 1267140569
138, 1267140577
139, 1267140585
140, 1267140593
141, 1267140615
142, 1267140623
143, 1267140631
144, 1267140658
145, 1267140666
146, 1267140674
147, 1267140682
148, 1267140690
149, 1267140704
150, 1267140712
151, 1267140720
152, 1267140739
153, 1267140747
154, 1267140763
155, 1267140771
156, 126714078X
157, 1267140798
158, 1267140801
159, 126714081X
160, 1267140828
161, 1267140836
162, 1267140844
163, 1267140852
164, 1267140860
165, 1267140887
166, 1267140895
167, 1267140909
168, 1267140917
169, 1267140925
170, 1267140933
171, 1267140941
172, 126714095X
173, 1267140968
174, 1267140976
175, 1267140984
176, 1267140992
177, 1267141018
178, 1267141026
179, 1267141034
180, 1267141042
181, 1267141050
182, 1267141069
183, 1267141077
184, 1267141085
185, 1267141093
186, 1267141107
187, 1267141115
188, 1267141123
189, 1267141131
190, 1267141158
191, 1267141166
192, 1267141174
193, 1267141182
194, 1267141190
195, 1267141204
196, 1267141212
197, 1267141220
198, 1267141247
199, 1267141255
200, 1267141263
201, 1267141271
202, 126714128X
203, 1267141301
204, 126714131X
205, 1267141328
206, 1267141336
207, 1267141344
208, 1267141352
209, 1267141360
210, 1267141379
211, 1267141387
212, 1267141395
213, 1267141409
214, 1267141417
215, 1267141425
216, 1267141433
217, 1267141441
218, 126714145X
219, 1267141468
220, 1267141476
221, 1267141484
222, 1267141492
223, 1267141506
224, 1267141514
225, 1267141522
226, 1267141530
227, 1267141549
228, 1267141557
229, 1267141573
230, 1267141581
231, 126714159X
232, 1267141603
233, 1267141611
234, 126714162X
235, 1267141638
236, 1267141646
237, 1267141654
238, 1267141662
239, 1267141670
240, 1267141697
241, 1267141700
242, 1267141719
243, 1267141727
244, 1267141735
245, 1267141743
246, 1267141751
247, 126714176X
248, 1267141778
249, 1267141786
250, 1267141794
251, 1267141808
252, 1267141824
253, 1267141832
254, 1267141840
255, 1267141859
256, 1267141867
257, 1267141875
258, 1267141883
259, 1267141891
260, 1267141905
261, 1267141913
262, 1267141921
263, 126714193X
264, 1267141948
265, 1267141964
266, 1267141972
267, 1267141980
268, 1267141999
269, 1267142006
270, 1267142014
271, 1267142022
272, 1267142030
273, 1267142049
274, 1267142057
275, 1267142065
276, 1267142073
277, 1267142081
278, 126714209X
279, 1267142103
280, 1267142111
281, 126714212X
282, 1267142138
283, 1267142146
284, 1267142154
285, 1267142162
286, 1267142170
287, 1267142197
288, 1267142200
289, 1267142219
290, 1267142227
291, 1267142235
292, 1267142243
293, 1267142251
294, 126714226X
295, 1267142278
296, 1267142286
297, 1267142294
298, 1267142308
299, 1267142324
300, 1267142332
301, 1267142340
302, 1267142359
303, 1267142367
304, 1267142375
305, 1267142383
306, 1267142405
307, 1267142413
308, 1267142421
309, 126714243X
310, 1267142456
311, 1267142464
312, 1267142472
313, 1267142480
314, 1267142499
315, 1267142502
316, 1267142510
317, 1267142529
318, 1267142537
319, 1267142545
320, 1267142553
321, 1267142561
322, 126714257X
323, 1267142588
324, 1267142596
325, 126714260X
326, 1267142618
327, 1267142626
328, 1267142634
329, 1267142642
330, 1267142650
331, 1267142669
332, 1267142677
333, 1267142693
334, 1267142707
335, 1267142715
336, 1267142723
337, 1267142731
338, 126714274X
339, 1267142758
340, 1267142766
341, 1267142774
342, 1267142782
343, 1267142790
344, 1267142804
345, 1267142812
346, 1267142839
347, 1267142847
348, 1267142855
349, 1267142863
350, 1267142871
351, 126714288X
352, 1267142898
353, 1267142901
354, 126714291X
355, 1267142928
356, 1267142936
357, 1267142944
358, 1267142960
359, 1267142979
360, 1267142995
361, 1267143002
362, 1267143010
363, 1267143029
364, 1267143037
365, 1267143045
366, 1267143053
367, 1267143061
368, 126714307X
369, 1267143088
370, 1267143096
371, 126714310X
372, 1267143118
373, 1267143134
374, 1267143142
375, 1267143150
376, 1267143169
377, 1267143177
378, 1267143185
379, 1267143193
380, 1267143207
381, 1267143215
382, 1267143223
383, 1267143231
384, 126714324X
385, 1267143258
386, 1267143266
387, 1267143274
388, 1267143282
389, 1267143290
390, 1267143304
391, 1267143312
392, 1267143320
393, 1267143347
394, 1267143355
395, 1267143363
396, 1267143371
397, 126714338X
398, 1267143398
399, 1267143401
400, 126714341X
401, 1267143428
402, 1267143436
403, 1267143444
404, 1267143452
405, 1267143460
406, 1267143479
407, 1267143495
408, 1267143509
409, 1267143517
410, 1267143525
411, 1267143533
412, 1267143541
413, 126714355X
414, 1267143568
415, 1267143576
416, 1267143584
417, 1267143592
418, 1267143606
419, 1267143622
420, 1267143630
421, 1267143657
422, 1267143665
423, 1267143673
424, 1267143681
425, 126714369X
426, 1267143703
427, 1267143711
428, 126714372X
429, 1267143738
430, 1267143746
431, 1267143754
432, 1267143762
433, 1267143770
434, 1267143789
435, 1267143800
436, 1267143819
437, 1267143827
438, 1267143835
439, 1267143843
440, 1267143851
441, 126714386X
442, 1267143878
443, 1267143886
444, 1267143894
445, 1267143908
446, 1267143916
447, 1267143924
448, 1267143940
449, 1267143959
450, 1267143967
451, 1267143975
452, 1267143983
453, 1267143991
454, 1267144009
455, 1267144017
456, 1267144025
457, 1267144033
458, 1267144041
459, 126714405X
460, 1267144068
461, 1267144084
462, 1267144092
463, 1267144106
464, 1267144114
465, 1267144122
466, 1267144130
467, 1267144149
468, 1267144157
469, 1267144165
470, 1267144173
471, 1267144181
472, 126714419X
473, 1267144203
474, 1267144211
475, 1267144238
476, 1267144246
477, 1267144254
478, 1267144262
479, 1267144270
480, 1267144289
481, 1267144297
482, 1267144300
483, 1267144319
484, 1267144327
485, 1267144335
486, 1267144343
487, 1267144351
488, 126714436X
489, 1267144386
490, 1267144394
491, 1267144408
492, 1267144416
493, 1267144424
494, 1267144432
495, 1267144440
496, 1267144459
497, 1267144467
498, 1267144475
499, 1267144483
500, 1267144491
501, 1267144505
502, 1267144521
503, 126714453X
504, 1267144556
505, 1267144564
506, 1267144572
507, 1267144580
508, 1267144599
509, 1267144602
510, 1267144610
511, 1267144629
512, 1267144637
513, 1267144645
514, 1267144653
515, 1267144661
516, 1267144688
517, 1267144696
518, 126714470X
519, 1267144718
520, 1267144726
521, 1267144734
522, 1267144742
523, 1267144750
524, 1267144769
525, 1267144777
526, 1267144785
527, 1267144793
528, 1267144807
529, 1267144815
530, 1267144823
531, 126714484X
532, 1267144858
533, 1267144866
534, 1267144874
535, 1267144882
536, 1267144890
537, 1267144904
538, 1267144912
539, 1267144920
540, 1267144939
541, 1267144947
542, 1267144955
543, 1267144963
544, 1267144971
545, 1267144998
546, 1267145005
547, 1267145021
548, 126714503X
549, 1267145048
550, 1267145056
551, 1267145064
552, 1267145072
553, 1267145080
554, 1267145099
555, 1267145102
556, 1267145110
557, 1267145129
558, 1267145137
559, 1267145145
560, 1267145153
561, 1267145161
562, 1267145188
563, 1267145196
564, 126714520X
565, 1267145218
566, 1267145226
567, 1267145234
568, 1267145242
569, 1267145250
570, 1267145269
571, 1267145277
572, 1267145285
573, 1267145293
574, 1267145315
575, 1267145323
576, 1267145331
577, 126714534X
578, 1267145358
579, 1267145366
580, 1267145374
581, 1267145382
582, 1267145390
583, 1267145404
584, 1267145412
585, 1267145420
586, 1267145439
587, 1267145447
588, 1267145455
589, 1267145471
590, 126714548X
591, 1267145498
592, 1267145501
593, 126714551X
594, 1267145528
595, 1267145536
596, 1267145544
597, 1267145552
598, 1267145560
599, 1267145579
600, 1267145587
601, 1267145609
602, 1267145617
603, 1267145625
604, 1267145633
605, 1267145641
606, 126714565X
607, 1267145676
608, 1267145684
609, 1267145692
610, 1267145706
611, 1267145714
612, 1267145722
613, 1267145730
614, 1267145757
615, 1267145765
616, 1267145773
617, 1267145781
618, 126714579X
619, 1267145803
620, 1267145811
621, 126714582X
622, 1267145838
623, 1267145846
624, 1267145854
625, 1267145862
626, 1267145889
627, 1267145897
628, 1267145900
629, 1267145919
630, 1267145927
631, 1267145935
632, 1267145943
633, 1267145951
634, 126714596X
635, 1267145978
636, 1267145986
637, 1267145994
638, 1267146001
639, 1267146028
640, 1267146036
641, 1267146044
642, 1267146052
643, 1267146060
644, 1267146079
645, 1267146087
646, 1267146095
647, 1267146109
648, 1267146117
649, 1267146125
650, 1267146133
651, 1267146141
652, 1267146168
653, 1267146176
654, 1267146184
655, 1267146192
656, 1267146206
657, 1267146214
658, 1267146222
659, 1267146230
660, 1267146249
661, 1267146257
662, 1267146265
663, 1267146273
664, 1267146281
665, 1267146303
666, 1267146311
667, 126714632X
668, 1267146338
669, 1267146354
670, 1267146362
671, 1267146370
672, 1267146389
673, 1267146397
674, 1267146400
675, 1267146419
676, 1267146435
677, 1267146443
678, 1267146451
679, 126714646X
680, 1267146478
681, 1267146486
682, 1267146494
683, 1267146508
684, 1267146516
685, 1267146524
686, 1267146532
687, 1267146540
688, 1267146559
689, 1267146567
690, 1267146583
691, 1267146591
692, 1267146605
693, 1267146613
694, 1267146621
695, 126714663X
696, 1267146648
697, 1267146656
698, 1267146664
699, 1267146672
700, 1267146680
701, 1267146702
702, 1267146710
703, 1267146729
704, 1267146737
705, 1267146745
706, 1267146753
707, 1267146761
708, 126714677X
709, 1267146788
710, 1267146796
711, 126714680X
712, 1267146818
713, 1267146826
714, 1267146842
715, 1267146850
716, 1267146869
717, 1267146877
718, 1267146885
719, 1267146893
720, 1267146907
721, 1267146915
722, 1267146923
723, 1267146931
724, 126714694X
725, 1267146958
726, 1267146974
727, 1267146982
728, 1267146990
729, 1267147008
730, 1267147016
731, 1267147032
732, 1267147040
733, 1267147059
734, 1267147067
735, 1267147075
736, 1267147083
737, 1267147091
738, 1267147113
739, 1267147121
740, 126714713X
741, 1267147148
742, 1267147156
743, 1267147164
744, 1267147172
745, 1267147180
746, 1267147199
747, 1267147202
748, 1267147210
749, 1267147229
750, 1267147237
751, 1267147253
752, 1267147261
753, 126714727X
754, 1267147288
755, 1267147296
756, 126714730X
757, 1267147318
758, 1267147326
759, 1267147334
760, 1267147342
761, 1267147350
762, 1267147369
763, 1267147377
764, 1267147393
765, 1267147407
766, 1267147415
767, 1267147423
768, 1267147431
769, 126714744X
770, 1267147458
771, 1267147466
772, 1267147474
773, 1267147482
774, 1267147490
775, 1267147504
776, 1267147520
777, 1267147539
778, 1267147547
779, 1267147555
780, 1267147563
781, 1267147571
782, 126714758X
783, 1267147598
784, 1267147601
785, 126714761X
786, 1267147628
787, 1267147636
788, 1267147652
789, 1267147660
790, 1267147679
791, 1267147687
792, 1267147695
793, 1267147709
794, 1267147717
795, 1267147725
796, 1267147733
797, 1267147741
798, 126714775X
799, 1267147768
800, 1267147784
801, 1267147792
802, 1267147806
803, 1267147814
804, 1267147822
805, 1267147830
806, 1267147849
807, 1267147857
808, 1267147865
809, 1267147873
810, 1267147881
811, 126714789X
812, 1267147903
813, 1267147911
814, 1267147938
815, 1267147954
816, 1267147962
817, 1267147970
818, 1267147989
819, 1267147997
820, 1267148004
821, 1267148012
822, 1267148020
823, 1267148039
824, 1267148047
825, 1267148055
826, 1267148063
827, 1267148071
828, 1267148098
829, 1267148101
830, 126714811X
831, 1267148128
832, 1267148136
833, 1267148144
834, 1267148152
835, 1267148160
836, 1267148179
837, 1267148187
838, 1267148195
839, 1267148209
840, 1267148225
841, 1267148233
842, 1267148241
843, 126714825X
844, 1267148268
845, 1267148276
846, 1267148284
847, 1267148292
848, 1267148306
849, 1267148314
850, 1267148322
851, 1267148330
852, 1267148349
853, 1267148365
854, 1267148373
855, 1267148381
856, 126714839X
857, 1267148403
858, 1267148411
859, 126714842X
860, 1267148438
861, 1267148446
862, 1267148454
863, 1267148462
864, 1267148470
865, 1267148497
866, 1267148500
867, 1267148519
868, 1267148527
869, 1267148535
870, 1267148543
871, 1267148551
872, 126714856X
873, 1267148578
874, 1267148586
875, 1267148594
876, 1267148608
877, 1267148632
878, 1267148640
879, 1267148659
880, 1267148667
881, 1267148675
882, 1267148683
883, 1267148691
884, 1267148705
885, 1267148713
886, 1267148721
887, 126714873X
888, 1267148748
889, 1267148756
890, 1267148772
891, 1267148780
892, 1267148799
893, 1267148802
894, 1267148810
895, 1267148829
896, 1267148837
897, 1267148845
898, 1267148853
899, 1267148861
900, 126714887X
901, 1267148888
902, 1267148896
903, 1267148918
904, 1267148926
905, 1267148934
906, 1267148942
907, 1267148950
908, 1267148969
909, 1267148977
910, 1267148985
911, 1267148993
912, 1267149000
913, 1267149019
914, 1267149027
915, 1267149035
916, 126714906X
917, 1267149078
918, 1267149086
919, 1267149094
920, 1267149108
921, 1267149116
922, 1267149124
923, 1267149132
924, 1267149140
925, 1267149159
926, 1267149167
927, 1267149175
928, 1267149183
929, 1267149191
930, 1267149213
931, 1267149221
932, 126714923X
933, 1267149248
934, 1267149256
935, 1267149264
936, 1267149272
937, 1267149280
938, 1267149299
939, 1267149302
940, 1267149310
941, 1267149329
942, 1267149337
943, 1267149353
944, 1267149361
945, 126714937X
946, 1267149388
947, 1267149396
948, 126714940X
949, 1267149418
950, 1267149426
951, 1267149434
952, 1267149442
953, 1267149450
954, 1267149469
955, 1267149485
956, 1267149493
957, 1267149507
958, 1267149515
959, 1267149523
960, 126714954X
961, 1267149558
962, 1267149566
963, 1267149574
964, 1267149582
965, 1267149590
966, 1267149604
967, 1267149620
968, 1267149639
969, 1267149647
970, 1267149655
971, 1267149663
972, 1267149671
973, 126714968X
974, 1267149698
975, 1267149701
976, 126714971X
977, 1267149728
978, 1267149744
979, 1267149752
980, 1267149779
981, 1267149787
982, 1267149795
983, 1267149809
984, 1267149817
985, 1267149825
986, 1267149833
987, 1267149841
988, 126714985X
989, 1267149868
990, 1267149876
991, 1267149884
992, 1267149906
993, 1267149914
994, 1267149922
995, 1267149930
996, 1267149949
997, 1267149957
998, 1267149965
999, 1267149973
1000, 1267149981
