1, 1267072849
2, 1267072857
3, 1267072865
4, 1267072873
5, 1267072881
6, 126707289X
7, 1267072903
8, 1267072911
9, 126707292X
10, 1267072938
11, 1267072946
12, 1267072954
13, 1267072962
14, 1267072970
15, 1267072989
16, 1267072997
17, 1267073004
18, 1267073012
19, 1267073020
20, 1267073039
21, 1267073047
22, 1267073055
23, 1267073063
24, 1267073071
25, 126707308X
26, 1267073098
27, 1267073101
28, 126707311X
29, 1267073128
30, 1267073136
31, 1267073144
32, 1267073152
33, 1267073160
34, 1267073179
35, 1267073187
36, 1267073195
37, 1267073209
38, 1267073217
39, 1267073225
40, 1267073233
41, 1267073241
42, 126707325X
43, 1267073268
44, 1267073276
45, 1267073284
46, 1267073306
47, 1267073314
48, 1267073322
49, 1267073330
50, 1267073349
51, 1267073357
52, 1267073365
53, 1267073373
54, 1267073381
55, 126707339X
56, 1267073403
57, 1267073411
58, 126707342X
59, 1267073438
60, 1267073446
61, 1267073454
62, 1267073462
63, 1267073470
64, 1267073489
65, 1267073497
66, 1267073500
67, 1267073519
68, 1267073527
69, 1267073535
70, 1267073543
71, 1267073551
72, 126707356X
73, 1267073578
74, 1267073586
75, 1267073594
76, 1267073608
77, 1267073616
78, 1267073624
79, 1267073632
80, 1267073640
81, 1267073659
82, 1267073667
83, 1267073675
84, 1267073683
85, 1267073691
86, 1267073705
87, 1267073713
88, 1267073721
89, 126707373X
90, 1267073748
91, 1267073756
92, 1267073764
93, 1267073772
94, 1267073780
95, 1267073799
96, 1267073802
97, 1267073810
98, 1267073829
99, 1267073837
100, 1267073845
101, 1267073853
102, 1267073861
103, 126707387X
104, 1267073888
105, 1267073896
106, 126707390X
107, 1267073926
108, 1267073934
109, 1267073942
110, 1267073950
111, 1267073969
112, 1267073977
113, 1267073985
114, 1267073993
115, 1267074000
116, 1267074019
117, 1267074027
118, 1267074035
119, 1267074043
120, 126707406X
121, 1267074078
122, 1267074086
123, 1267074094
124, 1267074108
125, 1267074116
126, 1267074124
127, 1267074132
128, 1267074140
129, 1267074159
130, 1267074167
131, 1267074175
132, 1267074183
133, 1267074191
134, 1267074205
135, 1267074213
136, 1267074221
137, 126707423X
138, 1267074248
139, 1267074256
140, 1267074264
141, 1267074272
142, 1267074280
143, 1267074299
144, 1267074302
145, 1267074310
146, 1267074329
147, 1267074337
148, 1267074345
149, 1267074353
150, 1267074361
151, 126707437X
152, 1267074388
153, 1267074396
154, 126707440X
155, 1267074418
156, 1267074426
157, 1267074434
158, 1267074442
159, 1267074450
160, 1267074469
161, 1267074477
162, 1267074485
163, 1267074493
164, 1267074507
165, 1267074515
166, 1267074523
167, 1267074531
168, 1267074558
169, 1267074566
170, 1267074574
171, 1267074582
172, 1267074590
173, 1267074604
174, 1267074612
175, 1267074620
176, 1267074639
177, 1267074647
178, 1267074655
179, 1267074663
180, 1267074671
181, 126707468X
182, 1267074698
183, 1267074701
184, 126707471X
185, 1267074728
186, 1267074736
187, 1267074744
188, 1267074752
189, 1267074760
190, 1267074779
191, 1267074787
192, 1267074795
193, 1267074809
194, 1267074817
195, 1267074825
196, 1267074833
197, 1267074841
198, 126707485X
199, 1267074876
200, 1267074884
201, 1267074892
202, 1267074906
203, 1267074914
204, 1267074922
205, 1267074930
206, 1267074949
207, 1267074957
208, 1267074965
209, 1267074973
210, 1267074981
211, 126707499X
212, 1267075007
213, 1267075015
214, 1267075023
215, 1267075031
216, 126707504X
217, 1267075058
218, 1267075066
219, 1267075074
220, 1267075082
221, 1267075090
222, 1267075104
223, 1267075112
224, 1267075120
225, 1267075139
226, 1267075147
227, 1267075155
228, 1267075163
229, 126707518X
230, 1267075198
231, 1267075201
232, 126707521X
233, 1267075228
234, 1267075236
235, 1267075244
236, 1267075252
237, 1267075260
238, 1267075279
239, 1267075287
240, 1267075295
241, 1267075309
242, 1267075317
243, 1267075325
244, 1267075333
245, 1267075341
246, 126707535X
247, 1267075368
248, 1267075376
249, 1267075384
250, 1267075392
251, 1267075406
252, 1267075414
253, 1267075422
254, 1267075430
255, 1267075449
256, 1267075457
257, 1267075465
258, 1267075473
259, 1267075481
260, 126707549X
261, 1267075503
262, 1267075511
263, 126707552X
264, 1267075538
265, 1267075546
266, 1267075554
267, 1267075562
268, 1267075570
269, 1267075589
270, 1267075597
271, 1267075600
272, 1267075619
273, 1267075627
274, 1267075635
275, 1267075643
276, 1267075651
277, 126707566X
278, 1267075678
279, 1267075686
280, 1267075694
281, 1267075708
282, 1267075716
283, 1267075724
284, 1267075732
285, 1267075740
286, 1267075759
287, 1267075767
288, 1267075775
289, 1267075791
290, 1267075805
291, 1267075813
292, 1267075821
293, 126707583X
294, 1267075848
295, 1267075856
296, 1267075864
297, 1267075872
298, 1267075880
299, 1267075899
300, 1267075902
301, 1267075910
302, 1267075929
303, 1267075937
304, 1267075945
305, 1267075953
306, 1267075961
307, 126707597X
308, 1267075988
309, 1267075996
310, 1267076003
311, 1267076011
312, 126707602X
313, 1267076038
314, 1267076046
315, 1267076054
316, 1267076062
317, 1267076070
318, 1267076089
319, 1267076097
320, 1267076100
321, 1267076119
322, 1267076127
323, 1267076135
324, 1267076143
325, 1267076151
326, 126707616X
327, 1267076178
328, 1267076186
329, 1267076194
330, 1267076208
331, 1267076216
332, 1267076224
333, 1267076232
334, 1267076240
335, 1267076259
336, 1267076267
337, 1267076275
338, 1267076283
339, 1267076291
340, 1267076305
341, 1267076313
342, 1267076321
343, 126707633X
344, 1267076348
345, 1267076356
346, 1267076364
347, 1267076372
348, 1267076380
349, 1267076402
350, 1267076410
351, 1267076429
352, 1267076437
353, 1267076445
354, 1267076453
355, 1267076461
356, 126707647X
357, 1267076488
358, 1267076496
359, 126707650X
360, 1267076518
361, 1267076526
362, 1267076534
363, 1267076542
364, 1267076550
365, 1267076569
366, 1267076577
367, 1267076585
368, 1267076593
369, 1267076607
370, 1267076615
371, 1267076623
372, 1267076631
373, 126707664X
374, 1267076658
375, 1267076666
376, 1267076674
377, 1267076682
378, 1267076704
379, 1267076712
380, 1267076720
381, 1267076739
382, 1267076747
383, 1267076755
384, 1267076763
385, 1267076771
386, 126707678X
387, 1267076798
388, 1267076801
389, 126707681X
390, 1267076828
391, 1267076836
392, 1267076844
393, 1267076852
394, 1267076860
395, 1267076879
396, 1267076887
397, 1267076895
398, 1267076909
399, 1267076917
400, 1267076925
401, 1267076933
402, 1267076941
403, 126707695X
404, 1267076968
405, 1267076976
406, 1267076984
407, 1267076992
408, 126707700X
409, 1267077018
410, 1267077034
411, 1267077042
412, 1267077050
413, 1267077069
414, 1267077077
415, 1267077085
416, 1267077093
417, 1267077107
418, 1267077115
419, 1267077123
420, 1267077131
421, 126707714X
422, 1267077158
423, 1267077166
424, 1267077174
425, 1267077182
426, 1267077190
427, 1267077204
428, 1267077212
429, 1267077220
430, 1267077239
431, 1267077247
432, 1267077255
433, 1267077263
434, 1267077271
435, 126707728X
436, 1267077298
437, 1267077301
438, 126707731X
439, 1267077328
440, 1267077336
441, 1267077344
442, 1267077352
443, 1267077360
444, 1267077379
445, 1267077387
446, 1267077395
447, 1267077409
448, 1267077417
449, 1267077425
450, 1267077433
451, 1267077441
452, 126707745X
453, 1267077468
454, 1267077476
455, 1267077484
456, 1267077492
457, 1267077506
458, 1267077514
459, 1267077522
460, 1267077530
461, 1267077549
462, 1267077557
463, 1267077565
464, 1267077573
465, 1267077581
466, 126707759X
467, 1267077603
468, 1267077611
469, 126707762X
470, 1267077638
471, 1267077654
472, 1267077662
473, 1267077670
474, 1267077689
475, 1267077697
476, 1267077700
477, 1267077719
478, 1267077727
479, 1267077735
480, 1267077743
481, 1267077751
482, 126707776X
483, 1267077778
484, 1267077786
485, 1267077794
486, 1267077808
487, 1267077816
488, 1267077824
489, 1267077832
490, 1267077840
491, 1267077859
492, 1267077867
493, 1267077875
494, 1267077883
495, 1267077891
496, 1267077905
497, 1267077913
498, 1267077921
499, 126707793X
500, 1267077948
501, 1267077956
502, 1267077964
503, 1267077972
504, 1267077980
505, 1267077999
506, 1267078006
507, 1267078014
508, 1267078022
509, 1267078030
510, 1267078049
511, 1267078057
512, 1267078065
513, 1267078073
514, 1267078081
515, 126707809X
516, 1267078103
517, 1267078111
518, 126707812X
519, 1267078138
520, 1267078146
521, 1267078154
522, 1267078162
523, 1267078170
524, 1267078189
525, 1267078197
526, 1267078200
527, 1267078219
528, 1267078227
529, 1267078235
530, 1267078243
531, 126707826X
532, 1267078278
533, 1267078286
534, 1267078294
535, 1267078308
536, 1267078316
537, 1267078324
538, 1267078332
539, 1267078340
540, 1267078359
541, 1267078367
542, 1267078375
543, 1267078383
544, 1267078391
545, 1267078405
546, 1267078413
547, 1267078421
548, 126707843X
549, 1267078448
550, 1267078456
551, 1267078464
552, 1267078472
553, 1267078480
554, 1267078499
555, 1267078502
556, 1267078510
557, 1267078529
558, 1267078537
559, 1267078545
560, 1267078553
561, 1267078561
562, 126707857X
563, 1267078588
564, 1267078596
565, 126707860X
566, 1267078618
567, 1267078626
568, 1267078634
569, 1267078642
570, 1267078650
571, 1267078669
572, 1267078677
573, 1267078685
574, 1267078693
575, 1267078707
576, 1267078715
577, 1267078723
578, 1267078731
579, 126707874X
580, 1267078758
581, 1267078766
582, 1267078774
583, 1267078782
584, 1267078790
585, 1267078804
586, 1267078812
587, 1267078820
588, 1267078839
589, 1267078847
590, 1267078855
591, 1267078863
592, 126707888X
593, 1267078898
594, 1267078901
595, 126707891X
596, 1267078928
597, 1267078936
598, 1267078944
599, 1267078952
600, 1267078960
601, 1267078979
602, 1267078987
603, 1267078995
604, 1267079002
605, 1267079010
606, 1267079029
607, 1267079037
608, 1267079045
609, 1267079061
610, 126707907X
611, 1267079088
612, 1267079096
613, 126707910X
614, 1267079118
615, 1267079126
616, 1267079134
617, 1267079142
618, 1267079150
619, 1267079169
620, 1267079177
621, 1267079185
622, 1267079193
623, 1267079207
624, 1267079215
625, 1267079223
626, 1267079231
627, 126707924X
628, 1267079258
629, 1267079266
630, 1267079274
631, 1267079282
632, 1267079290
633, 1267079304
634, 1267079312
635, 1267079320
636, 1267079339
637, 1267079347
638, 1267079355
639, 1267079363
640, 1267079371
641, 126707938X
642, 1267079398
643, 1267079401
644, 126707941X
645, 1267079428
646, 1267079436
647, 1267079444
648, 1267079452
649, 1267079460
650, 1267079479
651, 1267079487
652, 1267079495
653, 1267079517
654, 1267079525
655, 1267079533
656, 1267079541
657, 126707955X
658, 1267079568
659, 1267079576
660, 1267079584
661, 1267079592
662, 1267079606
663, 1267079614
664, 1267079622
665, 1267079630
666, 1267079649
667, 1267079657
668, 1267079665
669, 1267079673
670, 1267079681
671, 126707969X
672, 1267079703
673, 1267079711
674, 126707972X
675, 1267079738
676, 1267079746
677, 1267079754
678, 1267079762
679, 1267079770
680, 1267079789
681, 1267079797
682, 1267079800
683, 1267079819
684, 1267079827
685, 1267079835
686, 1267079843
687, 1267079851
688, 126707986X
689, 1267079878
690, 1267079886
691, 1267079894
692, 1267079908
693, 1267079916
694, 1267079924
695, 1267079932
696, 1267079940
697, 1267079959
698, 1267079967
699, 1267079975
700, 1267079983
701, 1267080000
702, 1267080019
703, 1267080027
704, 1267080035
705, 1267080043
706, 1267080051
707, 126708006X
708, 1267080078
709, 1267080086
710, 1267080094
711, 1267080108
712, 1267080116
713, 1267080132
714, 1267080140
715, 1267080159
716, 1267080167
717, 1267080175
718, 1267080183
719, 1267080191
720, 1267080205
721, 1267080213
722, 1267080221
723, 126708023X
724, 1267080248
725, 1267080256
726, 1267080264
727, 1267080272
728, 1267080280
729, 1267080299
730, 1267080302
731, 1267080310
732, 1267080329
733, 1267080337
734, 1267080345
735, 1267080353
736, 1267080361
737, 126708037X
738, 1267080388
739, 1267080396
740, 126708040X
741, 1267080418
742, 1267080426
743, 1267080434
744, 1267080442
745, 1267080450
746, 1267080469
747, 1267080477
748, 1267080485
749, 1267080493
750, 1267080507
751, 1267080515
752, 1267080523
753, 1267080531
754, 126708054X
755, 1267080558
756, 1267080566
757, 1267080574
758, 1267080582
759, 1267080590
760, 1267080604
761, 1267080612
762, 1267080620
763, 1267080639
764, 1267080647
765, 1267080655
766, 1267080663
767, 1267080671
768, 126708068X
769, 1267080698
770, 1267080701
771, 126708071X
772, 1267080728
773, 1267080744
774, 1267080752
775, 1267080760
776, 1267080779
777, 1267080787
778, 1267080795
779, 1267080809
780, 1267080817
781, 1267080825
782, 1267080833
783, 1267080841
784, 126708085X
785, 1267080868
786, 1267080876
787, 1267080884
788, 1267080892
789, 1267080906
790, 1267080914
791, 1267080922
792, 1267080930
793, 1267080949
794, 1267080957
795, 1267080965
796, 1267080973
797, 1267080981
798, 126708099X
799, 1267081007
800, 1267081015
801, 1267081023
802, 1267081031
803, 126708104X
804, 1267081058
805, 1267081066
806, 1267081074
807, 1267081082
808, 1267081090
809, 1267081104
810, 1267081112
811, 1267081120
812, 1267081139
813, 1267081147
814, 1267081155
815, 1267081163
816, 1267081171
817, 126708118X
818, 1267081198
819, 1267081201
820, 126708121X
821, 1267081228
822, 1267081236
823, 1267081244
824, 1267081252
825, 1267081260
826, 1267081279
827, 1267081287
828, 1267081295
829, 1267081309
830, 1267081317
831, 1267081325
832, 1267081341
833, 126708135X
834, 1267081368
835, 1267081376
836, 1267081384
837, 1267081392
838, 1267081406
839, 1267081414
840, 1267081422
841, 1267081430
842, 1267081449
843, 1267081457
844, 1267081465
845, 1267081473
846, 1267081481
847, 126708149X
848, 1267081503
849, 1267081511
850, 126708152X
851, 1267081538
852, 1267081546
853, 1267081554
854, 1267081562
855, 1267081570
856, 1267081589
857, 1267081597
858, 1267081600
859, 1267081619
860, 1267081627
861, 1267081635
862, 1267081643
863, 1267081651
864, 126708166X
865, 1267081678
866, 1267081686
867, 1267081694
868, 1267081708
869, 1267081716
870, 1267081724
871, 1267081732
872, 1267081740
873, 1267081759
874, 1267081767
875, 1267081775
876, 1267081783
877, 1267081791
878, 1267081805
879, 1267081813
880, 1267081821
881, 126708183X
882, 1267081848
883, 1267081856
884, 1267081864
885, 1267081872
886, 1267081880
887, 1267081899
888, 1267081902
889, 1267081910
890, 1267081929
891, 1267081937
892, 1267081953
893, 1267081961
894, 126708197X
895, 1267081988
896, 1267081996
897, 1267082003
898, 1267082011
899, 126708202X
900, 1267082038
901, 1267082046
902, 1267082054
903, 1267082062
904, 1267082070
905, 1267082089
906, 1267082097
907, 1267082100
908, 1267082119
909, 1267082127
910, 1267082135
911, 1267082143
912, 1267082151
913, 126708216X
914, 1267082178
915, 1267082186
916, 1267082194
917, 1267082208
918, 1267082216
919, 1267082224
920, 1267082232
921, 1267082240
922, 1267082259
923, 1267082267
924, 1267082275
925, 1267082283
926, 1267082291
927, 1267082305
928, 1267082313
929, 1267082321
930, 126708233X
931, 1267082348
932, 1267082356
933, 1267082364
934, 1267082372
935, 1267082380
936, 1267082399
937, 1267082402
938, 1267082410
939, 1267082429
940, 1267082437
941, 1267082445
942, 1267082453
943, 1267082461
944, 126708247X
945, 1267082488
946, 1267082496
947, 126708250X
948, 1267082518
949, 1267082526
950, 1267082534
951, 1267082550
952, 1267082569
953, 1267082577
954, 1267082585
955, 1267082593
956, 1267082607
957, 1267082615
958, 1267082623
959, 1267082631
960, 126708264X
961, 1267082658
962, 1267082666
963, 1267082674
964, 1267082682
965, 1267082690
966, 1267082704
967, 1267082712
968, 1267082720
969, 1267082739
970, 1267082747
971, 1267082755
972, 1267082763
973, 1267082771
974, 126708278X
975, 1267082798
976, 1267082801
977, 126708281X
978, 1267082828
979, 1267082836
980, 1267082844
981, 1267082852
982, 1267082860
983, 1267082879
984, 1267082887
985, 1267082895
986, 1267082909
987, 1267082917
988, 1267082925
989, 1267082933
990, 1267082941
991, 126708295X
