1, 1267051930
2, 1267051949
3, 1267051957
4, 1267051965
5, 1267051973
6, 1267051981
7, 126705199X
8, 1267052007
9, 1267052015
10, 1267052023
11, 126705204X
12, 1267052058
13, 1267052066
14, 1267052074
15, 1267052082
16, 1267052090
17, 1267052104
18, 1267052112
19, 1267052120
20, 1267052139
21, 1267052147
22, 1267052155
23, 1267052163
24, 1267052171
25, 126705218X
26, 1267052198
27, 126705221X
28, 1267052228
29, 1267052236
30, 1267052244
31, 1267052252
32, 1267052260
33, 1267052279
34, 1267052287
35, 1267052295
36, 1267052309
37, 1267052317
38, 1267052325
39, 1267052333
40, 1267052341
41, 126705235X
42, 1267052368
43, 1267052376
44, 1267052384
45, 1267052392
46, 1267052406
47, 1267052414
48, 1267052422
49, 1267052430
50, 1267052449
51, 1267052457
52, 1267052465
53, 1267052473
54, 1267052481
55, 126705249X
56, 1267052503
57, 1267052511
58, 126705252X
59, 1267052538
60, 1267052546
61, 1267052554
62, 1267052562
63, 1267052570
64, 1267052589
65, 1267052597
66, 1267052600
67, 1267052619
68, 1267052627
69, 1267052635
70, 1267052643
71, 1267052651
72, 126705266X
73, 1267052678
74, 1267052686
75, 1267052694
76, 1267052708
77, 1267052716
78, 1267052724
79, 1267052732
80, 1267052740
81, 1267052759
82, 1267052767
83, 1267052775
84, 1267052783
85, 1267052791
86, 1267052805
87, 1267052813
88, 1267052821
89, 126705283X
90, 1267052848
91, 1267052856
92, 1267052864
93, 1267052872
94, 1267052880
95, 1267052899
96, 1267052902
97, 1267052910
98, 1267052929
99, 1267052937
100, 1267052945
101, 1267052953
102, 1267052961
103, 126705297X
104, 1267052988
105, 1267052996
106, 1267053003
107, 126705302X
108, 1267053038
109, 1267053046
110, 1267053054
111, 1267053062
112, 1267053070
113, 1267053089
114, 1267053097
115, 1267053100
116, 1267053119
117, 1267053127
118, 1267053135
119, 1267053143
120, 1267053151
121, 126705316X
122, 1267053178
123, 1267053186
124, 1267053194
125, 1267053208
126, 1267053216
127, 1267053224
128, 1267053232
129, 1267053240
130, 1267053259
131, 1267053267
132, 1267053275
133, 1267053283
134, 1267053291
135, 1267053305
136, 1267053313
137, 1267053321
138, 126705333X
139, 1267053348
140, 1267053356
141, 1267053364
142, 1267053372
143, 1267053380
144, 1267053399
145, 1267053402
146, 1267053410
147, 1267053429
148, 1267053437
149, 1267053445
150, 1267053453
151, 1267053461
152, 126705347X
153, 1267053488
154, 1267053496
155, 126705350X
156, 1267053518
157, 1267053526
158, 1267053534
159, 1267053542
160, 1267053550
161, 1267053569
162, 1267053577
163, 1267053585
164, 1267053593
165, 1267053607
166, 1267053615
167, 1267053623
168, 1267053631
169, 126705364X
170, 1267053658
171, 1267053666
172, 1267053674
173, 1267053682
174, 1267053690
175, 1267053704
176, 1267053712
177, 1267053720
178, 1267053739
179, 1267053747
180, 1267053755
181, 1267053763
182, 1267053771
183, 126705378X
184, 1267053798
185, 1267053801
186, 126705381X
187, 1267053828
188, 1267053836
189, 1267053844
190, 1267053852
191, 1267053860
192, 1267053879
193, 1267053887
194, 1267053895
195, 1267053909
196, 1267053917
197, 1267053925
198, 1267053933
199, 1267053941
200, 126705395X
201, 1267053968
202, 1267053976
203, 1267053984
204, 1267053992
205, 126705400X
206, 1267054018
207, 1267054026
208, 1267054034
209, 1267054042
210, 1267054050
211, 1267054069
212, 1267054077
213, 1267054085
214, 1267054093
215, 1267054107
216, 1267054115
217, 1267054123
218, 126705414X
219, 1267054158
220, 1267054166
221, 1267054174
222, 1267054182
223, 1267054190
224, 1267054204
225, 1267054212
226, 1267054220
227, 1267054239
228, 1267054247
229, 1267054255
230, 1267054263
231, 1267054271
232, 126705428X
233, 1267054298
234, 1267054301
235, 126705431X
236, 1267054328
237, 1267054336
238, 1267054344
239, 1267054352
240, 1267054360
241, 1267054379
242, 1267054387
243, 1267054395
244, 1267054409
245, 1267054417
246, 1267054425
247, 1267054433
248, 1267054441
249, 126705445X
250, 1267054468
251, 1267054476
252, 1267054484
253, 1267054492
254, 1267054506
255, 1267054514
256, 1267054522
257, 1267054530
258, 1267054549
259, 1267054557
260, 1267054565
261, 1267054573
262, 1267054581
263, 126705459X
264, 1267054603
265, 1267054611
266, 126705462X
267, 1267054638
268, 1267054646
269, 1267054654
270, 1267054662
271, 1267054670
272, 1267054689
273, 1267054697
274, 1267054700
275, 1267054719
276, 1267054727
277, 1267054735
278, 1267054743
279, 1267054751
280, 126705476X
281, 1267054778
282, 1267054794
283, 1267054808
284, 1267054816
285, 1267054824
286, 1267054832
287, 1267054840
288, 1267054859
289, 1267054867
290, 1267054875
291, 1267054883
292, 1267054891
293, 1267054905
294, 1267054913
295, 1267054921
296, 126705493X
297, 1267054948
298, 1267054956
299, 1267054964
300, 1267054972
301, 1267054980
302, 1267054999
303, 1267055006
304, 1267055014
305, 1267055022
306, 1267055030
307, 1267055049
308, 1267055057
309, 1267055065
310, 1267055073
311, 1267055081
312, 126705509X
313, 1267055103
314, 1267055111
315, 126705512X
316, 1267055138
317, 1267055146
318, 1267055154
319, 1267055162
320, 1267055170
321, 1267055189
322, 1267055197
323, 1267055200
324, 1267055219
325, 1267055227
326, 1267055235
327, 1267055243
328, 1267055251
329, 1267055278
330, 1267055286
331, 1267055294
332, 1267055308
333, 1267055316
334, 1267055324
335, 1267055332
336, 1267055340
337, 1267055359
338, 1267055367
339, 1267055375
340, 1267055383
341, 1267055391
342, 1267055405
343, 1267055413
344, 1267055421
345, 1267055448
346, 1267055456
347, 1267055464
348, 1267055472
349, 1267055480
350, 1267055499
351, 1267055502
352, 1267055510
353, 1267055529
354, 1267055537
355, 1267055545
356, 1267055553
357, 1267055561
358, 126705557X
359, 1267055588
360, 1267055596
361, 126705560X
362, 1267055618
363, 1267055626
364, 1267055634
365, 1267055642
366, 1267055650
367, 1267055669
368, 1267055677
369, 1267055685
370, 1267055693
371, 1267055707
372, 1267055715
373, 1267055723
374, 1267055731
375, 126705574X
376, 1267055758
377, 1267055766
378, 1267055774
379, 1267055782
380, 1267055790
381, 1267055804
382, 1267055812
383, 1267055820
384, 1267055839
385, 1267055847
386, 1267055855
387, 1267055863
388, 1267055871
389, 126705588X
390, 1267055898
391, 1267055901
392, 126705591X
393, 1267055928
394, 1267055936
395, 1267055944
396, 1267055952
397, 1267055960
398, 1267055979
399, 1267055987
400, 1267055995
401, 1267056002
402, 1267056010
403, 1267056029
404, 1267056037
405, 1267056045
406, 1267056053
407, 1267056061
408, 126705607X
409, 1267056096
410, 126705610X
411, 1267056118
412, 1267056126
413, 1267056134
414, 1267056142
415, 1267056150
416, 1267056177
417, 1267056185
418, 1267056193
419, 1267056207
420, 1267056215
421, 1267056223
422, 1267056231
423, 126705624X
424, 1267056258
425, 1267056266
426, 1267056274
427, 1267056282
428, 1267056290
429, 1267056304
430, 1267056312
431, 1267056320
432, 1267056339
433, 1267056347
434, 1267056355
435, 1267056363
436, 1267056371
437, 126705638X
438, 1267056398
439, 1267056401
440, 126705641X
441, 1267056428
442, 1267056436
443, 1267056444
444, 1267056452
445, 1267056460
446, 1267056479
447, 1267056495
448, 1267056509
449, 1267056517
450, 1267056525
451, 1267056533
452, 1267056541
453, 126705655X
454, 1267056568
455, 1267056576
456, 1267056584
457, 1267056592
458, 1267056606
459, 1267056614
460, 1267056622
461, 1267056630
462, 1267056649
463, 1267056657
464, 1267056665
465, 1267056673
466, 1267056681
467, 126705669X
468, 1267056703
469, 1267056711
470, 126705672X
471, 1267056746
472, 1267056754
473, 1267056762
474, 1267056770
475, 1267056789
476, 1267056797
477, 1267056800
478, 1267056819
479, 1267056827
480, 1267056835
481, 1267056843
482, 1267056851
483, 126705686X
484, 1267056878
485, 1267056886
486, 1267056894
487, 1267056908
488, 1267056916
489, 1267056924
490, 1267056932
491, 1267056940
492, 1267056959
493, 1267056967
494, 1267056975
495, 1267056983
496, 1267056991
497, 1267057009
498, 1267057017
499, 1267057025
500, 1267057033
501, 1267057041
502, 126705705X
503, 1267057068
504, 1267057076
505, 1267057084
506, 1267057092
507, 1267057106
508, 1267057114
509, 1267057122
510, 1267057149
511, 1267057157
512, 1267057165
513, 1267057173
514, 1267057181
515, 126705719X
516, 1267057203
517, 1267057211
518, 126705722X
519, 1267057238
520, 1267057246
521, 1267057254
522, 1267057262
523, 1267057270
524, 1267057289
525, 1267057297
526, 1267057300
527, 1267057319
528, 1267057327
529, 1267057335
530, 1267057343
531, 1267057351
532, 126705736X
533, 1267057378
534, 1267057386
535, 1267057408
536, 1267057416
537, 1267057424
538, 1267057432
539, 1267057440
540, 1267057459
541, 1267057467
542, 1267057475
543, 1267057483
544, 1267057491
545, 1267057505
546, 1267057513
547, 1267057521
548, 126705753X
549, 1267057548
550, 1267057556
551, 1267057564
552, 1267057572
553, 1267057580
554, 1267057599
555, 1267057602
556, 1267057610
557, 1267057629
558, 1267057637
559, 1267057645
560, 1267057653
561, 1267057661
562, 126705767X
563, 1267057688
564, 1267057696
565, 126705770X
566, 1267057718
567, 1267057726
568, 1267057734
569, 1267057742
570, 1267057750
571, 1267057769
572, 1267057777
573, 1267057785
574, 1267057793
575, 1267057807
576, 1267057815
577, 1267057823
578, 1267057831
579, 126705784X
580, 1267057874
581, 1267057882
582, 1267057890
583, 1267057904
584, 1267057912
585, 1267057920
586, 1267057939
587, 1267057947
588, 1267057955
589, 1267057963
590, 1267057971
591, 126705798X
592, 1267057998
593, 1267058005
594, 1267058013
595, 1267058021
596, 126705803X
597, 1267058048
598, 1267058056
599, 1267058072
600, 1267058080
601, 1267058099
602, 1267058102
603, 1267058110
604, 1267058129
605, 1267058137
606, 1267058145
607, 1267058153
608, 1267058161
609, 126705817X
610, 1267058188
611, 1267058196
612, 126705820X
613, 1267058218
614, 1267058226
615, 1267058234
616, 1267058242
617, 1267058250
618, 1267058269
619, 1267058277
620, 1267058285
621, 1267058293
622, 1267058307
623, 1267058315
624, 1267058323
625, 1267058331
626, 126705834X
627, 1267058358
628, 1267058366
629, 1267058374
630, 1267058382
631, 1267058390
632, 1267058404
633, 1267058412
634, 1267058420
635, 1267058439
636, 1267058447
637, 1267058455
638, 1267058463
639, 1267058471
640, 126705848X
641, 1267058498
642, 1267058501
643, 126705851X
644, 1267058528
645, 1267058544
646, 1267058552
647, 1267058560
648, 1267058579
649, 1267058587
650, 1267058595
651, 1267058609
652, 1267058617
653, 1267058625
654, 1267058633
655, 1267058641
656, 126705865X
657, 1267058668
658, 1267058676
659, 1267058684
660, 1267058692
661, 1267058706
662, 1267058722
663, 1267058730
664, 1267058749
665, 1267058757
666, 1267058765
667, 1267058773
668, 1267058781
669, 126705879X
670, 1267058803
671, 1267058811
672, 126705882X
673, 1267058838
674, 1267058854
675, 1267058862
676, 1267058870
677, 1267058889
678, 1267058897
679, 1267058900
680, 1267058919
681, 1267058927
682, 1267058935
683, 1267058943
684, 1267058951
685, 126705896X
686, 1267058978
687, 1267058986
688, 1267058994
689, 1267059001
690, 126705901X
691, 1267059028
692, 1267059036
693, 1267059044
694, 1267059052
695, 1267059060
696, 1267059079
697, 1267059087
698, 1267059095
699, 1267059109
700, 1267059117
701, 1267059125
702, 1267059133
703, 1267059141
704, 126705915X
705, 1267059168
706, 1267059176
707, 1267059184
708, 1267059192
709, 1267059206
710, 1267059214
711, 1267059222
712, 1267059230
713, 1267059249
714, 1267059257
715, 1267059265
716, 1267059273
717, 1267059281
718, 126705929X
719, 1267059303
720, 1267059311
721, 126705932X
722, 1267059338
723, 1267059346
724, 1267059354
725, 1267059370
726, 1267059389
727, 1267059397
728, 1267059400
729, 1267059419
730, 1267059427
731, 1267059435
732, 1267059443
733, 1267059451
734, 126705946X
735, 1267059478
736, 1267059486
737, 1267059494
738, 1267059508
739, 1267059516
740, 1267059524
741, 1267059532
742, 1267059540
743, 1267059559
744, 1267059567
745, 1267059575
746, 1267059583
747, 1267059591
748, 1267059605
749, 1267059613
750, 1267059621
751, 126705963X
752, 1267059648
753, 1267059656
754, 1267059664
755, 1267059672
756, 1267059680
757, 1267059699
758, 1267059702
759, 1267059710
760, 1267059729
761, 1267059737
762, 1267059745
763, 1267059753
764, 1267059761
765, 126705977X
766, 1267059788
767, 1267059796
768, 126705980X
769, 1267059818
770, 1267059826
771, 1267059834
772, 1267059842
773, 1267059850
774, 1267059869
775, 1267059877
776, 1267059885
777, 1267059893
778, 1267059907
779, 1267059915
780, 1267059923
781, 1267059931
782, 126705994X
783, 1267059958
784, 1267059966
785, 1267059974
786, 1267059982
787, 1267059990
788, 126706000X
789, 1267060018
790, 1267060034
791, 1267060042
792, 1267060050
793, 1267060069
794, 1267060077
795, 1267060085
796, 1267060093
797, 1267060107
798, 1267060115
799, 1267060123
800, 1267060131
801, 126706014X
802, 1267060158
803, 1267060166
804, 1267060174
805, 1267060182
806, 1267060190
807, 1267060204
808, 1267060212
809, 1267060220
810, 1267060239
811, 1267060255
812, 1267060263
813, 1267060271
814, 126706028X
815, 1267060298
816, 1267060301
817, 126706031X
818, 1267060328
819, 1267060336
820, 1267060344
821, 1267060352
822, 1267060360
823, 1267060379
824, 1267060387
825, 1267060395
826, 1267060409
827, 1267060417
828, 1267060425
829, 1267060433
830, 1267060441
831, 126706045X
832, 1267060476
833, 1267060484
834, 1267060492
835, 1267060506
836, 1267060514
837, 1267060522
838, 1267060530
839, 1267060549
840, 1267060557
841, 1267060565
842, 1267060573
843, 1267060581
844, 126706059X
845, 1267060603
846, 1267060611
847, 126706062X
848, 1267060638
849, 1267060646
850, 1267060654
851, 1267060662
852, 1267060670
853, 1267060689
854, 1267060697
855, 1267060700
856, 1267060719
857, 1267060727
858, 1267060735
859, 1267060743
860, 1267060751
861, 126706076X
862, 1267060778
863, 1267060786
864, 1267060794
865, 1267060808
866, 1267060816
867, 1267060824
868, 1267060832
869, 1267060840
870, 1267060859
871, 1267060867
872, 1267060875
873, 1267060883
874, 1267060891
875, 1267060905
876, 1267060913
877, 1267060921
878, 126706093X
879, 1267060948
880, 1267060956
881, 1267060964
882, 1267060972
883, 1267060980
884, 1267060999
885, 1267061006
886, 1267061014
887, 1267061022
888, 1267061030
889, 1267061049
890, 1267061057
891, 1267061065
892, 1267061073
893, 1267061081
894, 1267061103
895, 1267061111
896, 126706112X
897, 1267061138
898, 1267061146
899, 1267061154
900, 1267061162
901, 1267061170
902, 1267061189
903, 1267061197
904, 1267061200
905, 1267061219
906, 1267061227
907, 1267061235
908, 1267061243
909, 1267061251
910, 126706126X
911, 1267061278
912, 1267061286
913, 1267061294
914, 1267061308
915, 1267061316
916, 1267061324
917, 1267061332
918, 1267061340
919, 1267061359
920, 1267061367
921, 1267061375
922, 1267061383
923, 1267061391
924, 1267061405
925, 1267061413
926, 1267061421
927, 126706143X
928, 1267061448
929, 1267061456
930, 1267061464
931, 1267061472
932, 1267061480
933, 1267061499
934, 1267061502
935, 1267061510
936, 1267061529
937, 1267061537
938, 1267061545
939, 1267061553
940, 1267061561
941, 126706157X
942, 1267061588
943, 1267061596
944, 126706160X
945, 1267061618
946, 1267061626
947, 1267061634
948, 1267061642
949, 1267061650
950, 1267061669
951, 1267061677
952, 1267061685
953, 1267061693
954, 1267061707
955, 1267061715
956, 1267061723
957, 126706174X
958, 1267061758
959, 1267061766
960, 1267061774
961, 1267061782
962, 1267061790
963, 1267061804
964, 1267061812
965, 1267061820
966, 1267061847
967, 1267061855
968, 1267061863
969, 1267061871
970, 126706188X
971, 1267061898
972, 1267061901
973, 126706191X
974, 1267061928
975, 1267061936
976, 1267061944
977, 1267061952
978, 1267061960
979, 1267061979
980, 1267061987
981, 1267061995
982, 1267062002
983, 1267062010
984, 1267062029
985, 1267062037
986, 1267062045
987, 1267062053
988, 1267062061
989, 126706207X
990, 1267062088
991, 1267062096
992, 126706210X
993, 1267062118
994, 1267062126
995, 1267062134
996, 1267062142
997, 1267062150
998, 1267062169
999, 1267062177
1000, 1267062185
