1, 1267317353
2, 1267317361
3, 126731737X
4, 1267317388
5, 1267317396
6, 126731740X
7, 1267317418
8, 1267317426
9, 1267317434
10, 1267317442
11, 1267317450
12, 1267317469
13, 1267317477
14, 1267317485
15, 1267317493
16, 1267317507
17, 1267317515
18, 1267317523
19, 1267317531
20, 126731754X
21, 1267317558
22, 1267317566
23, 1267317574
24, 1267317582
25, 1267317590
26, 1267317604
27, 1267317612
28, 1267317620
29, 1267317639
30, 1267317647
31, 1267317655
32, 1267317663
33, 1267317671
34, 126731768X
35, 1267317698
36, 1267317701
37, 126731771X
38, 1267317728
39, 1267317736
40, 1267317744
41, 1267317752
42, 1267317760
43, 1267317779
44, 1267317787
45, 1267317795
46, 1267317809
47, 1267317817
48, 1267317825
49, 1267317833
50, 1267317841
51, 126731785X
52, 1267317868
53, 1267317884
54, 1267317892
55, 1267317906
56, 1267317914
57, 1267317922
58, 1267317930
59, 1267317949
60, 1267317957
61, 1267317965
62, 1267317973
63, 1267317981
64, 126731799X
65, 1267318007
66, 1267318015
67, 1267318023
68, 1267318031
69, 126731804X
70, 1267318058
71, 1267318066
72, 1267318074
73, 1267318082
74, 1267318090
75, 1267318104
76, 1267318120
77, 1267318139
78, 1267318147
79, 1267318155
80, 1267318163
81, 1267318171
82, 126731818X
83, 1267318198
84, 1267318201
85, 126731821X
86, 1267318228
87, 1267318236
88, 1267318244
89, 1267318252
90, 1267318260
91, 1267318279
92, 1267318287
93, 1267318295
94, 1267318309
95, 1267318317
96, 1267318325
97, 1267318333
98, 1267318341
99, 126731835X
100, 1267318368
101, 1267318376
102, 1267318384
103, 1267318392
104, 1267318406
105, 1267318414
106, 1267318422
107, 1267318430
108, 1267318449
109, 1267318465
110, 1267318473
111, 1267318481
112, 126731849X
113, 1267318503
114, 1267318511
115, 126731852X
116, 1267318538
117, 1267318546
118, 1267318554
119, 1267318562
120, 1267318570
121, 1267318589
122, 1267318597
123, 1267318600
124, 1267318619
125, 1267318627
126, 1267318635
127, 1267318643
128, 1267318651
129, 126731866X
130, 1267318678
131, 1267318686
132, 1267318694
133, 1267318708
134, 1267318716
135, 1267318724
136, 1267318732
137, 1267318740
138, 1267318759
139, 1267318767
140, 1267318775
141, 1267318783
142, 1267318791
143, 1267318805
144, 1267318813
145, 1267318821
146, 126731883X
147, 1267318848
148, 1267318856
149, 1267318864
150, 1267318872
151, 1267318880
152, 1267318899
153, 1267318902
154, 1267318910
155, 1267318929
156, 1267318937
157, 1267318945
158, 1267318953
159, 1267318961
160, 126731897X
161, 1267318988
162, 1267318996
163, 1267319003
164, 1267319011
165, 126731902X
166, 1267319038
167, 1267319046
168, 1267319054
169, 1267319062
170, 1267319070
171, 1267319089
172, 1267319097
173, 1267319100
174, 1267319119
175, 1267319127
176, 1267319135
177, 1267319143
178, 1267319151
179, 126731916X
180, 1267319178
181, 1267319186
182, 1267319194
183, 1267319208
184, 1267319216
185, 1267319224
186, 1267319232
187, 1267319240
188, 1267319259
189, 1267319267
190, 1267319275
191, 1267319283
192, 1267319291
193, 1267319305
194, 1267319313
195, 1267319321
196, 126731933X
197, 1267319348
198, 1267319356
199, 1267319364
200, 1267319372
201, 1267319380
202, 1267319402
203, 1267319410
204, 1267319429
205, 1267319437
206, 1267319445
207, 1267319453
208, 1267319461
209, 126731947X
210, 1267319488
211, 1267319496
212, 126731950X
213, 1267319518
214, 1267319526
215, 1267319534
216, 1267319542
217, 1267319550
218, 1267319569
219, 1267319577
220, 1267319585
221, 1267319593
222, 1267319607
223, 1267319615
224, 1267319623
225, 1267319631
226, 126731964X
227, 1267319658
228, 1267319666
229, 1267319674
230, 1267319682
231, 1267319690
232, 1267319704
233, 1267319712
234, 1267319720
235, 1267319739
236, 1267319747
237, 1267319755
238, 1267319763
239, 1267319771
240, 126731978X
241, 1267319798
242, 1267319801
243, 126731981X
244, 1267319828
245, 1267319836
246, 1267319844
247, 1267319852
248, 1267319860
249, 1267319879
250, 1267319887
251, 1267319895
252, 1267319909
253, 1267319917
254, 1267319925
255, 1267319933
256, 126731995X
257, 1267319968
258, 1267319976
259, 1267319984
260, 1267319992
261, 1267320001
262, 126732001X
263, 1267320028
264, 1267320036
265, 1267320044
266, 1267320052
267, 1267320060
268, 1267320079
269, 1267320087
270, 1267320095
271, 1267320109
272, 1267320117
273, 1267320125
274, 1267320133
275, 1267320141
276, 126732015X
277, 1267320168
278, 1267320184
279, 1267320192
280, 1267320206
281, 1267320214
282, 1267320222
283, 1267320230
284, 1267320249
285, 1267320257
286, 1267320265
287, 1267320273
288, 1267320281
289, 126732029X
290, 1267320303
291, 1267320311
292, 126732032X
293, 1267320338
294, 1267320346
295, 1267320362
296, 1267320370
297, 1267320389
298, 1267320397
299, 1267320400
300, 1267320419
301, 1267320427
302, 1267320435
303, 1267320443
304, 1267320451
305, 126732046X
306, 1267320478
307, 1267320486
308, 1267320494
309, 1267320508
310, 1267320516
311, 1267320524
312, 1267320540
313, 1267320559
314, 1267320567
315, 1267320575
316, 1267320583
317, 1267320591
318, 1267320605
319, 1267320613
320, 1267320621
321, 126732063X
322, 1267320648
323, 1267320656
324, 1267320664
325, 1267320672
326, 1267320680
327, 1267320699
328, 1267320702
329, 1267320710
330, 1267320729
331, 1267320737
332, 1267320745
333, 1267320753
334, 1267320761
335, 126732077X
336, 1267320788
337, 1267320796
338, 126732080X
339, 1267320818
340, 1267320826
341, 1267320834
342, 1267320842
343, 1267320850
344, 1267320869
345, 1267320877
346, 1267320885
347, 1267320893
348, 1267320907
349, 1267320915
350, 1267320923
351, 1267320931
352, 126732094X
353, 1267320958
354, 1267320966
355, 1267320974
356, 1267320982
357, 1267320990
358, 1267321008
359, 1267321016
360, 1267321032
361, 1267321040
362, 1267321059
363, 1267321067
364, 1267321075
365, 1267321083
366, 1267321091
367, 1267321105
368, 1267321113
369, 1267321121
370, 126732113X
371, 1267321148
372, 1267321156
373, 1267321164
374, 1267321172
375, 1267321180
376, 1267321199
377, 1267321202
378, 1267321210
379, 1267321229
380, 1267321237
381, 1267321245
382, 1267321253
383, 1267321261
384, 126732127X
385, 1267321288
386, 1267321296
387, 126732130X
388, 1267321318
389, 1267321326
390, 1267321334
391, 1267321342
392, 1267321350
393, 1267321377
394, 1267321385
395, 1267321393
396, 1267321407
397, 1267321415
398, 1267321423
399, 1267321431
400, 126732144X
401, 1267321458
402, 1267321466
403, 1267321474
404, 1267321482
405, 1267321490
406, 1267321504
407, 1267321512
408, 1267321520
409, 1267321539
410, 1267321547
411, 1267321555
412, 1267321563
413, 1267321571
414, 126732158X
415, 1267321598
416, 1267321601
417, 126732161X
418, 1267321628
419, 1267321636
420, 1267321644
421, 1267321652
422, 1267321660
423, 1267321679
424, 1267321687
425, 1267321695
426, 1267321709
427, 1267321717
428, 1267321725
429, 1267321733
430, 1267321741
431, 126732175X
432, 1267321768
433, 1267321776
434, 1267321784
435, 1267321792
436, 1267321806
437, 1267321814
438, 1267321822
439, 1267321830
440, 1267321849
441, 1267321857
442, 1267321865
443, 1267321873
444, 1267321881
445, 126732189X
446, 1267321903
447, 1267321911
448, 126732192X
449, 1267321938
450, 1267321946
451, 1267321954
452, 1267321962
453, 1267321970
454, 1267321989
455, 1267321997
456, 1267322004
457, 1267322012
458, 1267322020
459, 1267322039
460, 1267322047
461, 1267322055
462, 1267322063
463, 1267322071
464, 126732208X
465, 1267322098
466, 1267322101
467, 126732211X
468, 1267322128
469, 1267322136
470, 1267322144
471, 1267322152
472, 1267322160
473, 1267322179
474, 1267322187
475, 1267322195
476, 1267322209
477, 1267322217
478, 1267322225
479, 1267322233
480, 1267322241
481, 126732225X
482, 1267322268
483, 1267322276
484, 1267322284
485, 1267322292
486, 1267322306
487, 1267322314
488, 1267322322
489, 1267322330
490, 1267322349
491, 1267322357
492, 1267322365
493, 1267322373
494, 1267322381
495, 126732239X
496, 1267322403
497, 1267322411
498, 126732242X
499, 1267322438
500, 1267322446
501, 1267322454
502, 1267322462
503, 1267322470
504, 1267322489
505, 1267322497
506, 1267322500
507, 1267322527
508, 1267322535
509, 1267322543
510, 1267322551
511, 126732256X
512, 1267322578
513, 1267322586
514, 1267322594
515, 1267322608
516, 1267322616
517, 1267322624
518, 1267322632
519, 1267322640
520, 1267322659
521, 1267322667
522, 1267322675
523, 1267322683
524, 1267322691
525, 1267322705
526, 1267322713
527, 1267322721
528, 126732273X
529, 1267322748
530, 1267322756
531, 1267322764
532, 1267322772
533, 1267322780
534, 1267322799
535, 1267322802
536, 1267322810
537, 1267322829
538, 1267322837
539, 1267322845
540, 1267322853
541, 1267322861
542, 126732287X
543, 1267322896
544, 126732290X
545, 1267322918
546, 1267322926
547, 1267322934
548, 1267322942
549, 1267322950
550, 1267322969
551, 1267322977
552, 1267322985
553, 1267322993
554, 1267323000
555, 1267323019
556, 1267323027
557, 1267323035
558, 1267323043
559, 1267323051
560, 126732306X
561, 1267323078
562, 1267323086
563, 1267323094
564, 1267323108
565, 1267323116
566, 1267323124
567, 1267323132
568, 1267323140
569, 1267323159
570, 1267323167
571, 1267323175
572, 1267323183
573, 1267323205
574, 1267323213
575, 1267323221
576, 126732323X
577, 1267323248
578, 1267323256
579, 1267323264
580, 1267323272
581, 1267323280
582, 1267323299
583, 1267323302
584, 1267323329
585, 1267323337
586, 1267323345
587, 1267323353
588, 1267323361
589, 126732337X
590, 1267323388
591, 1267323396
592, 126732340X
593, 1267323418
594, 1267323426
595, 1267323442
596, 1267323450
597, 1267323469
598, 1267323477
599, 1267323485
600, 1267323493
601, 1267323507
602, 1267323515
603, 1267323523
604, 1267323531
605, 126732354X
606, 1267323558
607, 1267323566
608, 1267323574
609, 1267323582
610, 1267323590
611, 1267323604
612, 1267323612
613, 1267323620
614, 1267323639
615, 1267323647
616, 1267323655
617, 1267323663
618, 1267323671
619, 126732368X
620, 1267323698
621, 1267323701
622, 126732371X
623, 1267323728
624, 1267323736
625, 1267323744
626, 1267323752
627, 1267323760
628, 1267323779
629, 1267323787
630, 1267323795
631, 1267323809
632, 1267323817
633, 1267323825
634, 1267323833
635, 1267323841
636, 126732385X
637, 1267323868
638, 1267323884
639, 1267323892
640, 1267323906
641, 1267323914
642, 1267323922
643, 1267323930
644, 1267323949
645, 1267323957
646, 1267323965
647, 1267323973
648, 1267323981
649, 126732399X
650, 1267324007
651, 1267324015
652, 1267324023
653, 1267324031
654, 126732404X
655, 1267324058
656, 1267324074
657, 1267324082
658, 1267324090
659, 1267324104
660, 1267324112
661, 1267324120
662, 1267324139
663, 1267324147
664, 1267324155
665, 1267324163
666, 1267324171
667, 126732418X
668, 1267324198
669, 1267324201
670, 126732421X
671, 1267324228
672, 1267324236
673, 1267324244
674, 1267324252
675, 1267324260
676, 1267324279
677, 1267324287
678, 1267324295
679, 1267324309
680, 1267324325
681, 1267324333
682, 1267324341
683, 126732435X
684, 1267324368
685, 1267324376
686, 1267324384
687, 1267324392
688, 1267324406
689, 1267324414
690, 1267324422
691, 1267324430
692, 1267324449
693, 1267324457
694, 1267324465
695, 1267324473
696, 1267324481
697, 126732449X
698, 1267324503
699, 1267324511
700, 126732452X
701, 1267324538
702, 1267324546
703, 1267324554
704, 1267324562
705, 1267324570
706, 1267324589
707, 1267324597
708, 1267324600
709, 1267324619
710, 1267324627
711, 1267324635
712, 1267324643
713, 1267324651
714, 126732466X
715, 1267324678
716, 1267324686
717, 1267324694
718, 1267324708
719, 1267324716
720, 1267324724
721, 1267324732
722, 1267324740
723, 1267324759
724, 1267324767
725, 1267324775
726, 1267324783
727, 1267324791
728, 1267324805
729, 1267324813
730, 1267324821
731, 126732483X
732, 1267324848
733, 1267324856
734, 1267324864
735, 1267324872
736, 1267324880
737, 1267324899
738, 1267324902
739, 1267324910
740, 1267324929
741, 1267324937
742, 1267324945
743, 1267324953
744, 1267324961
745, 126732497X
746, 1267324988
747, 1267324996
748, 1267325003
749, 1267325011
750, 126732502X
751, 1267325038
752, 1267325046
753, 1267325054
754, 1267325062
755, 1267325070
756, 1267325089
757, 1267325097
758, 1267325100
759, 1267325119
760, 1267325127
761, 1267325135
762, 1267325143
763, 1267325151
764, 126732516X
765, 1267325178
766, 1267325186
767, 1267325208
768, 1267325216
769, 1267325224
770, 1267325232
771, 1267325240
772, 1267325259
773, 1267325267
774, 1267325275
775, 1267325283
776, 1267325291
777, 1267325305
778, 1267325313
779, 1267325321
780, 126732533X
781, 1267325348
782, 1267325356
783, 1267325364
784, 1267325372
785, 1267325380
786, 1267325399
787, 1267325402
788, 1267325410
789, 1267325429
790, 1267325445
791, 1267325453
792, 1267325461
793, 126732547X
794, 1267325488
795, 1267325496
796, 126732550X
797, 1267325518
798, 1267325526
799, 1267325534
800, 1267325542
801, 1267325550
802, 1267325569
803, 1267325577
804, 1267325585
805, 1267325593
806, 1267325607
807, 1267325615
808, 1267325623
809, 1267325631
810, 126732564X
811, 1267325658
812, 1267325666
813, 1267325674
814, 1267325682
815, 1267325690
816, 1267325704
817, 1267325712
818, 1267325720
819, 1267325739
820, 1267325747
821, 1267325755
822, 1267325763
823, 1267325771
824, 126732578X
825, 1267325798
826, 1267325801
827, 126732581X
828, 1267325828
829, 1267325836
830, 1267325844
831, 1267325852
832, 1267325860
833, 1267325879
834, 1267325887
835, 1267325895
836, 1267325909
837, 1267325917
838, 1267325925
839, 1267325941
840, 126732595X
841, 1267325968
842, 1267325976
843, 1267325984
844, 1267325992
845, 126732600X
846, 1267326018
847, 1267326026
848, 1267326034
849, 1267326042
850, 1267326050
851, 1267326069
852, 1267326077
853, 1267326085
854, 1267326093
855, 1267326107
856, 1267326115
857, 1267326123
858, 1267326131
859, 126732614X
860, 1267326158
861, 1267326166
862, 1267326174
863, 1267326182
864, 1267326190
865, 1267326204
866, 1267326212
867, 1267326220
868, 1267326239
869, 1267326247
870, 1267326255
871, 1267326263
872, 1267326271
873, 126732628X
874, 1267326298
875, 1267326301
876, 126732631X
877, 1267326328
878, 1267326336
879, 1267326344
880, 1267326352
881, 1267326360
882, 1267326379
883, 1267326387
884, 1267326395
885, 1267326409
886, 1267326417
887, 1267326425
888, 1267326433
889, 1267326441
890, 126732645X
891, 1267326468
892, 1267326476
893, 1267326484
894, 1267326492
895, 1267326506
896, 1267326514
897, 1267326522
898, 1267326530
899, 1267326549
900, 1267326557
901, 1267326565
902, 1267326573
903, 1267326581
904, 126732659X
905, 1267326603
906, 1267326611
907, 126732662X
908, 1267326638
909, 1267326646
910, 1267326654
911, 1267326662
912, 1267326670
913, 1267326689
914, 1267326697
915, 1267326700
916, 1267326719
917, 1267326727
918, 1267326735
919, 1267326743
920, 1267326751
921, 1267326778
922, 1267326786
923, 1267326794
924, 1267326808
925, 1267326816
926, 1267326824
927, 1267326832
928, 1267326840
929, 1267326859
930, 1267326867
931, 1267326875
932, 1267326883
933, 1267326891
934, 1267326905
935, 1267326913
936, 1267326921
937, 126732693X
938, 1267326948
939, 1267326964
940, 1267326972
941, 1267326980
942, 1267326999
943, 1267327006
944, 1267327014
945, 1267327022
946, 1267327030
947, 1267327049
948, 1267327057
949, 1267327065
950, 1267327073
951, 1267327081
952, 126732709X
953, 1267327103
954, 1267327111
955, 126732712X
956, 1267327138
957, 1267327146
958, 1267327154
959, 1267327162
960, 1267327170
961, 1267327189
962, 1267327200
963, 1267327219
964, 1267327227
965, 1267327235
966, 1267327243
967, 1267327251
968, 126732726X
969, 1267327278
970, 1267327286
971, 1267327294
972, 1267327308
973, 1267327316
974, 1267327324
975, 1267327332
976, 1267327340
977, 1267327359
978, 1267327367
979, 1267327375
980, 1267327383
981, 1267327391
982, 1267327405
983, 1267327413
984, 1267327421
985, 126732743X
986, 1267327448
987, 1267327456
988, 1267327464
989, 1267327472
990, 1267327480
991, 1267327499
992, 1267327502
993, 1267327510
994, 1267327529
995, 1267327537
996, 1267327545
997, 1267327553
998, 1267327561
999, 126732757X
1000, 1267327588
