1, 1267062363
2, 1267062371
3, 126706238X
4, 1267062398
5, 1267062401
6, 126706241X
7, 1267062428
8, 1267062436
9, 1267062444
10, 1267062452
11, 1267062460
12, 1267062479
13, 1267062487
14, 1267062495
15, 1267062509
16, 1267062517
17, 1267062525
18, 1267062533
19, 1267062541
20, 126706255X
21, 1267062568
22, 1267062576
23, 1267062584
24, 1267062592
25, 1267062606
26, 1267062614
27, 1267062622
28, 1267062630
29, 1267062649
30, 1267062657
31, 1267062665
32, 1267062673
33, 126706269X
34, 1267062703
35, 1267062711
36, 126706272X
37, 1267062738
38, 1267062746
39, 1267062754
40, 1267062762
41, 1267062770
42, 1267062789
43, 1267062797
44, 1267062800
45, 1267062819
46, 1267062827
47, 1267062835
48, 1267062843
49, 1267062851
50, 126706286X
51, 1267062878
52, 1267062886
53, 1267062894
54, 1267062908
55, 1267062916
56, 1267062924
57, 1267062932
58, 1267062940
59, 1267062959
60, 1267062967
61, 1267062975
62, 1267062983
63, 1267062991
64, 1267063009
65, 1267063017
66, 1267063025
67, 1267063033
68, 1267063041
69, 126706305X
70, 1267063068
71, 1267063076
72, 1267063084
73, 1267063092
74, 1267063106
75, 1267063114
76, 1267063122
77, 1267063130
78, 1267063149
79, 1267063157
80, 1267063165
81, 1267063173
82, 1267063181
83, 126706319X
84, 1267063203
85, 1267063211
86, 126706322X
87, 1267063238
88, 1267063246
89, 1267063254
90, 1267063262
91, 1267063270
92, 1267063289
93, 1267063297
94, 1267063300
95, 1267063319
96, 1267063327
97, 1267063335
98, 1267063343
99, 1267063351
100, 126706336X
101, 1267063378
102, 1267063386
103, 1267063394
104, 1267063408
105, 1267063416
106, 1267063424
107, 1267063432
108, 1267063440
109, 1267063459
110, 1267063467
111, 1267063475
112, 1267063483
113, 1267063491
114, 1267063505
115, 1267063513
116, 126706353X
117, 1267063548
118, 1267063556
119, 1267063564
120, 1267063572
121, 1267063580
122, 1267063599
123, 1267063602
124, 1267063610
125, 1267063629
126, 1267063637
127, 1267063645
128, 1267063653
129, 1267063661
130, 126706367X
131, 1267063688
132, 1267063696
133, 126706370X
134, 1267063718
135, 1267063726
136, 1267063734
137, 1267063742
138, 1267063750
139, 1267063769
140, 1267063777
141, 1267063785
142, 1267063793
143, 1267063807
144, 1267063815
145, 1267063823
146, 1267063831
147, 126706384X
148, 1267063858
149, 1267063866
150, 1267063874
151, 1267063882
152, 1267063890
153, 1267063904
154, 1267063912
155, 1267063920
156, 1267063939
157, 1267063947
158, 1267063955
159, 1267063963
160, 1267063971
161, 126706398X
162, 1267063998
163, 1267064005
164, 1267064013
165, 1267064021
166, 126706403X
167, 1267064048
168, 1267064056
169, 1267064064
170, 1267064072
171, 1267064080
172, 1267064099
173, 1267064102
174, 1267064110
175, 1267064129
176, 1267064145
177, 1267064153
178, 1267064161
179, 126706417X
180, 1267064188
181, 126706420X
182, 1267064218
183, 1267064226
184, 1267064234
185, 1267064242
186, 1267064250
187, 1267064269
188, 1267064277
189, 1267064285
190, 1267064293
191, 1267064307
192, 1267064315
193, 1267064323
194, 1267064331
195, 126706434X
196, 1267064358
197, 1267064366
198, 1267064374
199, 1267064382
200, 1267064390
201, 1267064404
202, 1267064412
203, 1267064420
204, 1267064439
205, 1267064447
206, 1267064455
207, 1267064463
208, 1267064471
209, 126706448X
210, 1267064498
211, 1267064501
212, 126706451X
213, 1267064528
214, 1267064536
215, 1267064544
216, 1267064552
217, 1267064560
218, 1267064579
219, 1267064595
220, 1267064609
221, 1267064617
222, 1267064625
223, 1267064633
224, 1267064641
225, 126706465X
226, 1267064668
227, 1267064676
228, 1267064684
229, 1267064692
230, 1267064706
231, 1267064714
232, 1267064722
233, 1267064749
234, 1267064757
235, 1267064765
236, 1267064773
237, 126706479X
238, 1267064803
239, 1267064811
240, 126706482X
241, 1267064838
242, 1267064846
243, 1267064854
244, 1267064862
245, 1267064870
246, 1267064889
247, 1267064897
248, 1267064900
249, 1267064919
250, 1267064927
251, 1267064935
252, 1267064943
253, 1267064951
254, 126706496X
255, 1267064978
256, 1267064986
257, 1267064994
258, 1267065001
259, 126706501X
260, 1267065028
261, 1267065036
262, 1267065044
263, 1267065052
264, 1267065060
265, 1267065079
266, 1267065087
267, 1267065095
268, 1267065109
269, 1267065117
270, 1267065125
271, 1267065133
272, 1267065141
273, 126706515X
274, 1267065168
275, 1267065176
276, 1267065184
277, 1267065192
278, 1267065206
279, 1267065214
280, 1267065222
281, 1267065230
282, 1267065249
283, 1267065257
284, 1267065265
285, 1267065273
286, 1267065281
287, 126706529X
288, 1267065303
289, 1267065311
290, 126706532X
291, 1267065338
292, 1267065346
293, 1267065354
294, 1267065362
295, 1267065370
296, 1267065389
297, 1267065397
298, 1267065419
299, 1267065427
300, 1267065435
301, 1267065443
302, 1267065451
303, 126706546X
304, 1267065478
305, 1267065486
306, 1267065494
307, 1267065508
308, 1267065516
309, 1267065524
310, 1267065532
311, 1267065540
312, 1267065559
313, 1267065567
314, 1267065575
315, 1267065583
316, 1267065591
317, 1267065605
318, 1267065613
319, 1267065621
320, 126706563X
321, 1267065648
322, 1267065656
323, 1267065664
324, 1267065672
325, 1267065680
326, 1267065699
327, 1267065702
328, 1267065710
329, 1267065729
330, 1267065737
331, 1267065745
332, 1267065753
333, 1267065761
334, 126706577X
335, 1267065788
336, 1267065796
337, 126706580X
338, 1267065818
339, 1267065826
340, 1267065834
341, 1267065842
342, 1267065850
343, 1267065869
344, 1267065877
345, 1267065885
346, 1267065893
347, 1267065907
348, 1267065915
349, 1267065923
350, 1267065931
351, 126706594X
352, 1267065958
353, 1267065966
354, 1267065974
355, 1267065982
356, 1267065990
357, 1267066008
358, 1267066024
359, 1267066032
360, 1267066040
361, 1267066059
362, 1267066067
363, 1267066075
364, 1267066083
365, 1267066091
366, 1267066105
367, 1267066113
368, 1267066121
369, 126706613X
370, 1267066148
371, 1267066156
372, 1267066164
373, 1267066172
374, 1267066180
375, 1267066199
376, 1267066202
377, 1267066210
378, 1267066229
379, 1267066237
380, 1267066245
381, 1267066253
382, 1267066261
383, 126706627X
384, 1267066288
385, 1267066296
386, 126706630X
387, 1267066318
388, 1267066326
389, 1267066334
390, 1267066342
391, 1267066350
392, 1267066369
393, 1267066377
394, 1267066385
395, 1267066393
396, 1267066407
397, 1267066423
398, 1267066431
399, 126706644X
400, 1267066458
401, 1267066466
402, 1267066474
403, 1267066482
404, 1267066490
405, 1267066504
406, 1267066512
407, 1267066520
408, 1267066539
409, 1267066547
410, 1267066555
411, 1267066563
412, 1267066571
413, 126706658X
414, 1267066598
415, 1267066601
416, 126706661X
417, 1267066628
418, 1267066636
419, 1267066644
420, 1267066652
421, 1267066660
422, 1267066679
423, 1267066687
424, 1267066695
425, 1267066709
426, 1267066717
427, 1267066725
428, 1267066733
429, 1267066741
430, 126706675X
431, 1267066768
432, 1267066776
433, 1267066784
434, 1267066792
435, 1267066814
436, 1267066822
437, 1267066830
438, 1267066849
439, 1267066857
440, 1267066865
441, 1267066873
442, 1267066881
443, 126706689X
444, 1267066903
445, 1267066911
446, 126706692X
447, 1267066938
448, 1267066946
449, 1267066954
450, 1267066962
451, 1267066970
452, 1267066989
453, 1267066997
454, 1267067004
455, 1267067012
456, 1267067020
457, 1267067047
458, 1267067055
459, 1267067063
460, 1267067071
461, 126706708X
462, 1267067098
463, 1267067101
464, 126706711X
465, 1267067128
466, 1267067136
467, 1267067144
468, 1267067152
469, 1267067160
470, 1267067179
471, 1267067187
472, 1267067195
473, 1267067209
474, 1267067217
475, 1267067225
476, 1267067233
477, 1267067241
478, 126706725X
479, 1267067268
480, 1267067276
481, 1267067284
482, 1267067292
483, 1267067306
484, 1267067314
485, 1267067322
486, 1267067330
487, 1267067349
488, 1267067357
489, 1267067365
490, 1267067373
491, 1267067381
492, 126706739X
493, 1267067403
494, 1267067411
495, 126706742X
496, 1267067438
497, 1267067446
498, 1267067454
499, 1267067462
500, 1267067470
501, 1267067489
502, 1267067497
503, 1267067500
504, 1267067519
505, 1267067527
506, 1267067535
507, 1267067543
508, 1267067551
509, 126706756X
510, 1267067578
511, 1267067586
512, 1267067594
513, 1267067608
514, 1267067616
515, 1267067624
516, 1267067632
517, 1267067659
518, 1267067667
519, 1267067675
520, 1267067683
521, 1267067691
522, 1267067705
523, 1267067713
524, 1267067721
525, 126706773X
526, 1267067748
527, 1267067756
528, 1267067764
529, 1267067772
530, 1267067780
531, 1267067799
532, 1267067802
533, 1267067810
534, 1267067829
535, 1267067845
536, 1267067853
537, 1267067861
538, 126706787X
539, 1267067888
540, 1267067896
541, 126706790X
542, 1267067918
543, 1267067926
544, 1267067934
545, 1267067942
546, 1267067950
547, 1267067969
548, 1267067977
549, 1267067985
550, 1267067993
551, 1267068000
552, 1267068019
553, 1267068027
554, 1267068035
555, 1267068043
556, 1267068051
557, 126706806X
558, 1267068078
559, 1267068086
560, 1267068094
561, 1267068108
562, 1267068116
563, 1267068124
564, 1267068132
565, 1267068140
566, 1267068159
567, 1267068167
568, 1267068175
569, 1267068183
570, 1267068191
571, 1267068205
572, 1267068213
573, 1267068221
574, 126706823X
575, 1267068248
576, 1267068256
577, 1267068264
578, 1267068280
579, 1267068299
580, 1267068302
581, 1267068310
582, 1267068329
583, 1267068337
584, 1267068345
585, 1267068353
586, 126706837X
587, 1267068388
588, 1267068396
589, 126706840X
590, 1267068418
591, 1267068426
592, 1267068434
593, 1267068442
594, 1267068450
595, 1267068469
596, 1267068477
597, 1267068485
598, 1267068493
599, 1267068507
600, 1267068515
601, 1267068523
602, 1267068531
603, 126706854X
604, 1267068558
605, 1267068566
606, 1267068574
607, 1267068582
608, 1267068590
609, 1267068604
610, 1267068612
611, 1267068620
612, 1267068639
613, 1267068647
614, 1267068655
615, 1267068663
616, 1267068671
617, 126706868X
618, 1267068698
619, 1267068701
620, 126706871X
621, 1267068728
622, 1267068736
623, 1267068744
624, 1267068752
625, 1267068760
626, 1267068779
627, 1267068787
628, 1267068795
629, 1267068809
630, 1267068817
631, 1267068825
632, 1267068833
633, 1267068841
634, 126706885X
635, 1267068868
636, 1267068876
637, 1267068884
638, 1267068906
639, 1267068914
640, 1267068922
641, 1267068930
642, 1267068949
643, 1267068957
644, 1267068965
645, 1267068973
646, 1267068981
647, 126706899X
648, 1267069007
649, 1267069015
650, 1267069023
651, 1267069031
652, 126706904X
653, 1267069058
654, 1267069066
655, 1267069074
656, 1267069082
657, 1267069090
658, 1267069104
659, 1267069112
660, 1267069120
661, 1267069139
662, 1267069147
663, 1267069155
664, 1267069163
665, 1267069171
666, 126706918X
667, 1267069198
668, 1267069201
669, 126706921X
670, 1267069228
671, 1267069236
672, 1267069244
673, 1267069252
674, 1267069260
675, 1267069279
676, 1267069287
677, 1267069295
678, 1267069309
679, 1267069317
680, 1267069325
681, 1267069333
682, 1267069341
683, 126706935X
684, 1267069368
685, 1267069376
686, 1267069384
687, 1267069392
688, 1267069406
689, 1267069414
690, 1267069422
691, 1267069430
692, 1267069449
693, 1267069457
694, 1267069465
695, 1267069473
696, 1267069481
697, 1267069503
698, 1267069511
699, 126706952X
700, 1267069538
701, 1267069546
702, 1267069554
703, 1267069562
704, 1267069570
705, 1267069589
706, 1267069597
707, 1267069600
708, 1267069619
709, 1267069627
710, 1267069635
711, 1267069643
712, 1267069651
713, 126706966X
714, 1267069678
715, 1267069686
716, 1267069694
717, 1267069708
718, 1267069716
719, 1267069724
720, 1267069732
721, 1267069740
722, 1267069759
723, 1267069767
724, 1267069775
725, 1267069783
726, 1267069791
727, 1267069805
728, 1267069813
729, 1267069821
730, 126706983X
731, 1267069848
732, 1267069856
733, 1267069864
734, 1267069872
735, 1267069880
736, 1267069899
737, 1267069910
738, 1267069929
739, 1267069937
740, 1267069945
741, 1267069953
742, 1267069961
743, 126706997X
744, 1267069988
745, 1267069996
746, 1267070005
747, 1267070013
748, 1267070021
749, 126707003X
750, 1267070048
751, 1267070056
752, 1267070064
753, 1267070072
754, 1267070080
755, 1267070099
756, 1267070102
757, 1267070110
758, 1267070129
759, 1267070137
760, 1267070145
761, 1267070153
762, 1267070161
763, 126707017X
764, 1267070188
765, 1267070196
766, 126707020X
767, 1267070218
768, 1267070226
769, 1267070234
770, 1267070242
771, 1267070250
772, 1267070269
773, 1267070277
774, 1267070285
775, 1267070293
776, 1267070307
777, 1267070315
778, 1267070323
779, 126707034X
780, 1267070358
781, 1267070366
782, 1267070374
783, 1267070382
784, 1267070390
785, 1267070404
786, 1267070412
787, 1267070420
788, 1267070439
789, 1267070447
790, 1267070455
791, 1267070463
792, 1267070471
793, 126707048X
794, 1267070498
795, 1267070501
796, 126707051X
797, 1267070528
798, 1267070536
799, 1267070544
800, 1267070552
801, 1267070560
802, 1267070587
803, 1267070595
804, 1267070609
805, 1267070617
806, 1267070625
807, 1267070633
808, 1267070641
809, 126707065X
810, 1267070668
811, 1267070676
812, 1267070684
813, 1267070692
814, 1267070706
815, 1267070714
816, 1267070722
817, 1267070730
818, 1267070749
819, 1267070757
820, 1267070765
821, 1267070773
822, 1267070781
823, 126707079X
824, 1267070803
825, 1267070811
826, 126707082X
827, 1267070838
828, 1267070846
829, 1267070854
830, 1267070862
831, 1267070870
832, 1267070889
833, 1267070897
834, 1267070900
835, 1267070919
836, 1267070927
837, 1267070935
838, 1267070943
839, 126707096X
840, 1267070978
841, 1267070986
842, 1267070994
843, 1267071001
844, 126707101X
845, 1267071028
846, 1267071036
847, 1267071044
848, 1267071052
849, 1267071060
850, 1267071079
851, 1267071087
852, 1267071095
853, 1267071109
854, 1267071117
855, 1267071125
856, 1267071133
857, 1267071141
858, 126707115X
859, 1267071168
860, 1267071176
861, 1267071184
862, 1267071192
863, 1267071206
864, 1267071214
865, 1267071222
866, 1267071230
867, 1267071249
868, 1267071257
869, 1267071265
870, 1267071273
871, 1267071281
872, 126707129X
873, 1267071303
874, 1267071311
875, 126707132X
876, 1267071338
877, 1267071346
878, 1267071354
879, 1267071362
880, 1267071370
881, 1267071389
882, 1267071397
883, 1267071400
884, 1267071419
885, 1267071427
886, 1267071435
887, 1267071443
888, 1267071451
889, 126707146X
890, 1267071478
891, 1267071486
892, 1267071494
893, 1267071508
894, 1267071516
895, 1267071524
896, 1267071532
897, 1267071540
898, 1267071559
899, 1267071575
900, 1267071583
901, 1267071591
902, 1267071605
903, 1267071613
904, 1267071621
905, 126707163X
906, 1267071648
907, 1267071656
908, 1267071664
909, 1267071672
910, 1267071680
911, 1267071699
912, 1267071702
913, 1267071710
914, 1267071729
915, 1267071737
916, 1267071745
917, 1267071753
918, 1267071761
919, 126707177X
920, 1267071788
921, 1267071796
922, 126707180X
923, 1267071818
924, 1267071826
925, 1267071834
926, 1267071842
927, 1267071850
928, 1267071869
929, 1267071877
930, 1267071885
931, 1267071893
932, 1267071907
933, 1267071915
934, 1267071923
935, 1267071931
936, 126707194X
937, 1267071958
938, 1267071966
939, 1267071974
940, 1267071982
941, 1267071990
942, 1267072008
943, 1267072016
944, 1267072032
945, 1267072040
946, 1267072059
947, 1267072067
948, 1267072075
949, 1267072083
950, 1267072091
951, 1267072105
952, 1267072113
953, 1267072121
954, 126707213X
955, 1267072148
956, 1267072156
957, 1267072164
958, 1267072172
959, 1267072199
960, 1267072202
961, 1267072210
962, 1267072229
963, 1267072237
964, 1267072245
965, 1267072253
966, 1267072261
967, 126707227X
968, 1267072288
969, 1267072296
970, 126707230X
971, 1267072318
972, 1267072326
973, 1267072334
974, 1267072342
975, 1267072350
976, 1267072369
977, 1267072377
978, 1267072385
979, 1267072393
980, 1267072407
981, 1267072415
982, 1267072423
983, 1267072431
984, 126707244X
985, 1267072458
986, 1267072466
987, 1267072474
988, 1267072482
989, 1267072490
990, 1267072504
991, 1267072512
992, 1267072520
993, 1267072539
994, 1267072547
995, 1267072555
996, 1267072563
997, 1267072571
998, 126707258X
999, 1267072598
1000, 1267072601
