1, 1267340444
2, 1267340452
3, 1267340460
4, 1267340479
5, 1267340495
6, 1267340509
7, 1267340517
8, 1267340525
9, 1267340533
10, 1267340541
11, 126734055X
12, 1267340568
13, 1267340584
14, 1267340592
15, 1267340606
16, 1267340614
17, 1267340622
18, 1267340630
19, 1267340649
20, 1267340657
21, 1267340665
22, 1267340673
23, 1267340681
24, 126734069X
25, 1267340703
26, 1267340711
27, 126734072X
28, 1267340738
29, 1267340746
30, 1267340754
31, 1267340762
32, 1267340770
33, 1267340789
34, 1267340797
35, 1267340800
36, 1267340819
37, 1267340827
38, 1267340835
39, 1267340843
40, 1267340851
41, 126734086X
42, 1267340878
43, 1267340886
44, 1267340894
45, 1267340908
46, 1267340916
47, 1267340924
48, 1267340932
49, 1267340940
50, 1267340959
51, 1267340967
52, 1267340975
53, 1267340983
54, 1267340991
55, 1267341009
56, 1267341017
57, 1267341025
58, 1267341033
59, 1267341041
60, 126734105X
61, 1267341068
62, 1267341076
63, 1267341084
64, 1267341092
65, 1267341114
66, 1267341122
67, 1267341130
68, 1267341149
69, 1267341157
70, 1267341165
71, 1267341173
72, 1267341181
73, 126734119X
74, 1267341203
75, 1267341211
76, 126734122X
77, 1267341238
78, 1267341246
79, 1267341254
80, 1267341262
81, 1267341270
82, 1267341289
83, 1267341300
84, 1267341319
85, 1267341327
86, 1267341335
87, 1267341343
88, 1267341351
89, 126734136X
90, 1267341378
91, 1267341386
92, 1267341394
93, 1267341408
94, 1267341416
95, 1267341424
96, 1267341432
97, 1267341440
98, 1267341459
99, 1267341467
100, 1267341475
101, 1267341483
102, 1267341491
103, 1267341505
104, 1267341513
105, 1267341521
106, 126734153X
107, 1267341548
108, 1267341556
109, 1267341564
110, 1267341572
111, 1267341580
112, 1267341599
113, 1267341602
114, 1267341610
115, 1267341629
116, 1267341637
117, 1267341645
118, 1267341653
119, 1267341661
120, 126734167X
121, 1267341688
122, 1267341696
123, 126734170X
124, 1267341718
125, 1267341726
126, 1267341734
127, 1267341742
128, 1267341750
129, 1267341769
130, 1267341777
131, 1267341785
132, 1267341793
133, 1267341807
134, 1267341815
135, 1267341831
136, 126734184X
137, 1267341858
138, 1267341866
139, 1267341874
140, 1267341882
141, 1267341890
142, 1267341904
143, 1267341912
144, 1267341920
145, 1267341939
146, 1267341947
147, 1267341955
148, 1267341963
149, 1267341971
150, 126734198X
151, 1267341998
152, 1267342005
153, 1267342013
154, 1267342021
155, 126734203X
156, 1267342048
157, 1267342056
158, 1267342064
159, 1267342072
160, 1267342099
161, 1267342102
162, 1267342110
163, 1267342129
164, 1267342137
165, 1267342145
166, 1267342153
167, 1267342161
168, 1267342188
169, 1267342196
170, 126734220X
171, 1267342218
172, 1267342226
173, 1267342234
174, 1267342242
175, 1267342250
176, 1267342269
177, 1267342277
178, 1267342285
179, 1267342293
180, 1267342307
181, 1267342315
182, 1267342323
183, 1267342331
184, 126734234X
185, 1267342358
186, 1267342366
187, 1267342374
188, 1267342382
189, 1267342404
190, 1267342412
191, 1267342420
192, 1267342447
193, 1267342455
194, 1267342463
195, 1267342471
196, 126734248X
197, 1267342498
198, 1267342501
199, 126734251X
200, 1267342528
201, 1267342536
202, 1267342544
203, 1267342552
204, 1267342560
205, 1267342579
206, 1267342587
207, 1267342595
208, 1267342609
209, 1267342617
210, 1267342625
211, 1267342633
212, 1267342641
213, 126734265X
214, 1267342668
215, 1267342676
216, 1267342684
217, 1267342692
218, 1267342706
219, 1267342714
220, 1267342722
221, 1267342730
222, 1267342749
223, 1267342757
224, 1267342765
225, 1267342773
226, 1267342781
227, 126734279X
228, 1267342803
229, 1267342811
230, 126734282X
231, 1267342838
232, 1267342846
233, 1267342854
234, 1267342862
235, 1267342870
236, 1267342889
237, 1267342897
238, 1267342900
239, 1267342919
240, 1267342927
241, 1267342935
242, 1267342943
243, 1267342951
244, 126734296X
245, 1267342978
246, 1267342994
247, 1267343001
248, 126734301X
249, 1267343028
250, 1267343036
251, 1267343044
252, 1267343052
253, 1267343060
254, 1267343079
255, 1267343087
256, 1267343095
257, 1267343109
258, 1267343117
259, 1267343125
260, 1267343133
261, 1267343141
262, 126734315X
263, 1267343168
264, 1267343176
265, 1267343184
266, 1267343206
267, 1267343214
268, 1267343222
269, 1267343230
270, 1267343249
271, 1267343257
272, 1267343265
273, 1267343273
274, 1267343281
275, 126734329X
276, 1267343303
277, 1267343311
278, 126734332X
279, 1267343338
280, 1267343346
281, 1267343354
282, 1267343362
283, 1267343370
284, 1267343389
285, 1267343397
286, 1267343400
287, 1267343419
288, 1267343427
289, 1267343435
290, 1267343443
291, 1267343451
292, 126734346X
293, 1267343478
294, 1267343486
295, 1267343494
296, 1267343508
297, 1267343516
298, 1267343524
299, 1267343532
300, 1267343540
301, 1267343559
302, 1267343567
303, 1267343575
304, 1267343583
305, 1267343591
306, 1267343605
307, 1267343613
308, 1267343621
309, 126734363X
310, 1267343648
311, 1267343656
312, 1267343664
313, 1267343672
314, 1267343680
315, 1267343699
316, 1267343702
317, 1267343710
318, 1267343729
319, 1267343737
320, 1267343745
321, 1267343753
322, 1267343761
323, 126734377X
324, 1267343788
325, 126734380X
326, 1267343818
327, 1267343826
328, 1267343834
329, 1267343842
330, 1267343850
331, 1267343869
332, 1267343877
333, 1267343885
334, 1267343893
335, 1267343907
336, 1267343915
337, 1267343923
338, 1267343931
339, 126734394X
340, 1267343958
341, 1267343966
342, 1267343974
343, 1267343990
344, 1267344008
345, 1267344016
346, 1267344024
347, 1267344032
348, 1267344040
349, 1267344059
350, 1267344075
351, 1267344083
352, 1267344091
353, 1267344105
354, 1267344113
355, 1267344121
356, 126734413X
357, 1267344148
358, 1267344156
359, 1267344164
360, 1267344172
361, 1267344180
362, 1267344199
363, 1267344202
364, 1267344210
365, 1267344229
366, 1267344237
367, 1267344245
368, 1267344253
369, 1267344261
370, 126734427X
371, 1267344288
372, 1267344296
373, 1267344318
374, 1267344326
375, 1267344334
376, 1267344342
377, 1267344350
378, 1267344369
379, 1267344377
380, 1267344385
381, 1267344393
382, 1267344407
383, 1267344415
384, 1267344423
385, 1267344431
386, 126734444X
387, 1267344458
388, 1267344466
389, 1267344474
390, 1267344482
391, 1267344490
392, 1267344504
393, 1267344512
394, 1267344520
395, 1267344539
396, 1267344547
397, 1267344555
398, 1267344563
399, 1267344571
400, 126734458X
401, 1267344598
402, 126734461X
403, 1267344628
404, 1267344636
405, 1267344644
406, 1267344652
407, 1267344660
408, 1267344679
409, 1267344687
410, 1267344709
411, 1267344717
412, 1267344725
413, 1267344733
414, 1267344741
415, 126734475X
416, 1267344768
417, 1267344776
418, 1267344784
419, 1267344792
420, 1267344806
421, 1267344814
422, 1267344822
423, 1267344830
424, 1267344849
425, 1267344857
426, 1267344865
427, 1267344873
428, 1267344881
429, 126734489X
430, 1267344903
431, 1267344911
432, 126734492X
433, 1267344938
434, 1267344946
435, 1267344954
436, 1267344962
437, 1267344970
438, 1267344989
439, 1267344997
440, 1267345004
441, 1267345012
442, 1267345020
443, 1267345039
444, 1267345047
445, 1267345055
446, 1267345063
447, 1267345071
448, 126734508X
449, 1267345098
450, 1267345101
451, 126734511X
452, 1267345128
453, 1267345136
454, 1267345144
455, 1267345152
456, 1267345160
457, 1267345179
458, 1267345187
459, 1267345195
460, 1267345209
461, 1267345217
462, 1267345225
463, 1267345233
464, 1267345241
465, 126734525X
466, 1267345268
467, 1267345276
468, 1267345284
469, 1267345292
470, 1267345306
471, 1267345314
472, 1267345322
473, 1267345330
474, 1267345349
475, 1267345357
476, 1267345365
477, 1267345381
478, 126734539X
479, 1267345403
480, 1267345411
481, 126734542X
482, 1267345438
483, 1267345446
484, 1267345454
485, 1267345462
486, 1267345489
487, 1267345497
488, 1267345500
489, 1267345519
490, 1267345527
491, 1267345535
492, 1267345543
493, 1267345551
494, 126734556X
495, 1267345578
496, 1267345586
497, 1267345594
498, 1267345608
499, 1267345616
500, 1267345632
501, 1267345640
502, 1267345659
503, 1267345667
504, 1267345675
505, 1267345683
506, 1267345691
507, 1267345705
508, 1267345713
509, 1267345721
510, 126734573X
511, 1267345748
512, 1267345756
513, 1267345764
514, 1267345772
515, 1267345780
516, 1267345799
517, 1267345802
518, 1267345810
519, 1267345829
520, 1267345837
521, 1267345845
522, 1267345861
523, 126734587X
524, 1267345888
525, 1267345896
526, 126734590X
527, 1267345918
528, 1267345926
529, 1267345934
530, 1267345942
531, 1267345950
532, 1267345969
533, 1267345977
534, 1267345985
535, 1267346000
536, 1267346019
537, 1267346027
538, 1267346035
539, 1267346043
540, 1267346051
541, 126734606X
542, 1267346078
543, 1267346086
544, 1267346094
545, 1267346116
546, 1267346124
547, 1267346132
548, 1267346140
549, 1267346159
550, 1267346167
551, 1267346175
552, 1267346183
553, 1267346205
554, 1267346213
555, 1267346221
556, 126734623X
557, 1267346256
558, 1267346264
559, 1267346272
560, 1267346280
561, 1267346299
562, 1267346302
563, 1267346310
564, 1267346329
565, 1267346337
566, 1267346345
567, 1267346353
568, 1267346361
569, 126734637X
570, 1267346388
571, 1267346396
572, 126734640X
573, 1267346418
574, 1267346426
575, 1267346434
576, 1267346442
577, 1267346450
578, 1267346469
579, 1267346485
580, 1267346493
581, 1267346507
582, 1267346515
583, 1267346523
584, 1267346531
585, 126734654X
586, 1267346558
587, 1267346566
588, 1267346574
589, 1267346582
590, 1267346590
591, 1267346604
592, 1267346612
593, 1267346620
594, 1267346639
595, 1267346647
596, 1267346655
597, 1267346663
598, 1267346671
599, 126734668X
600, 1267346698
601, 1267346701
602, 126734671X
603, 1267346728
604, 1267346736
605, 1267346744
606, 1267346752
607, 1267346760
608, 1267346779
609, 1267346787
610, 1267346795
611, 1267346809
612, 1267346817
613, 1267346825
614, 1267346833
615, 1267346841
616, 126734685X
617, 1267346868
618, 1267346876
619, 1267346884
620, 1267346906
621, 1267346914
622, 1267346922
623, 1267346930
624, 1267346949
625, 1267346957
626, 1267346965
627, 1267346973
628, 1267346981
629, 126734699X
630, 1267347007
631, 1267347015
632, 1267347023
633, 1267347031
634, 126734704X
635, 1267347058
636, 1267347066
637, 1267347074
638, 1267347090
639, 1267347104
640, 1267347112
641, 1267347120
642, 1267347139
643, 1267347147
644, 1267347155
645, 1267347163
646, 1267347171
647, 126734718X
648, 1267347198
649, 1267347201
650, 126734721X
651, 1267347228
652, 1267347236
653, 1267347244
654, 1267347252
655, 1267347260
656, 1267347279
657, 1267347287
658, 1267347295
659, 1267347309
660, 1267347325
661, 1267347333
662, 1267347341
