1, 1267294728
2, 1267294736
3, 1267294744
4, 1267294760
5, 1267294779
6, 1267294787
7, 1267294795
8, 1267294809
9, 1267294817
10, 1267294825
11, 1267294833
12, 1267294841
13, 126729485X
14, 1267294868
15, 1267294876
16, 1267294892
17, 1267294906
18, 1267294914
19, 1267294922
20, 1267294930
21, 1267294949
22, 1267294957
23, 1267294965
24, 1267294973
25, 1267294981
26, 126729499X
27, 1267295007
28, 1267295015
29, 1267295023
30, 1267295031
31, 126729504X
32, 1267295058
33, 1267295066
34, 1267295074
35, 1267295082
36, 1267295090
37, 1267295104
38, 1267295112
39, 1267295120
40, 1267295139
41, 1267295147
42, 1267295155
43, 1267295163
44, 1267295171
45, 126729518X
46, 1267295198
47, 1267295201
48, 126729521X
49, 1267295228
50, 1267295236
51, 1267295244
52, 1267295252
53, 1267295260
54, 1267295279
55, 1267295287
56, 1267295295
57, 1267295309
58, 1267295317
59, 1267295325
60, 1267295333
61, 126729535X
62, 1267295368
63, 1267295376
64, 1267295384
65, 1267295392
66, 1267295406
67, 1267295414
68, 1267295422
69, 1267295430
70, 1267295449
71, 1267295457
72, 1267295465
73, 1267295473
74, 1267295481
75, 126729549X
76, 1267295503
77, 1267295511
78, 126729552X
79, 1267295538
80, 1267295546
81, 1267295554
82, 1267295562
83, 1267295570
84, 1267295589
85, 1267295597
86, 1267295600
87, 1267295619
88, 1267295627
89, 1267295635
90, 1267295643
91, 1267295651
92, 126729566X
93, 1267295678
94, 1267295686
95, 1267295694
96, 1267295708
97, 1267295716
98, 1267295724
99, 1267295732
100, 1267295740
101, 1267295759
102, 1267295767
103, 1267295775
104, 1267295783
105, 1267295791
106, 1267295805
107, 1267295813
108, 1267295821
109, 126729583X
110, 1267295848
111, 1267295856
112, 1267295864
113, 1267295872
114, 1267295880
115, 1267295899
116, 1267295902
117, 1267295910
118, 1267295929
119, 1267295937
120, 1267295945
121, 1267295953
122, 1267295961
123, 1267295988
124, 1267295996
125, 1267296003
126, 1267296011
127, 126729602X
128, 1267296038
129, 1267296046
130, 1267296062
131, 1267296070
132, 1267296089
133, 1267296097
134, 1267296100
135, 1267296119
136, 1267296127
137, 1267296135
138, 1267296143
139, 1267296151
140, 126729616X
141, 1267296178
142, 1267296186
143, 1267296194
144, 1267296208
145, 1267296216
146, 1267296224
147, 1267296232
148, 1267296240
149, 1267296259
150, 1267296267
151, 1267296275
152, 1267296283
153, 1267296291
154, 1267296313
155, 1267296321
156, 126729633X
157, 1267296348
158, 1267296356
159, 1267296364
160, 1267296372
161, 1267296380
162, 1267296399
163, 1267296402
164, 1267296410
165, 1267296429
166, 1267296437
167, 1267296445
168, 1267296453
169, 1267296461
170, 126729647X
171, 1267296488
172, 1267296496
173, 126729650X
174, 1267296518
175, 1267296526
176, 1267296534
177, 1267296542
178, 1267296550
179, 1267296569
180, 1267296585
181, 1267296593
182, 1267296615
183, 1267296623
184, 1267296631
185, 126729664X
186, 1267296658
187, 1267296666
188, 1267296674
189, 1267296682
190, 1267296690
191, 1267296704
192, 1267296712
193, 1267296720
194, 1267296739
195, 1267296747
196, 1267296763
197, 1267296771
198, 1267296798
199, 1267296801
200, 126729681X
201, 1267296828
202, 1267296836
203, 1267296844
204, 1267296852
205, 1267296860
206, 1267296879
207, 1267296887
208, 1267296895
209, 1267296909
210, 1267296925
211, 1267296933
212, 1267296941
213, 126729695X
214, 1267296968
215, 1267296984
216, 1267296992
217, 126729700X
218, 1267297018
219, 1267297026
220, 1267297034
221, 1267297042
222, 1267297050
223, 1267297069
224, 1267297077
225, 1267297085
226, 1267297093
227, 1267297115
228, 1267297123
229, 1267297131
230, 126729714X
231, 1267297158
232, 1267297166
233, 1267297174
234, 1267297182
235, 1267297190
236, 1267297204
237, 1267297212
238, 1267297220
239, 1267297239
240, 1267297247
241, 1267297255
242, 1267297263
243, 1267297271
244, 1267297298
245, 1267297301
246, 126729731X
247, 1267297328
248, 1267297336
249, 1267297352
250, 1267297360
251, 1267297379
252, 1267297387
253, 1267297395
254, 1267297409
255, 1267297417
256, 1267297425
257, 1267297433
258, 1267297441
259, 126729745X
260, 1267297468
261, 1267297476
262, 1267297484
263, 1267297492
264, 1267297506
265, 1267297514
266, 1267297522
267, 1267297530
268, 1267297549
269, 1267297557
270, 1267297565
271, 1267297573
272, 1267297581
273, 126729759X
274, 1267297603
275, 1267297611
276, 126729762X
277, 1267297638
278, 1267297646
279, 1267297654
280, 1267297662
281, 1267297670
282, 1267297689
283, 1267297697
284, 1267297700
285, 1267297719
286, 1267297727
287, 1267297735
288, 1267297743
289, 1267297751
290, 126729776X
291, 1267297778
292, 1267297786
293, 1267297794
294, 1267297808
295, 1267297824
296, 1267297832
297, 1267297840
298, 1267297859
299, 1267297867
300, 1267297875
301, 1267297883
302, 1267297891
303, 1267297905
304, 1267297913
305, 1267297921
306, 126729793X
307, 1267297948
308, 1267297956
309, 1267297964
310, 1267297972
311, 1267297980
312, 1267297999
313, 1267298006
314, 1267298014
315, 1267298022
316, 1267298030
317, 1267298049
318, 1267298057
319, 1267298065
320, 1267298081
321, 126729809X
322, 1267298103
323, 1267298111
324, 126729812X
325, 1267298138
326, 1267298146
327, 1267298154
328, 1267298162
329, 1267298170
330, 1267298189
331, 1267298197
332, 1267298200
333, 1267298227
334, 1267298235
335, 1267298243
336, 1267298251
337, 126729826X
338, 1267298278
339, 1267298286
340, 1267298294
341, 1267298308
342, 1267298316
343, 1267298324
344, 1267298332
345, 1267298340
346, 1267298359
347, 1267298367
348, 1267298375
349, 1267298383
350, 1267298391
351, 1267298405
352, 1267298413
353, 1267298421
354, 126729843X
355, 1267298448
356, 1267298456
357, 1267298464
358, 1267298480
359, 1267298499
360, 1267298510
361, 1267298529
362, 1267298537
363, 1267298545
364, 1267298553
365, 1267298561
366, 126729857X
367, 1267298588
368, 1267298596
369, 126729860X
370, 1267298618
371, 1267298626
372, 1267298634
373, 1267298642
374, 1267298650
375, 1267298677
376, 1267298685
377, 1267298693
378, 1267298707
379, 1267298715
380, 1267298723
381, 1267298731
382, 126729874X
383, 1267298758
384, 1267298766
385, 1267298782
386, 1267298790
387, 1267298804
388, 1267298812
389, 1267298820
390, 1267298839
391, 1267298847
392, 1267298855
393, 1267298863
394, 1267298871
395, 1267298898
396, 1267298901
397, 126729891X
398, 1267298936
399, 1267298944
400, 1267298952
401, 1267298960
402, 1267298979
403, 1267298987
404, 1267298995
405, 1267299002
406, 1267299010
407, 1267299029
408, 1267299037
409, 1267299045
410, 1267299053
411, 1267299061
412, 126729907X
413, 1267299088
414, 1267299096
415, 126729910X
416, 1267299118
417, 1267299126
418, 1267299134
419, 1267299142
420, 1267299150
421, 1267299169
422, 1267299177
423, 1267299185
424, 1267299193
425, 1267299207
426, 1267299215
427, 1267299231
428, 126729924X
429, 1267299258
430, 1267299266
431, 1267299274
432, 1267299282
433, 1267299290
434, 1267299304
435, 1267299312
436, 1267299339
437, 1267299347
438, 1267299355
439, 1267299363
440, 1267299371
441, 126729938X
442, 1267299398
443, 1267299401
444, 126729941X
445, 1267299428
446, 1267299436
447, 1267299444
448, 1267299452
449, 1267299460
450, 1267299479
451, 1267299487
452, 1267299495
453, 1267299509
454, 1267299517
455, 1267299525
456, 1267299533
457, 1267299541
458, 126729955X
459, 1267299568
460, 1267299584
461, 1267299592
462, 1267299606
463, 1267299614
464, 1267299622
465, 1267299630
466, 1267299649
467, 1267299657
468, 1267299665
469, 1267299673
470, 1267299681
471, 126729969X
472, 1267299703
473, 1267299711
474, 126729972X
475, 1267299738
476, 1267299746
477, 1267299754
478, 1267299770
479, 1267299789
480, 1267299797
481, 1267299800
482, 1267299819
483, 1267299827
484, 1267299843
485, 1267299851
486, 126729986X
487, 1267299878
488, 1267299886
489, 1267299894
490, 1267299908
491, 1267299916
492, 1267299924
493, 1267299932
494, 1267299940
495, 1267299959
496, 1267299967
497, 1267299975
498, 1267299983
499, 1267299991
500, 1267300000
501, 1267300019
502, 1267300027
503, 1267300035
504, 1267300043
505, 1267300051
506, 126730006X
507, 1267300078
508, 1267300086
509, 1267300094
510, 1267300116
511, 1267300124
512, 1267300132
513, 1267300140
514, 1267300159
515, 1267300167
516, 1267300183
517, 1267300191
518, 1267300205
519, 1267300213
520, 1267300221
521, 126730023X
522, 1267300248
523, 1267300256
524, 1267300264
525, 1267300272
526, 1267300280
527, 1267300299
528, 1267300302
529, 1267300310
530, 1267300329
531, 1267300337
532, 1267300345
533, 1267300353
534, 1267300361
535, 126730037X
536, 1267300388
537, 1267300396
538, 126730040X
539, 1267300418
540, 1267300434
541, 1267300442
542, 1267300450
543, 1267300469
544, 1267300477
545, 1267300485
546, 1267300493
547, 1267300507
548, 1267300515
549, 1267300531
550, 126730054X
551, 1267300558
552, 1267300566
553, 1267300574
554, 1267300582
555, 1267300590
556, 1267300604
557, 1267300612
558, 1267300620
559, 1267300639
560, 1267300647
561, 1267300655
562, 1267300663
563, 1267300671
564, 126730068X
565, 1267300698
566, 1267300701
567, 126730071X
568, 1267300736
569, 1267300744
570, 1267300752
571, 1267300760
572, 1267300779
573, 1267300787
574, 1267300795
575, 1267300809
576, 1267300817
577, 1267300825
578, 1267300833
579, 1267300841
580, 126730085X
581, 1267300868
582, 1267300876
583, 1267300892
584, 1267300906
585, 1267300914
586, 1267300922
587, 1267300930
588, 1267300949
589, 1267300957
590, 1267300965
591, 1267300973
592, 1267300981
593, 126730099X
594, 1267301007
595, 1267301015
596, 1267301023
597, 1267301031
598, 126730104X
599, 1267301058
600, 1267301066
601, 1267301074
602, 1267301082
603, 1267301090
604, 1267301104
605, 1267301112
606, 1267301120
607, 1267301139
608, 1267301147
609, 1267301155
610, 1267301163
611, 1267301171
612, 126730118X
613, 1267301198
614, 1267301201
615, 126730121X
616, 1267301228
617, 1267301236
618, 1267301244
619, 1267301252
620, 1267301260
621, 1267301279
622, 1267301287
623, 1267301295
624, 1267301309
625, 1267301317
626, 1267301325
627, 1267301333
628, 1267301341
629, 126730135X
630, 1267301368
631, 1267301376
632, 1267301384
633, 1267301392
634, 1267301406
635, 1267301414
636, 1267301422
637, 1267301430
638, 1267301449
639, 1267301457
640, 1267301465
641, 1267301473
642, 1267301481
643, 126730149X
644, 1267301503
645, 1267301511
646, 126730152X
647, 1267301538
648, 1267301546
649, 1267301554
650, 1267301562
651, 1267301570
652, 1267301589
653, 1267301597
654, 1267301600
655, 1267301619
656, 1267301627
657, 1267301635
658, 1267301643
659, 1267301651
660, 126730166X
661, 1267301686
662, 1267301694
663, 1267301708
664, 1267301716
665, 1267301724
666, 1267301732
667, 1267301740
668, 1267301759
669, 1267301767
670, 1267301783
671, 1267301791
672, 1267301805
673, 1267301813
674, 1267301821
675, 126730183X
676, 1267301848
677, 1267301856
678, 1267301864
679, 1267301872
680, 1267301880
681, 1267301899
682, 1267301902
683, 1267301910
684, 1267301929
685, 1267301945
686, 1267301953
687, 1267301961
688, 1267301988
689, 1267301996
690, 1267302003
691, 1267302011
692, 126730202X
693, 1267302038
694, 1267302046
695, 1267302062
696, 1267302070
697, 1267302089
698, 1267302097
699, 1267302100
700, 1267302119
701, 1267302127
702, 1267302135
703, 1267302143
704, 1267302151
705, 126730216X
706, 1267302178
707, 1267302186
708, 1267302194
709, 1267302208
710, 1267302216
711, 1267302224
712, 1267302232
713, 1267302240
714, 1267302259
715, 1267302267
716, 1267302275
717, 1267302283
718, 1267302291
719, 1267302313
720, 1267302321
721, 126730233X
722, 1267302348
723, 1267302356
724, 1267302364
725, 1267302372
726, 1267302380
727, 1267302399
728, 1267302402
729, 1267302410
730, 1267302429
731, 1267302437
732, 1267302445
733, 1267302453
734, 1267302461
735, 126730247X
736, 1267302488
737, 1267302496
738, 126730250X
739, 1267302518
740, 1267302526
741, 1267302534
742, 1267302542
743, 1267302550
744, 1267302569
745, 1267302577
746, 1267302585
747, 1267302593
748, 1267302607
749, 1267302615
750, 1267302623
751, 1267302631
752, 126730264X
753, 1267302658
754, 1267302666
755, 1267302674
756, 1267302682
757, 1267302690
758, 1267302704
759, 1267302712
760, 1267302720
761, 1267302739
762, 1267302747
763, 1267302763
764, 1267302771
765, 126730278X
766, 1267302798
767, 1267302801
768, 126730281X
769, 1267302828
770, 1267302836
771, 1267302844
772, 1267302852
773, 1267302860
774, 1267302879
775, 1267302887
776, 1267302895
777, 1267302909
778, 1267302917
779, 1267302925
780, 1267302933
781, 1267302941
782, 126730295X
783, 1267302968
784, 1267302976
785, 1267302984
786, 1267302992
787, 126730300X
788, 1267303018
789, 1267303026
790, 1267303034
791, 1267303042
792, 1267303050
793, 1267303069
794, 1267303077
795, 1267303085
796, 1267303093
797, 1267303107
798, 1267303115
799, 1267303123
800, 1267303131
801, 126730314X
802, 1267303158
803, 1267303166
804, 1267303174
805, 1267303182
806, 1267303190
807, 1267303204
808, 1267303212
809, 1267303220
810, 1267303239
811, 1267303255
812, 1267303263
813, 1267303271
814, 126730328X
815, 1267303298
816, 1267303301
817, 126730331X
818, 1267303328
819, 1267303336
820, 1267303344
821, 1267303352
822, 1267303360
823, 1267303379
824, 1267303387
825, 1267303395
826, 1267303409
827, 1267303425
828, 1267303433
829, 1267303441
830, 126730345X
831, 1267303476
832, 1267303484
833, 1267303492
834, 1267303506
835, 1267303514
836, 1267303522
837, 1267303530
838, 1267303549
839, 1267303557
840, 1267303565
841, 1267303573
842, 1267303581
843, 126730359X
844, 1267303603
845, 1267303611
846, 126730362X
847, 1267303638
848, 1267303646
849, 1267303654
850, 1267303662
851, 1267303670
852, 1267303689
853, 1267303697
854, 1267303700
855, 1267303719
856, 1267303727
857, 1267303735
858, 1267303743
859, 1267303751
860, 126730376X
861, 1267303778
862, 1267303786
863, 1267303794
864, 1267303808
865, 1267303816
866, 1267303824
867, 1267303832
868, 1267303840
869, 1267303859
870, 1267303867
871, 1267303875
872, 1267303883
873, 1267303891
874, 1267303905
875, 1267303913
876, 1267303921
877, 126730393X
878, 1267303948
879, 1267303956
880, 1267303964
881, 1267303972
882, 1267303980
883, 1267303999
884, 1267304006
885, 1267304014
886, 1267304022
887, 1267304049
888, 1267304057
889, 1267304065
890, 1267304073
891, 1267304081
892, 126730409X
893, 1267304103
894, 1267304111
895, 126730412X
896, 1267304138
897, 1267304146
898, 1267304154
899, 1267304162
900, 1267304170
901, 1267304189
902, 1267304197
903, 1267304200
904, 1267304219
905, 1267304227
906, 1267304235
907, 1267304243
908, 1267304251
909, 126730426X
910, 1267304278
911, 1267304286
912, 1267304294
913, 1267304308
914, 1267304316
915, 1267304324
916, 1267304332
917, 1267304340
918, 1267304359
919, 1267304367
920, 1267304375
921, 1267304383
922, 1267304391
923, 1267304405
924, 1267304413
925, 1267304421
926, 126730443X
927, 1267304448
928, 1267304456
929, 1267304464
930, 1267304472
931, 1267304480
932, 1267304499
933, 1267304502
934, 1267304510
935, 1267304529
936, 1267304537
937, 1267304545
938, 1267304553
939, 1267304561
940, 126730457X
941, 1267304596
942, 126730460X
943, 1267304618
944, 1267304634
945, 1267304642
946, 1267304650
947, 1267304669
948, 1267304677
949, 1267304685
950, 1267304707
951, 1267304723
952, 1267304731
953, 126730474X
954, 1267304758
955, 1267304766
956, 1267304774
957, 1267304782
958, 1267304790
959, 1267304804
960, 1267304812
961, 1267304820
962, 1267304839
963, 1267304847
964, 1267304855
965, 1267304863
966, 126730488X
967, 1267304901
968, 126730491X
969, 1267304928
970, 1267304936
971, 1267304944
972, 1267304952
973, 1267304960
974, 1267304979
975, 1267304987
976, 1267304995
977, 1267305002
978, 1267305010
979, 1267305029
980, 1267305037
981, 1267305045
982, 1267305053
983, 1267305061
984, 126730507X
985, 1267305088
986, 1267305096
987, 126730510X
988, 1267305118
989, 1267305126
990, 1267305134
991, 1267305142
992, 1267305150
993, 1267305169
994, 1267305177
995, 1267305185
996, 1267305193
997, 1267305207
998, 1267305215
999, 1267305223
1000, 1267305231
