1, 1267273976
2, 1267273984
3, 1267273992
4, 126727400X
5, 1267274018
6, 1267274026
7, 1267274034
8, 1267274042
9, 1267274050
10, 1267274069
11, 1267274077
12, 1267274085
13, 1267274093
14, 1267274107
15, 1267274115
16, 1267274123
17, 1267274131
18, 126727414X
19, 1267274158
20, 1267274166
21, 1267274174
22, 1267274182
23, 1267274190
24, 1267274204
25, 1267274212
26, 1267274220
27, 1267274239
28, 1267274247
29, 1267274255
30, 1267274271
31, 126727428X
32, 1267274298
33, 1267274301
34, 126727431X
35, 1267274328
36, 1267274336
37, 1267274344
38, 1267274352
39, 1267274360
40, 1267274379
41, 1267274387
42, 1267274395
43, 1267274409
44, 1267274417
45, 1267274425
46, 1267274433
47, 1267274441
48, 126727445X
49, 1267274468
50, 1267274476
51, 1267274484
52, 1267274492
53, 1267274506
54, 1267274514
55, 1267274522
56, 1267274530
57, 1267274549
58, 1267274557
59, 1267274565
60, 1267274573
61, 1267274581
62, 126727459X
63, 1267274603
64, 1267274611
65, 126727462X
66, 1267274638
67, 1267274646
68, 1267274654
69, 1267274662
70, 1267274689
71, 1267274697
72, 1267274700
73, 1267274719
74, 1267274727
75, 1267274735
76, 1267274743
77, 1267274751
78, 126727476X
79, 1267274778
80, 1267274786
81, 1267274794
82, 1267274808
83, 1267274816
84, 1267274824
85, 1267274832
86, 1267274840
87, 1267274859
88, 1267274867
89, 1267274875
90, 1267274883
91, 1267274891
92, 1267274905
93, 1267274913
94, 1267274921
95, 126727493X
96, 1267274948
97, 1267274956
98, 1267274964
99, 1267274972
100, 1267274980
101, 1267274999
102, 1267275006
103, 1267275014
104, 1267275022
105, 1267275030
106, 1267275049
107, 1267275057
108, 1267275065
109, 1267275073
110, 1267275081
111, 126727509X
112, 1267275103
113, 1267275111
114, 126727512X
115, 1267275138
116, 1267275146
117, 1267275154
118, 1267275162
119, 1267275170
120, 1267275189
121, 1267275197
122, 1267275200
123, 1267275219
124, 1267275227
125, 1267275235
126, 1267275243
127, 1267275251
128, 126727526X
129, 1267275278
130, 1267275286
131, 1267275294
132, 1267275308
133, 1267275316
134, 1267275324
135, 1267275332
136, 1267275340
137, 1267275359
138, 1267275367
139, 1267275375
140, 1267275383
141, 1267275391
142, 1267275405
143, 1267275413
144, 1267275421
145, 126727543X
146, 1267275448
147, 1267275456
148, 1267275464
149, 1267275472
150, 1267275480
151, 1267275499
152, 1267275502
153, 1267275510
154, 1267275537
155, 1267275545
156, 1267275553
157, 1267275561
158, 126727557X
159, 1267275588
160, 1267275596
161, 126727560X
162, 1267275618
163, 1267275626
164, 1267275634
165, 1267275642
166, 1267275650
167, 1267275669
168, 1267275677
169, 1267275685
170, 1267275693
171, 1267275707
172, 1267275715
173, 1267275723
174, 1267275731
175, 126727574X
176, 1267275758
177, 1267275766
178, 1267275774
179, 1267275782
180, 1267275790
181, 1267275804
182, 1267275812
183, 1267275820
184, 1267275839
185, 1267275847
186, 1267275855
187, 1267275863
188, 1267275871
189, 126727588X
190, 1267275898
191, 1267275901
192, 126727591X
193, 1267275928
194, 1267275936
195, 1267275944
196, 1267275952
197, 1267275960
198, 1267275987
199, 1267275995
200, 1267276002
201, 1267276010
202, 1267276029
203, 1267276037
204, 1267276045
205, 1267276053
206, 1267276061
207, 126727607X
208, 1267276088
209, 1267276096
210, 126727610X
211, 1267276118
212, 1267276134
213, 1267276142
214, 1267276150
215, 1267276169
216, 1267276177
217, 1267276185
218, 1267276193
219, 1267276207
220, 1267276215
221, 1267276223
222, 1267276231
223, 126727624X
224, 1267276258
225, 1267276266
226, 1267276274
227, 1267276282
228, 1267276290
229, 1267276304
230, 1267276312
231, 1267276320
232, 1267276339
233, 1267276347
234, 1267276355
235, 1267276363
236, 1267276371
237, 1267276398
238, 1267276401
239, 126727641X
240, 1267276428
241, 1267276436
242, 1267276444
243, 1267276452
244, 1267276460
245, 1267276479
246, 1267276487
247, 1267276495
248, 1267276509
249, 1267276517
250, 1267276525
251, 1267276533
252, 1267276541
253, 126727655X
254, 1267276576
255, 1267276584
256, 1267276592
257, 1267276606
258, 1267276614
259, 1267276622
260, 1267276630
261, 1267276649
262, 1267276657
263, 1267276665
264, 1267276673
265, 1267276681
266, 126727669X
267, 1267276703
268, 1267276711
269, 126727672X
270, 1267276738
271, 1267276746
272, 1267276754
273, 1267276762
274, 1267276770
275, 1267276789
276, 1267276797
277, 1267276800
278, 1267276819
279, 1267276827
280, 1267276835
281, 1267276843
282, 1267276851
283, 126727686X
284, 1267276878
285, 1267276886
286, 1267276894
287, 1267276908
288, 1267276916
289, 1267276924
290, 1267276932
291, 1267276940
292, 1267276959
293, 1267276967
294, 1267276975
295, 1267276983
296, 1267276991
297, 1267277009
298, 1267277017
299, 1267277025
300, 1267277033
301, 1267277041
302, 126727705X
303, 1267277068
304, 1267277076
305, 1267277084
306, 1267277092
307, 1267277106
308, 1267277114
309, 1267277122
310, 1267277130
311, 1267277149
312, 1267277157
313, 1267277165
314, 1267277181
315, 126727719X
316, 1267277203
317, 1267277211
318, 126727722X
319, 1267277238
320, 1267277246
321, 1267277254
322, 1267277262
323, 1267277270
324, 1267277289
325, 1267277297
326, 1267277300
327, 1267277319
328, 1267277327
329, 1267277335
330, 1267277343
331, 1267277351
332, 126727736X
333, 1267277378
334, 1267277386
335, 1267277394
336, 1267277408
337, 1267277416
338, 1267277424
339, 1267277432
340, 1267277440
341, 1267277467
342, 1267277475
343, 1267277483
344, 1267277491
345, 1267277505
346, 1267277513
347, 1267277521
348, 126727753X
349, 1267277548
350, 1267277556
351, 1267277564
352, 1267277580
353, 1267277599
354, 1267277602
355, 1267277610
356, 1267277629
357, 1267277637
358, 1267277645
359, 1267277653
360, 1267277661
361, 126727767X
362, 1267277688
363, 1267277696
364, 126727770X
365, 1267277718
366, 1267277726
367, 1267277734
368, 1267277742
369, 1267277750
370, 1267277769
371, 1267277777
372, 1267277785
373, 1267277793
374, 1267277807
375, 1267277815
376, 1267277823
377, 1267277831
378, 126727784X
379, 1267277858
380, 1267277866
381, 1267277874
382, 1267277882
383, 1267277890
384, 1267277904
385, 1267277912
386, 1267277920
387, 1267277939
388, 1267277947
389, 1267277955
390, 1267277963
391, 1267277971
392, 126727798X
393, 1267277998
394, 1267278005
395, 1267278013
396, 1267278021
397, 126727803X
398, 1267278048
399, 1267278056
400, 1267278064
401, 1267278072
402, 1267278080
403, 1267278099
404, 1267278102
405, 1267278110
406, 1267278129
407, 1267278137
408, 1267278145
409, 1267278153
410, 1267278161
411, 126727817X
412, 1267278188
413, 1267278196
414, 126727820X
415, 1267278218
416, 1267278226
417, 1267278234
418, 1267278242
419, 1267278250
420, 1267278269
421, 1267278277
422, 1267278285
423, 1267278293
424, 1267278307
425, 1267278315
426, 1267278323
427, 1267278331
428, 126727834X
429, 1267278358
430, 1267278366
431, 1267278374
432, 1267278382
433, 1267278390
434, 1267278404
435, 1267278412
436, 1267278420
437, 1267278439
438, 1267278447
439, 1267278455
440, 1267278463
441, 1267278471
442, 126727848X
443, 1267278498
444, 1267278501
445, 126727851X
446, 1267278528
447, 1267278536
448, 1267278544
449, 1267278552
450, 1267278560
451, 1267278579
452, 1267278587
453, 1267278595
454, 1267278609
455, 1267278617
456, 1267278625
457, 1267278633
458, 1267278641
459, 126727865X
460, 1267278668
461, 1267278676
462, 1267278684
463, 1267278692
464, 1267278706
465, 1267278714
466, 1267278722
467, 1267278749
468, 1267278757
469, 1267278765
470, 1267278773
471, 1267278781
472, 126727879X
473, 1267278803
474, 1267278811
475, 126727882X
476, 1267278838
477, 1267278846
478, 1267278854
479, 1267278862
480, 1267278870
481, 1267278889
482, 1267278897
483, 1267278900
484, 1267278919
485, 1267278927
486, 1267278935
487, 1267278943
488, 1267278951
489, 126727896X
490, 1267278978
491, 1267278986
492, 1267278994
493, 1267279001
494, 126727901X
495, 1267279028
496, 1267279036
497, 1267279044
498, 1267279052
499, 1267279060
500, 1267279079
501, 1267279087
502, 1267279095
503, 1267279109
504, 1267279117
505, 1267279125
506, 1267279133
507, 1267279141
508, 126727915X
509, 1267279168
510, 1267279176
511, 1267279184
512, 1267279192
513, 1267279206
514, 1267279214
515, 1267279222
516, 1267279230
517, 1267279249
518, 1267279257
519, 1267279265
520, 1267279273
521, 1267279281
522, 126727929X
523, 1267279303
524, 1267279311
525, 126727932X
526, 1267279338
527, 1267279346
528, 1267279354
529, 1267279362
530, 1267279370
531, 1267279389
532, 1267279397
533, 1267279400
534, 1267279419
535, 1267279427
536, 1267279435
537, 1267279443
538, 1267279451
539, 126727946X
540, 1267279478
541, 1267279486
542, 1267279494
543, 1267279508
544, 1267279516
545, 1267279524
546, 1267279532
547, 1267279540
548, 1267279559
549, 1267279567
550, 1267279575
551, 1267279583
552, 1267279591
553, 1267279605
554, 1267279613
555, 1267279621
556, 126727963X
557, 1267279648
558, 1267279656
559, 1267279664
560, 1267279672
561, 1267279680
562, 1267279699
563, 1267279702
564, 1267279710
565, 1267279729
566, 1267279737
567, 1267279745
568, 1267279753
569, 1267279761
570, 126727977X
571, 1267279788
572, 1267279796
573, 126727980X
574, 1267279818
575, 1267279826
576, 1267279834
577, 1267279842
578, 1267279850
579, 1267279869
580, 1267279877
581, 1267279885
582, 1267279893
583, 1267279907
584, 1267279915
585, 1267279931
586, 126727994X
587, 1267279958
588, 1267279966
589, 1267279974
590, 1267279982
591, 1267279990
592, 126728000X
593, 1267280018
594, 1267280026
595, 1267280034
596, 1267280042
597, 1267280050
598, 1267280069
599, 1267280077
600, 1267280085
601, 1267280093
602, 1267280107
603, 1267280115
604, 1267280123
605, 1267280131
606, 126728014X
607, 1267280158
608, 1267280174
609, 1267280182
610, 1267280190
611, 1267280204
612, 1267280212
613, 1267280220
614, 1267280239
615, 1267280247
616, 1267280255
617, 1267280263
618, 1267280271
619, 126728028X
620, 1267280298
621, 1267280301
622, 126728031X
623, 1267280328
624, 1267280336
625, 1267280344
626, 1267280352
627, 1267280360
628, 1267280379
629, 1267280387
630, 1267280395
631, 1267280409
632, 1267280417
633, 1267280425
634, 1267280433
635, 1267280441
636, 1267280468
637, 1267280476
638, 1267280484
639, 1267280492
640, 1267280506
641, 1267280514
642, 1267280522
643, 1267280530
644, 1267280549
645, 1267280557
646, 1267280565
647, 1267280573
648, 1267280581
649, 126728059X
650, 1267280603
651, 1267280611
652, 126728062X
653, 1267280638
654, 1267280646
655, 1267280654
656, 1267280662
657, 1267280670
658, 1267280689
659, 1267280697
660, 1267280700
661, 1267280719
662, 1267280727
663, 1267280735
664, 1267280743
665, 1267280751
666, 126728076X
667, 1267280778
668, 1267280786
669, 1267280794
670, 1267280808
671, 1267280816
672, 1267280824
673, 1267280832
674, 1267280840
675, 1267280859
676, 1267280867
677, 1267280875
678, 1267280883
679, 1267280891
680, 1267280913
681, 1267280921
682, 126728093X
683, 1267280948
684, 1267280956
685, 1267280964
686, 1267280972
687, 1267280980
688, 1267281006
689, 1267281014
690, 1267281022
691, 1267281030
692, 1267281049
693, 1267281057
694, 1267281065
695, 1267281073
696, 1267281081
697, 126728109X
698, 1267281103
699, 1267281111
700, 126728112X
701, 1267281138
702, 1267281146
703, 1267281154
704, 1267281162
705, 1267281170
706, 1267281189
707, 1267281200
708, 1267281219
709, 1267281227
710, 1267281235
711, 1267281243
712, 1267281251
713, 126728126X
714, 1267281278
715, 1267281286
716, 1267281308
717, 1267281316
718, 1267281324
719, 1267281332
720, 1267281340
721, 1267281359
722, 1267281367
723, 1267281375
724, 1267281383
725, 1267281391
726, 1267281405
727, 1267281413
728, 1267281421
729, 126728143X
730, 1267281448
731, 1267281456
732, 1267281464
733, 1267281472
734, 1267281480
735, 1267281499
736, 1267281502
737, 1267281510
738, 1267281529
739, 1267281537
740, 1267281545
741, 1267281553
742, 1267281561
743, 126728157X
744, 1267281588
745, 1267281596
746, 126728160X
747, 1267281618
748, 1267281626
749, 1267281634
750, 1267281642
751, 1267281650
752, 1267281669
753, 1267281677
754, 1267281685
755, 1267281693
756, 1267281707
757, 1267281715
758, 1267281723
759, 1267281731
760, 126728174X
761, 1267281758
762, 1267281766
763, 1267281774
764, 1267281790
765, 1267281804
766, 1267281812
767, 1267281820
768, 1267281839
769, 1267281847
770, 1267281855
771, 1267281863
772, 1267281871
773, 126728188X
774, 1267281898
775, 1267281901
776, 126728191X
777, 1267281928
778, 1267281936
779, 1267281944
780, 1267281952
781, 1267281960
782, 1267281979
783, 1267281987
784, 1267281995
785, 1267282002
786, 1267282010
787, 1267282029
788, 1267282037
789, 1267282045
790, 1267282053
791, 1267282061
792, 126728207X
793, 1267282088
794, 1267282096
795, 126728210X
796, 1267282118
797, 1267282126
798, 1267282134
799, 1267282142
800, 1267282150
801, 1267282169
802, 1267282177
803, 1267282185
804, 1267282193
805, 1267282207
806, 1267282215
807, 1267282223
808, 1267282231
809, 126728224X
810, 1267282258
811, 1267282266
812, 1267282274
813, 1267282282
814, 1267282290
815, 1267282304
816, 1267282312
817, 1267282320
818, 1267282339
819, 1267282347
820, 1267282355
821, 1267282363
822, 1267282371
823, 126728238X
824, 1267282398
825, 1267282401
826, 126728241X
827, 1267282428
828, 1267282436
829, 1267282444
830, 1267282452
831, 1267282460
832, 1267282479
833, 1267282487
834, 1267282495
835, 1267282517
836, 1267282525
837, 1267282533
838, 1267282541
839, 126728255X
840, 1267282568
841, 1267282576
842, 1267282584
843, 1267282592
844, 1267282606
845, 1267282614
846, 1267282622
847, 1267282630
848, 1267282649
849, 1267282657
850, 1267282665
851, 1267282673
852, 1267282681
853, 1267282703
854, 1267282711
855, 126728272X
856, 1267282738
857, 1267282746
858, 1267282754
859, 1267282762
860, 1267282770
861, 1267282789
862, 1267282797
863, 1267282800
864, 1267282819
865, 1267282827
866, 1267282835
867, 1267282843
868, 1267282851
869, 126728286X
870, 1267282878
871, 1267282886
872, 1267282894
873, 1267282908
874, 1267282916
875, 1267282924
876, 1267282932
877, 1267282940
878, 1267282959
879, 1267282967
880, 1267282975
881, 1267282983
882, 1267282991
883, 1267283009
884, 1267283017
885, 1267283025
886, 1267283041
887, 126728305X
888, 1267283068
889, 1267283076
890, 1267283084
891, 1267283092
892, 1267283106
893, 1267283114
894, 1267283122
895, 1267283130
896, 1267283149
897, 1267283157
898, 1267283165
899, 1267283173
900, 1267283181
901, 1267283203
902, 126728322X
903, 1267283238
904, 1267283246
905, 1267283254
906, 1267283262
907, 1267283270
908, 1267283289
909, 1267283297
910, 1267283300
911, 1267283319
912, 1267283327
913, 1267283335
914, 1267283343
915, 1267283351
916, 126728336X
917, 1267283378
918, 1267283386
919, 1267283394
920, 1267283408
921, 1267283416
922, 1267283424
923, 1267283432
924, 1267283440
925, 1267283459
926, 1267283467
927, 1267283475
928, 1267283483
929, 1267283491
930, 1267283505
931, 1267283513
932, 1267283521
933, 126728353X
934, 1267283548
935, 1267283556
936, 1267283564
937, 1267283572
938, 1267283580
939, 1267283599
940, 1267283602
941, 1267283610
942, 1267283637
943, 1267283645
944, 1267283653
945, 1267283661
946, 126728367X
947, 1267283688
948, 1267283696
949, 126728370X
950, 1267283718
951, 1267283726
952, 1267283734
953, 1267283742
954, 1267283750
955, 1267283769
956, 1267283777
957, 1267283785
958, 1267283793
959, 1267283807
960, 1267283823
961, 1267283831
962, 126728384X
963, 1267283858
964, 1267283866
965, 1267283874
966, 1267283890
967, 1267283904
968, 1267283912
969, 1267283920
970, 1267283939
971, 1267283947
972, 1267283955
973, 1267283963
974, 1267283971
975, 126728398X
976, 1267283998
977, 1267284005
978, 1267284013
979, 1267284021
980, 126728403X
981, 1267284048
982, 1267284056
983, 1267284064
984, 1267284072
985, 1267284080
986, 1267284099
987, 1267284102
988, 1267284110
989, 1267284137
990, 1267284145
991, 1267284153
992, 1267284161
993, 126728417X
994, 1267284188
995, 1267284196
996, 126728420X
997, 1267284218
998, 1267284226
999, 1267284234
1000, 1267284242
