1, 1267105895
2, 1267105909
3, 1267105917
4, 1267105925
5, 1267105933
6, 1267105941
7, 126710595X
8, 1267105968
9, 1267105976
10, 1267105984
11, 1267105992
12, 1267106018
13, 1267106026
14, 1267106034
15, 1267106042
16, 1267106050
17, 1267106069
18, 1267106077
19, 1267106085
20, 1267106093
21, 1267106107
22, 1267106115
23, 1267106123
24, 1267106131
25, 126710614X
26, 1267106158
27, 1267106182
28, 1267106190
29, 1267106204
30, 1267106212
31, 1267106220
32, 1267106239
33, 1267106247
34, 1267106255
35, 1267106263
36, 1267106271
37, 126710628X
38, 1267106298
39, 1267106301
40, 126710631X
41, 1267106336
42, 1267106344
43, 1267106352
44, 1267106360
45, 1267106379
46, 1267106387
47, 1267106395
48, 1267106409
49, 1267106417
50, 1267106425
51, 1267106433
52, 1267106441
53, 126710645X
54, 1267106476
55, 1267106484
56, 1267106492
57, 1267106506
58, 1267106514
59, 1267106522
60, 1267106530
61, 1267106549
62, 1267106557
63, 1267106565
64, 1267106573
65, 1267106581
66, 126710659X
67, 1267106603
68, 1267106611
69, 126710662X
70, 1267106646
71, 1267106654
72, 1267106662
73, 1267106670
74, 1267106689
75, 1267106697
76, 1267106700
77, 1267106719
78, 1267106727
79, 1267106735
80, 1267106743
81, 126710676X
82, 1267106778
83, 1267106786
84, 1267106794
85, 1267106808
86, 1267106816
87, 1267106824
88, 1267106832
89, 1267106840
90, 1267106867
91, 1267106875
92, 1267106883
93, 1267106891
94, 1267106905
95, 1267106913
96, 1267106921
97, 126710693X
98, 1267106948
99, 1267106956
100, 1267106972
101, 1267106980
102, 1267106999
103, 1267107006
104, 1267107014
105, 1267107022
106, 1267107030
107, 1267107049
108, 1267107057
109, 1267107065
110, 1267107073
111, 1267107081
112, 126710709X
113, 1267107103
114, 1267107111
115, 126710712X
116, 1267107146
117, 1267107154
118, 1267107162
119, 1267107170
120, 1267107189
121, 1267107197
122, 1267107200
123, 1267107219
124, 1267107227
125, 1267107235
126, 1267107243
127, 1267107251
128, 126710726X
129, 1267107278
130, 1267107294
131, 1267107308
132, 1267107316
133, 1267107324
134, 1267107332
135, 1267107340
136, 1267107359
137, 1267107367
138, 1267107375
139, 1267107383
140, 1267107391
141, 1267107405
142, 1267107413
143, 1267107421
144, 126710743X
145, 1267107448
146, 1267107464
147, 1267107472
148, 1267107480
149, 1267107499
150, 1267107502
151, 1267107510
152, 1267107529
153, 1267107545
154, 1267107553
155, 1267107561
156, 126710757X
157, 1267107588
158, 1267107596
159, 126710760X
160, 1267107618
161, 1267107626
162, 1267107642
163, 1267107650
164, 1267107669
165, 1267107677
166, 1267107685
167, 1267107693
168, 1267107707
169, 1267107715
170, 1267107723
171, 1267107731
172, 126710774X
173, 1267107758
174, 1267107766
175, 1267107774
176, 1267107782
177, 1267107790
178, 1267107804
179, 1267107820
180, 1267107839
181, 1267107847
182, 1267107855
183, 1267107863
184, 1267107871
185, 126710788X
186, 1267107898
187, 1267107901
188, 126710791X
189, 1267107928
190, 1267107936
191, 1267107944
192, 1267107952
193, 1267107979
194, 1267107995
195, 1267108002
196, 1267108010
197, 1267108029
198, 1267108037
199, 1267108045
200, 1267108053
201, 1267108061
202, 126710807X
203, 1267108088
204, 1267108096
205, 126710810X
206, 1267108118
207, 1267108126
208, 1267108134
209, 1267108142
210, 1267108150
211, 1267108169
212, 1267108177
213, 1267108185
214, 1267108207
215, 1267108215
216, 1267108223
217, 1267108231
218, 126710824X
219, 1267108258
220, 1267108266
221, 1267108274
222, 1267108282
223, 1267108290
224, 1267108304
225, 1267108312
226, 1267108320
227, 1267108339
228, 1267108355
229, 1267108363
230, 1267108371
231, 126710838X
232, 1267108398
233, 1267108401
234, 126710841X
235, 1267108428
236, 1267108436
237, 1267108444
238, 1267108452
239, 1267108479
240, 1267108487
241, 1267108495
242, 1267108509
243, 1267108517
244, 1267108525
245, 1267108533
246, 1267108541
247, 126710855X
248, 1267108568
249, 1267108576
250, 1267108584
251, 1267108592
252, 1267108606
253, 1267108614
254, 1267108622
255, 1267108630
256, 1267108649
257, 1267108657
258, 1267108665
259, 1267108681
260, 126710869X
261, 1267108703
262, 1267108711
263, 126710872X
264, 1267108738
265, 1267108746
266, 1267108754
267, 1267108762
268, 1267108770
269, 1267108789
270, 1267108800
271, 1267108819
272, 1267108827
273, 1267108835
274, 1267108843
275, 1267108851
276, 126710886X
277, 1267108878
278, 1267108886
279, 1267108908
280, 1267108916
281, 1267108924
282, 1267108932
283, 1267108940
284, 1267108959
285, 1267108975
286, 1267108983
287, 1267108991
288, 1267109009
289, 1267109017
290, 1267109025
291, 1267109033
292, 1267109041
293, 126710905X
294, 1267109068
295, 1267109076
296, 1267109084
297, 1267109092
298, 1267109106
299, 1267109114
300, 1267109122
301, 1267109149
302, 1267109157
303, 1267109165
304, 1267109173
305, 1267109181
306, 126710919X
307, 1267109203
308, 1267109211
309, 126710922X
310, 1267109238
311, 1267109246
312, 1267109254
313, 1267109262
314, 1267109270
315, 1267109289
316, 1267109297
317, 1267109300
318, 1267109319
319, 1267109327
320, 1267109343
321, 1267109351
322, 126710936X
323, 1267109378
324, 1267109386
325, 1267109394
326, 1267109408
327, 1267109416
328, 1267109424
329, 1267109432
330, 1267109440
331, 1267109459
332, 1267109467
333, 1267109475
334, 1267109483
335, 1267109505
336, 1267109513
337, 1267109521
338, 126710953X
339, 1267109548
340, 1267109556
341, 1267109572
342, 1267109580
343, 1267109599
344, 1267109602
345, 1267109610
346, 1267109629
347, 1267109637
348, 1267109645
349, 1267109653
350, 126710967X
351, 1267109688
352, 1267109696
353, 126710970X
354, 1267109718
355, 1267109726
356, 1267109734
357, 1267109742
358, 1267109750
359, 1267109769
360, 1267109777
361, 1267109785
362, 1267109793
363, 1267109807
364, 1267109815
365, 1267109823
366, 126710984X
367, 1267109858
368, 1267109866
369, 1267109874
370, 1267109882
371, 1267109890
372, 1267109904
373, 1267109912
374, 1267109920
375, 1267109939
376, 1267109947
377, 1267109955
378, 1267109963
379, 1267109971
380, 1267109998
381, 1267110007
382, 1267110015
383, 1267110023
384, 1267110031
385, 126711004X
386, 1267110058
387, 1267110066
388, 1267110074
389, 1267110082
390, 1267110090
391, 1267110104
392, 1267110112
393, 1267110139
394, 1267110147
395, 1267110155
396, 1267110163
397, 1267110171
398, 126711018X
399, 1267110198
400, 1267110201
401, 126711021X
402, 1267110228
403, 1267110236
404, 1267110252
405, 1267110260
406, 1267110279
407, 1267110295
408, 1267110309
409, 1267110317
410, 1267110325
411, 1267110333
412, 1267110341
413, 126711035X
414, 1267110368
415, 1267110376
416, 1267110384
417, 1267110392
418, 1267110406
419, 1267110414
420, 1267110422
421, 1267110430
422, 1267110449
423, 1267110457
424, 1267110473
425, 1267110481
426, 126711049X
427, 1267110503
428, 1267110511
429, 126711052X
430, 1267110538
431, 1267110546
432, 1267110554
433, 1267110562
434, 1267110570
435, 1267110589
436, 1267110597
437, 1267110600
438, 1267110619
439, 1267110627
440, 1267110635
441, 1267110643
442, 1267110651
443, 126711066X
444, 1267110678
445, 1267110686
446, 1267110694
447, 1267110708
448, 1267110716
449, 1267110724
450, 1267110732
451, 1267110740
452, 1267110759
453, 1267110775
454, 1267110783
455, 1267110791
456, 1267110805
457, 1267110813
458, 1267110821
459, 126711083X
460, 1267110848
461, 1267110856
462, 1267110864
463, 1267110872
464, 1267110880
465, 1267110899
466, 1267110910
467, 1267110937
468, 1267110945
469, 1267110953
470, 1267110961
471, 126711097X
472, 1267110988
473, 1267110996
474, 1267111003
475, 1267111011
476, 126711102X
477, 1267111038
478, 1267111046
479, 1267111062
480, 1267111070
481, 1267111089
482, 1267111097
483, 1267111100
484, 1267111119
485, 1267111127
486, 1267111135
487, 1267111143
488, 1267111151
489, 126711116X
490, 1267111178
491, 1267111186
492, 1267111194
493, 1267111216
494, 1267111224
495, 1267111232
496, 1267111240
497, 1267111259
498, 1267111267
499, 1267111275
500, 1267111283
501, 1267111291
502, 1267111305
503, 1267111313
504, 1267111321
505, 126711133X
506, 1267111348
507, 1267111364
508, 1267111372
509, 1267111380
510, 1267111399
511, 1267111402
512, 1267111410
513, 1267111429
514, 1267111437
515, 1267111445
516, 1267111453
517, 1267111461
518, 126711147X
519, 1267111488
520, 1267111496
521, 126711150X
522, 1267111518
523, 1267111526
524, 1267111534
525, 1267111550
526, 1267111569
527, 1267111577
528, 1267111593
529, 1267111607
530, 1267111615
531, 1267111623
532, 1267111631
533, 126711164X
534, 1267111658
535, 1267111666
536, 1267111674
537, 1267111682
538, 1267111690
539, 1267111704
540, 1267111712
541, 1267111720
542, 1267111739
543, 1267111755
544, 1267111763
545, 1267111771
546, 126711178X
547, 1267111798
548, 1267111801
549, 126711181X
550, 1267111828
551, 1267111836
552, 1267111844
553, 1267111852
554, 1267111860
555, 1267111879
556, 1267111887
557, 1267111895
558, 1267111917
559, 1267111925
560, 1267111933
561, 1267111941
562, 126711195X
563, 1267111968
564, 1267111976
565, 1267111984
566, 1267111992
567, 126711200X
568, 1267112018
569, 1267112034
570, 1267112042
571, 1267112050
572, 1267112069
573, 1267112077
574, 1267112085
575, 1267112093
576, 1267112107
577, 1267112115
578, 1267112123
579, 1267112131
580, 126711214X
581, 1267112158
582, 1267112166
583, 1267112182
584, 1267112190
585, 1267112204
586, 1267112212
587, 1267112220
588, 1267112239
589, 1267112247
590, 1267112263
591, 1267112271
592, 126711228X
593, 1267112298
594, 1267112301
595, 1267112328
596, 1267112336
597, 1267112344
598, 1267112352
599, 1267112360
600, 1267112379
601, 1267112387
602, 1267112395
603, 1267112409
604, 1267112417
605, 1267112425
606, 1267112433
607, 126711245X
608, 1267112468
609, 1267112476
610, 1267112484
611, 1267112492
612, 1267112506
613, 1267112514
614, 1267112522
615, 1267112530
616, 1267112549
617, 1267112557
618, 1267112565
619, 1267112573
620, 126711259X
621, 1267112603
622, 1267112611
623, 126711262X
624, 1267112638
625, 1267112646
626, 1267112654
627, 1267112662
628, 1267112670
629, 1267112697
630, 1267112700
631, 1267112719
632, 1267112727
633, 1267112743
634, 1267112751
635, 126711276X
636, 1267112778
637, 1267112786
638, 1267112794
639, 1267112808
640, 1267112816
641, 1267112824
642, 1267112832
643, 1267112859
644, 1267112867
645, 1267112883
646, 1267112891
647, 1267112905
648, 1267112913
649, 1267112921
650, 126711293X
651, 1267112948
652, 1267112956
653, 1267112964
654, 1267112972
655, 1267112980
656, 1267112999
657, 1267113006
658, 1267113022
659, 1267113030
660, 1267113049
661, 1267113057
662, 1267113065
663, 1267113073
664, 1267113081
665, 126711309X
666, 1267113103
667, 1267113111
668, 126711312X
669, 1267113138
670, 1267113146
671, 1267113154
672, 1267113162
673, 1267113170
674, 1267113189
675, 1267113197
676, 1267113200
677, 1267113219
678, 1267113227
679, 1267113235
680, 1267113243
681, 1267113251
682, 126711326X
683, 1267113286
684, 1267113294
685, 1267113308
686, 1267113316
687, 1267113324
688, 1267113332
689, 1267113340
690, 1267113359
691, 1267113367
692, 1267113383
693, 1267113391
694, 1267113405
695, 1267113413
696, 126711343X
697, 1267113448
698, 1267113456
699, 1267113464
700, 1267113472
701, 1267113480
702, 1267113499
703, 1267113502
704, 1267113510
705, 1267113529
706, 1267113537
707, 1267113545
708, 1267113561
709, 126711357X
710, 1267113588
711, 126711360X
712, 1267113618
713, 1267113626
714, 1267113634
715, 1267113642
716, 1267113650
717, 1267113669
718, 1267113677
719, 1267113685
720, 1267113693
721, 1267113707
722, 1267113715
723, 1267113723
724, 126711374X
725, 1267113758
726, 1267113766
727, 1267113774
728, 1267113782
729, 1267113790
730, 1267113804
731, 1267113812
732, 1267113820
733, 1267113839
734, 1267113847
735, 1267113855
736, 1267113863
737, 1267113871
738, 126711388X
739, 1267113898
740, 1267113901
741, 126711391X
742, 1267113928
743, 1267113936
744, 1267113944
745, 1267113952
746, 1267113960
747, 1267113979
748, 1267113987
749, 1267113995
750, 1267114002
751, 1267114010
752, 1267114037
753, 1267114053
754, 1267114061
755, 126711407X
756, 1267114088
757, 1267114096
758, 126711410X
759, 1267114118
760, 1267114126
761, 1267114134
762, 1267114142
763, 1267114150
764, 1267114169
765, 1267114177
766, 1267114193
767, 1267114207
768, 1267114215
769, 1267114223
770, 1267114231
771, 126711424X
772, 1267114258
773, 1267114266
774, 1267114274
775, 1267114282
776, 1267114290
777, 1267114304
778, 1267114320
779, 1267114339
780, 1267114347
781, 1267114355
782, 1267114363
783, 1267114371
784, 126711438X
785, 1267114398
786, 1267114401
787, 126711441X
788, 1267114428
789, 1267114436
790, 1267114444
791, 1267114452
792, 1267114460
793, 1267114487
794, 1267114495
795, 1267114509
796, 1267114517
797, 1267114525
798, 1267114533
799, 1267114541
800, 126711455X
801, 1267114568
802, 1267114576
803, 1267114584
804, 1267114592
805, 1267114606
806, 1267114622
807, 1267114630
808, 1267114649
809, 1267114657
810, 1267114665
811, 1267114673
812, 1267114681
813, 126711469X
814, 1267114703
815, 126711472X
816, 1267114738
817, 1267114746
818, 1267114754
819, 1267114770
820, 1267114789
821, 1267114797
822, 1267114800
823, 1267114819
824, 1267114827
825, 1267114835
826, 1267114843
827, 1267114851
828, 126711486X
829, 1267114878
830, 1267114886
831, 1267114894
832, 1267114908
833, 1267114916
834, 1267114932
835, 1267114940
836, 1267114959
837, 1267114967
838, 1267114975
839, 1267114983
840, 1267114991
841, 1267115009
842, 1267115017
843, 1267115025
844, 1267115033
845, 1267115041
846, 126711505X
847, 1267115076
848, 1267115084
849, 1267115092
850, 1267115106
851, 1267115114
852, 1267115122
853, 1267115130
854, 1267115149
855, 1267115157
856, 1267115165
857, 1267115173
858, 126711519X
859, 1267115203
860, 1267115211
861, 126711522X
862, 1267115238
863, 1267115246
864, 1267115254
865, 1267115262
866, 1267115270
867, 1267115289
868, 1267115297
869, 1267115300
870, 1267115319
871, 1267115327
872, 1267115335
873, 1267115351
874, 126711536X
875, 1267115378
876, 1267115386
877, 1267115408
878, 1267115416
879, 1267115424
880, 1267115432
881, 1267115440
882, 1267115459
883, 1267115467
884, 1267115475
885, 1267115483
886, 1267115491
887, 1267115513
888, 1267115521
889, 126711553X
890, 1267115548
891, 1267115556
892, 1267115564
893, 1267115572
894, 1267115580
895, 1267115599
896, 1267115602
897, 1267115610
898, 1267115629
899, 1267115637
900, 1267115645
901, 1267115653
902, 1267115661
903, 126711567X
904, 1267115688
905, 1267115696
906, 1267115718
907, 1267115726
908, 1267115734
909, 1267115742
910, 1267115750
911, 1267115769
912, 1267115777
913, 1267115785
914, 1267115793
915, 1267115807
916, 1267115815
917, 1267115823
918, 1267115831
919, 126711584X
920, 1267115866
921, 1267115874
922, 1267115882
923, 1267115890
924, 1267115904
925, 1267115912
926, 1267115920
927, 1267115939
928, 1267115947
929, 1267115955
930, 1267115963
931, 1267115971
932, 126711598X
933, 1267115998
934, 1267116005
935, 1267116013
936, 126711603X
937, 1267116056
938, 1267116064
939, 1267116072
940, 1267116080
941, 1267116099
942, 1267116102
943, 1267116110
944, 1267116129
945, 1267116137
946, 1267116145
947, 1267116153
948, 1267116161
949, 1267116188
950, 1267116196
951, 126711620X
952, 1267116218
953, 1267116226
954, 1267116234
955, 1267116242
956, 1267116250
957, 1267116269
958, 1267116277
959, 1267116285
960, 1267116293
961, 1267116307
962, 1267116323
963, 1267116331
964, 126711634X
965, 1267116358
966, 1267116366
967, 1267116374
968, 1267116382
969, 1267116390
970, 1267116404
971, 1267116412
972, 1267116420
973, 1267116439
974, 1267116447
975, 1267116455
976, 1267116463
977, 1267116471
978, 126711648X
979, 1267116501
980, 126711651X
981, 1267116528
982, 1267116536
983, 1267116544
984, 1267116552
985, 1267116560
986, 1267116579
987, 1267116587
988, 1267116595
989, 1267116609
990, 1267116617
991, 1267116625
992, 1267116633
993, 1267116641
994, 1267116668
995, 1267116676
996, 1267116684
997, 1267116692
998, 1267116706
999, 1267116714
1000, 1267116722
