1, 1267151196
2, 126715120X
3, 1267151218
4, 1267151226
5, 1267151234
6, 1267151242
7, 1267151269
8, 1267151277
9, 1267151285
10, 1267151293
11, 1267151307
12, 1267151315
13, 1267151323
14, 1267151331
15, 126715134X
16, 1267151358
17, 1267151366
18, 1267151374
19, 1267151390
20, 1267151404
21, 1267151412
22, 1267151420
23, 1267151439
24, 1267151455
25, 1267151463
26, 1267151471
27, 126715148X
28, 1267151498
29, 126715151X
30, 1267151528
31, 1267151536
32, 1267151544
33, 1267151552
34, 1267151560
35, 1267151579
36, 1267151587
37, 1267151595
38, 1267151609
39, 1267151617
40, 1267151625
41, 1267151633
42, 126715165X
43, 1267151668
44, 1267151676
45, 1267151684
46, 1267151692
47, 1267151706
48, 1267151714
49, 1267151722
50, 1267151730
51, 1267151749
52, 1267151757
53, 1267151765
54, 1267151781
55, 126715179X
56, 1267151803
57, 1267151811
58, 126715182X
59, 1267151838
60, 1267151846
61, 1267151854
62, 1267151862
63, 1267151870
64, 1267151897
65, 1267151900
66, 1267151919
67, 1267151927
68, 1267151935
69, 1267151943
70, 1267151951
71, 126715196X
72, 1267151978
73, 1267151986
74, 1267151994
75, 1267152001
76, 1267152028
77, 1267152036
78, 1267152044
79, 1267152052
80, 1267152060
81, 1267152079
82, 1267152095
83, 1267152109
84, 1267152117
85, 1267152125
86, 1267152133
87, 1267152141
88, 126715215X
89, 1267152176
90, 1267152184
91, 1267152192
92, 1267152206
93, 1267152214
94, 1267152222
95, 1267152230
96, 1267152249
97, 1267152257
98, 1267152265
99, 1267152273
100, 1267152281
101, 1267152303
102, 1267152311
103, 126715232X
104, 1267152338
105, 1267152346
106, 1267152354
107, 1267152362
108, 1267152370
109, 1267152389
110, 1267152397
111, 1267152400
112, 1267152419
113, 1267152435
114, 1267152443
115, 1267152451
116, 126715246X
117, 1267152478
118, 1267152486
119, 1267152494
120, 1267152508
121, 1267152516
122, 1267152524
123, 1267152532
124, 1267152540
125, 1267152559
126, 1267152567
127, 1267152575
128, 1267152583
129, 1267152591
130, 1267152605
131, 1267152621
132, 126715263X
133, 1267152648
134, 1267152656
135, 1267152664
136, 1267152672
137, 1267152680
138, 1267152702
139, 1267152710
140, 1267152729
141, 1267152737
142, 1267152745
143, 1267152753
144, 1267152761
145, 126715277X
146, 1267152788
147, 1267152796
148, 126715280X
149, 1267152818
150, 1267152826
151, 1267152834
152, 1267152850
153, 1267152869
154, 1267152877
155, 1267152885
156, 1267152893
157, 1267152907
158, 1267152915
159, 1267152923
160, 1267152931
161, 126715294X
162, 1267152958
163, 1267152966
164, 1267152974
165, 1267152982
166, 1267152990
167, 1267153016
168, 1267153024
169, 1267153032
170, 1267153040
171, 1267153059
172, 1267153067
173, 1267153075
174, 1267153083
175, 1267153091
176, 1267153105
177, 1267153113
178, 1267153121
179, 126715313X
180, 1267153156
181, 1267153164
182, 1267153172
183, 1267153180
184, 1267153199
185, 1267153202
186, 1267153210
187, 1267153229
188, 1267153237
189, 1267153245
190, 1267153253
191, 1267153261
192, 126715327X
193, 1267153288
194, 126715330X
195, 1267153318
196, 1267153326
197, 1267153334
198, 1267153342
199, 1267153350
200, 1267153369
201, 1267153377
202, 1267153385
203, 1267153393
204, 1267153407
205, 1267153415
206, 1267153423
207, 1267153431
208, 1267153458
209, 1267153466
210, 1267153474
211, 1267153482
212, 1267153490
213, 1267153504
214, 1267153512
215, 1267153520
216, 1267153539
217, 1267153547
218, 1267153555
219, 1267153563
220, 1267153571
221, 126715358X
222, 1267153598
223, 126715361X
224, 1267153636
225, 1267153644
226, 1267153652
227, 1267153660
228, 1267153679
229, 1267153687
230, 1267153695
231, 1267153709
232, 1267153717
233, 1267153725
234, 1267153733
235, 1267153741
236, 126715375X
237, 1267153768
238, 1267153776
239, 1267153784
240, 1267153806
241, 1267153814
242, 1267153822
243, 1267153830
244, 1267153849
245, 1267153857
246, 1267153865
247, 1267153873
248, 1267153881
249, 126715389X
250, 1267153903
251, 1267153911
252, 126715392X
253, 1267153938
254, 1267153946
255, 1267153954
256, 1267153962
257, 1267153989
258, 1267153997
259, 1267154004
260, 1267154012
261, 1267154020
262, 1267154039
263, 1267154047
264, 1267154055
265, 1267154063
266, 1267154071
267, 126715408X
268, 1267154098
269, 1267154101
270, 126715411X
271, 1267154136
272, 1267154144
273, 1267154152
274, 1267154160
275, 1267154179
276, 1267154187
277, 1267154195
278, 1267154209
279, 1267154217
280, 1267154225
281, 1267154233
282, 1267154241
283, 126715425X
284, 1267154268
285, 1267154276
286, 1267154292
287, 1267154314
288, 1267154322
289, 1267154330
290, 1267154349
291, 1267154357
292, 1267154365
293, 1267154373
294, 1267154381
295, 126715439X
296, 1267154403
297, 1267154411
298, 126715442X
299, 1267154438
300, 1267154446
301, 1267154454
302, 1267154462
303, 1267154489
304, 1267154497
305, 1267154500
306, 1267154519
307, 1267154527
308, 1267154535
309, 1267154543
310, 1267154551
311, 126715456X
312, 1267154578
313, 1267154586
314, 1267154594
315, 1267154608
316, 1267154616
317, 1267154624
318, 1267154632
319, 1267154659
320, 1267154667
321, 1267154675
322, 1267154683
323, 1267154691
324, 1267154705
325, 1267154713
326, 1267154721
327, 126715473X
328, 1267154748
329, 1267154756
330, 1267154764
331, 1267154772
332, 1267154780
333, 1267154799
334, 1267154802
335, 1267154829
336, 1267154837
337, 1267154845
338, 1267154853
339, 1267154861
340, 126715487X
341, 1267154888
342, 1267154896
343, 126715490X
344, 1267154918
345, 1267154926
346, 1267154934
347, 1267154942
348, 1267154950
349, 1267154985
350, 1267154993
351, 1267155000
352, 1267155019
353, 1267155027
354, 1267155035
355, 1267155043
356, 1267155051
357, 126715506X
358, 1267155078
359, 1267155086
360, 1267155094
361, 1267155108
362, 1267155116
363, 1267155124
364, 1267155132
365, 1267155140
366, 1267155159
367, 1267155167
368, 1267155175
369, 1267155183
370, 1267155191
371, 1267155205
372, 1267155213
373, 1267155221
374, 1267155248
375, 1267155256
376, 1267155264
377, 1267155272
378, 1267155280
379, 1267155299
380, 1267155302
381, 1267155310
382, 1267155329
383, 1267155337
384, 1267155345
385, 1267155353
386, 126715537X
387, 1267155388
388, 1267155396
389, 126715540X
390, 1267155418
391, 1267155426
392, 1267155434
393, 1267155442
394, 1267155450
395, 1267155469
396, 1267155477
397, 1267155485
398, 1267155507
399, 1267155515
400, 1267155523
401, 1267155531
402, 126715554X
403, 1267155558
404, 1267155566
405, 1267155574
406, 1267155582
407, 1267155590
408, 1267155604
409, 1267155612
410, 1267155620
411, 1267155647
412, 1267155655
413, 1267155671
414, 126715568X
415, 1267155698
416, 1267155701
417, 126715571X
418, 1267155728
419, 1267155736
420, 1267155744
421, 1267155752
422, 1267155760
423, 1267155779
424, 1267155795
425, 1267155809
426, 1267155817
427, 1267155825
428, 1267155833
429, 1267155841
430, 126715585X
431, 1267155868
432, 1267155876
433, 1267155884
434, 1267155892
435, 1267155906
436, 1267155922
437, 1267155930
438, 1267155949
439, 1267155957
440, 1267155965
441, 1267155973
442, 1267155981
443, 126715599X
444, 1267156007
445, 1267156015
446, 1267156023
447, 1267156031
448, 126715604X
449, 1267156066
450, 1267156074
451, 1267156082
452, 1267156090
453, 1267156104
454, 1267156112
455, 1267156120
456, 1267156139
457, 1267156147
458, 1267156155
459, 1267156163
460, 1267156171
461, 126715618X
462, 1267156198
463, 126715621X
464, 1267156228
465, 1267156236
466, 1267156244
467, 1267156252
468, 1267156260
469, 1267156279
470, 1267156287
471, 1267156295
472, 1267156309
473, 1267156317
474, 1267156325
475, 1267156341
476, 126715635X
477, 1267156368
478, 1267156376
479, 1267156384
480, 1267156392
481, 1267156406
482, 1267156414
483, 1267156422
484, 1267156430
485, 1267156449
486, 1267156457
487, 1267156465
488, 1267156481
489, 126715649X
490, 1267156503
491, 1267156511
492, 126715652X
493, 1267156538
494, 1267156546
495, 1267156554
496, 1267156562
497, 1267156570
498, 1267156589
499, 1267156597
500, 1267156600
501, 1267156619
502, 1267156627
503, 1267156635
504, 1267156643
505, 1267156651
506, 126715666X
507, 1267156678
508, 1267156686
509, 1267156694
510, 1267156708
511, 1267156716
512, 1267156724
513, 1267156732
514, 1267156740
515, 1267156767
516, 1267156775
517, 1267156783
518, 1267156805
519, 1267156813
520, 1267156821
521, 126715683X
522, 1267156848
523, 1267156856
524, 1267156864
525, 1267156872
526, 1267156880
527, 1267156899
528, 1267156902
529, 1267156910
530, 1267156929
531, 1267156937
532, 1267156945
533, 1267156953
534, 1267156961
535, 126715697X
536, 1267156988
537, 1267156996
538, 1267157003
539, 1267157011
540, 126715702X
541, 1267157038
542, 1267157046
543, 1267157054
544, 1267157062
545, 1267157089
546, 1267157097
547, 1267157100
548, 1267157119
549, 1267157127
550, 1267157135
551, 1267157143
552, 1267157151
553, 126715716X
554, 1267157178
555, 1267157186
556, 1267157194
557, 1267157208
558, 1267157216
559, 1267157224
560, 1267157232
561, 1267157240
562, 1267157259
563, 1267157267
564, 1267157275
565, 1267157283
566, 1267157291
567, 1267157305
568, 1267157313
569, 1267157321
570, 126715733X
571, 1267157348
572, 1267157364
573, 1267157372
574, 1267157380
575, 1267157399
576, 1267157402
577, 1267157429
578, 1267157437
579, 1267157445
580, 1267157453
581, 1267157461
582, 126715747X
583, 1267157488
584, 1267157496
585, 126715750X
586, 1267157518
587, 1267157526
588, 1267157534
589, 1267157542
590, 1267157550
591, 1267157569
592, 1267157577
593, 1267157585
594, 1267157593
595, 1267157607
596, 1267157615
597, 1267157623
598, 126715764X
599, 1267157658
600, 1267157666
601, 1267157674
602, 1267157682
603, 1267157690
604, 1267157704
605, 1267157712
606, 1267157720
607, 1267157739
608, 1267157747
609, 1267157755
610, 1267157763
611, 1267157771
612, 126715778X
613, 1267157798
614, 1267157801
615, 126715781X
616, 1267157828
617, 1267157836
618, 1267157844
619, 1267157852
620, 1267157860
621, 1267157879
622, 1267157887
623, 1267157895
624, 1267157917
625, 1267157925
626, 1267157933
627, 1267157941
628, 126715795X
629, 1267157968
630, 1267157976
631, 1267157984
632, 1267157992
633, 126715800X
634, 1267158018
635, 1267158026
636, 1267158034
637, 1267158042
638, 1267158050
639, 1267158069
640, 1267158085
641, 1267158093
642, 1267158107
643, 1267158115
644, 1267158123
645, 1267158131
646, 126715814X
647, 1267158158
648, 1267158166
649, 1267158174
650, 1267158182
651, 1267158190
652, 1267158212
653, 1267158220
654, 1267158239
655, 1267158247
656, 1267158255
657, 1267158263
658, 1267158271
659, 126715828X
660, 1267158298
661, 1267158301
662, 126715831X
663, 1267158328
664, 1267158336
665, 1267158344
666, 1267158352
667, 1267158360
668, 1267158379
669, 1267158387
670, 1267158395
671, 1267158409
672, 1267158417
673, 1267158425
674, 1267158433
675, 1267158441
676, 1267158468
677, 1267158476
678, 1267158484
679, 1267158492
680, 1267158514
681, 1267158522
682, 1267158530
683, 1267158549
684, 1267158557
685, 1267158565
686, 1267158573
687, 1267158581
688, 126715859X
689, 1267158603
690, 1267158611
691, 126715862X
692, 1267158638
693, 1267158646
694, 1267158654
695, 1267158662
696, 1267158670
697, 1267158689
698, 1267158697
699, 1267158700
700, 1267158719
701, 1267158727
702, 1267158735
703, 1267158751
704, 126715876X
705, 1267158778
706, 1267158786
707, 1267158794
708, 1267158808
709, 1267158816
710, 1267158824
711, 1267158832
712, 1267158840
713, 1267158859
714, 1267158867
715, 1267158875
716, 1267158883
717, 1267158891
718, 1267158905
719, 1267158913
720, 1267158921
721, 126715893X
722, 1267158948
723, 1267158956
724, 1267158964
725, 1267158972
726, 1267158980
727, 1267158999
728, 1267159006
729, 1267159022
730, 1267159030
731, 1267159049
732, 1267159057
733, 1267159065
734, 1267159073
735, 1267159081
736, 126715909X
737, 1267159103
738, 1267159111
739, 126715912X
740, 1267159138
741, 1267159146
742, 1267159162
743, 1267159170
744, 1267159189
745, 1267159197
746, 1267159200
747, 1267159219
748, 1267159227
749, 1267159235
750, 1267159243
751, 1267159251
752, 126715926X
753, 1267159278
754, 1267159286
755, 1267159294
756, 1267159316
757, 1267159324
758, 1267159332
759, 1267159340
760, 1267159359
761, 1267159367
762, 1267159375
763, 1267159383
764, 1267159391
765, 1267159405
766, 1267159413
767, 1267159421
768, 126715943X
769, 1267159448
770, 1267159456
771, 1267159464
772, 1267159472
773, 1267159480
774, 1267159499
775, 1267159502
776, 1267159510
777, 1267159529
778, 1267159537
779, 1267159545
780, 1267159553
781, 1267159561
782, 1267159588
783, 1267159596
784, 126715960X
785, 1267159618
786, 1267159626
787, 1267159634
788, 1267159642
789, 1267159650
790, 1267159669
791, 1267159677
792, 1267159685
793, 1267159693
794, 1267159707
795, 1267159715
796, 1267159723
797, 1267159731
798, 126715974X
799, 1267159758
800, 1267159766
801, 1267159782
802, 1267159790
803, 1267159804
804, 1267159812
805, 1267159839
806, 1267159847
807, 1267159855
808, 1267159863
809, 1267159871
810, 126715988X
811, 1267159898
812, 1267159901
813, 126715991X
814, 1267159928
815, 1267159936
816, 1267159952
817, 1267159960
818, 1267159979
819, 1267159987
820, 1267159995
821, 1267160004
822, 1267160012
823, 1267160020
824, 1267160039
825, 1267160047
826, 1267160055
827, 1267160063
828, 1267160071
829, 1267160098
830, 1267160101
831, 126716011X
832, 1267160128
833, 1267160136
834, 1267160144
835, 1267160152
836, 1267160160
837, 1267160179
838, 1267160187
839, 1267160195
840, 1267160209
841, 1267160217
842, 1267160225
843, 1267160233
844, 1267160241
845, 126716025X
846, 1267160276
847, 1267160284
848, 1267160292
849, 1267160306
850, 1267160314
851, 1267160322
852, 1267160330
853, 1267160349
854, 1267160357
855, 1267160365
856, 1267160373
857, 1267160381
858, 126716039X
859, 1267160403
860, 126716042X
861, 1267160438
862, 1267160446
863, 1267160454
864, 1267160462
865, 1267160470
866, 1267160489
867, 1267160500
868, 1267160519
869, 1267160527
870, 1267160535
871, 1267160543
872, 1267160551
873, 126716056X
874, 1267160578
875, 1267160586
876, 1267160608
877, 1267160616
878, 1267160624
879, 1267160632
880, 1267160640
881, 1267160659
882, 1267160667
883, 1267160675
884, 1267160683
885, 1267160691
886, 1267160705
887, 1267160713
888, 1267160721
889, 126716073X
890, 1267160748
891, 1267160756
892, 1267160764
893, 1267160772
894, 1267160780
895, 1267160802
896, 1267160810
897, 1267160829
898, 1267160837
899, 1267160845
900, 1267160853
901, 1267160861
902, 126716087X
903, 1267160888
904, 1267160896
905, 126716090X
906, 1267160918
907, 1267160926
908, 1267160934
909, 1267160942
910, 1267160950
911, 1267160977
912, 1267160985
913, 1267160993
914, 1267161000
915, 1267161019
916, 1267161027
917, 1267161035
918, 1267161043
919, 1267161051
920, 126716106X
921, 1267161078
922, 1267161086
923, 1267161094
924, 1267161116
925, 1267161124
926, 1267161132
927, 1267161140
928, 1267161167
929, 1267161175
930, 1267161183
931, 1267161191
932, 1267161205
933, 1267161213
934, 1267161221
935, 126716123X
936, 1267161248
937, 1267161256
938, 1267161264
939, 1267161272
940, 1267161280
941, 1267161299
942, 1267161302
943, 1267161310
944, 1267161329
945, 1267161337
946, 1267161345
947, 1267161361
948, 126716137X
949, 1267161388
950, 1267161396
951, 126716140X
952, 1267161418
953, 1267161426
954, 1267161434
955, 1267161442
956, 1267161450
957, 1267161469
958, 1267161477
959, 1267161485
960, 1267161493
961, 1267161515
962, 1267161523
963, 1267161531
964, 126716154X
965, 1267161558
966, 1267161566
967, 1267161574
968, 1267161582
969, 1267161590
970, 1267161604
971, 1267161612
972, 1267161620
973, 1267161639
974, 1267161647
975, 1267161655
976, 1267161663
977, 1267161671
978, 1267161698
979, 1267161701
980, 126716171X
981, 1267161728
982, 1267161736
983, 1267161744
984, 1267161752
985, 1267161760
986, 1267161779
987, 1267161787
988, 1267161795
989, 1267161809
990, 1267161825
991, 1267161833
992, 1267161841
993, 126716185X
994, 1267161868
995, 1267161876
996, 1267161892
997, 1267161906
998, 1267161914
999, 1267161922
1000, 1267161930
