1, 1267083190
2, 1267083204
3, 1267083212
4, 1267083220
5, 1267083239
6, 1267083247
7, 1267083255
8, 1267083263
9, 1267083271
10, 126708328X
11, 1267083298
12, 1267083301
13, 126708331X
14, 1267083328
15, 1267083336
16, 1267083344
17, 1267083352
18, 1267083360
19, 1267083379
20, 1267083387
21, 1267083395
22, 1267083409
23, 1267083417
24, 1267083425
25, 1267083433
26, 1267083441
27, 126708345X
28, 1267083468
29, 1267083476
30, 1267083484
31, 1267083492
32, 1267083506
33, 1267083514
34, 1267083522
35, 1267083530
36, 1267083549
37, 1267083557
38, 1267083565
39, 1267083573
40, 1267083581
41, 126708359X
42, 1267083603
43, 1267083611
44, 126708362X
45, 1267083638
46, 1267083646
47, 1267083654
48, 1267083662
49, 1267083670
50, 1267083689
51, 1267083697
52, 1267083700
53, 1267083719
54, 1267083727
55, 1267083735
56, 1267083743
57, 1267083751
58, 126708376X
59, 1267083778
60, 1267083786
61, 1267083794
62, 1267083808
63, 1267083816
64, 1267083824
65, 1267083832
66, 1267083840
67, 1267083859
68, 1267083867
69, 1267083875
70, 1267083883
71, 1267083891
72, 1267083905
73, 1267083913
74, 1267083921
75, 126708393X
76, 1267083948
77, 1267083956
78, 1267083964
79, 1267083972
80, 1267083980
81, 1267083999
82, 1267084006
83, 1267084022
84, 1267084030
85, 1267084049
86, 1267084057
87, 1267084065
88, 1267084073
89, 1267084081
90, 126708409X
91, 1267084103
92, 1267084111
93, 126708412X
94, 1267084138
95, 1267084146
96, 1267084154
97, 1267084162
98, 1267084170
99, 1267084189
100, 1267084197
101, 1267084200
102, 1267084219
103, 1267084227
104, 1267084235
105, 1267084243
106, 1267084251
107, 126708426X
108, 1267084278
109, 1267084286
110, 1267084294
111, 1267084308
112, 1267084316
113, 1267084324
114, 1267084332
115, 1267084340
116, 1267084359
117, 1267084367
118, 1267084375
119, 1267084383
120, 1267084391
121, 1267084405
122, 1267084413
123, 1267084421
124, 126708443X
125, 1267084448
126, 1267084456
127, 1267084464
128, 1267084472
129, 1267084480
130, 1267084499
131, 1267084502
132, 1267084510
133, 1267084529
134, 1267084537
135, 1267084545
136, 1267084553
137, 1267084561
138, 126708457X
139, 1267084588
140, 1267084596
141, 126708460X
142, 1267084618
143, 1267084626
144, 1267084634
145, 1267084642
146, 1267084650
147, 1267084677
148, 1267084685
149, 1267084693
150, 1267084707
151, 1267084715
152, 1267084723
153, 1267084731
154, 126708474X
155, 1267084758
156, 1267084766
157, 1267084774
158, 1267084782
159, 1267084790
160, 1267084804
161, 1267084812
162, 1267084820
163, 1267084839
164, 1267084847
165, 1267084855
166, 1267084863
167, 1267084871
168, 126708488X
169, 1267084898
170, 1267084901
171, 126708491X
172, 1267084928
173, 1267084936
174, 1267084944
175, 1267084952
176, 1267084960
177, 1267084979
178, 1267084987
179, 1267084995
180, 1267085002
181, 1267085010
182, 1267085029
183, 1267085037
184, 1267085045
185, 1267085053
186, 1267085061
187, 126708507X
188, 1267085088
189, 1267085096
190, 126708510X
191, 1267085118
192, 1267085126
193, 1267085134
194, 1267085142
195, 1267085150
196, 1267085169
197, 1267085177
198, 1267085185
199, 1267085193
200, 1267085207
201, 1267085215
202, 1267085223
203, 1267085231
204, 126708524X
205, 1267085258
206, 1267085266
207, 1267085274
208, 1267085282
209, 1267085304
210, 1267085312
211, 1267085320
212, 1267085339
213, 1267085347
214, 1267085355
215, 1267085363
216, 1267085371
217, 126708538X
218, 1267085398
219, 1267085401
220, 126708541X
221, 1267085428
222, 1267085436
223, 1267085444
224, 1267085452
225, 1267085460
226, 1267085479
227, 1267085487
228, 1267085495
229, 1267085509
230, 1267085517
231, 1267085525
232, 1267085533
233, 1267085541
234, 126708555X
235, 1267085568
236, 1267085576
237, 1267085584
238, 1267085592
239, 1267085606
240, 1267085614
241, 1267085622
242, 1267085630
243, 1267085649
244, 1267085657
245, 1267085665
246, 1267085673
247, 1267085681
248, 126708569X
249, 1267085703
250, 1267085711
251, 126708572X
252, 1267085738
253, 1267085746
254, 1267085754
255, 1267085762
256, 1267085770
257, 1267085789
258, 1267085797
259, 1267085800
260, 1267085819
261, 1267085827
262, 1267085835
263, 1267085843
264, 1267085851
265, 126708586X
266, 1267085878
267, 1267085886
268, 1267085894
269, 1267085908
270, 1267085916
271, 1267085932
272, 1267085940
273, 1267085959
274, 1267085967
275, 1267085975
276, 1267085983
277, 1267085991
278, 1267086009
279, 1267086017
280, 1267086025
281, 1267086033
282, 1267086041
283, 126708605X
284, 1267086068
285, 1267086076
286, 1267086084
287, 1267086092
288, 1267086106
289, 1267086114
290, 1267086122
291, 1267086130
292, 1267086149
293, 1267086157
294, 1267086165
295, 1267086173
296, 1267086181
297, 126708619X
298, 1267086203
299, 1267086211
300, 126708622X
301, 1267086238
302, 1267086246
303, 1267086254
304, 1267086262
305, 1267086270
306, 1267086289
307, 1267086297
308, 1267086300
309, 1267086319
310, 1267086327
311, 1267086335
312, 1267086343
313, 1267086351
314, 126708636X
315, 1267086378
316, 1267086386
317, 1267086394
318, 1267086408
319, 1267086416
320, 1267086424
321, 1267086432
322, 1267086440
323, 1267086459
324, 1267086467
325, 1267086475
326, 1267086483
327, 1267086491
328, 1267086505
329, 1267086513
330, 1267086521
331, 126708653X
332, 1267086548
333, 1267086556
334, 1267086572
335, 1267086580
336, 1267086599
337, 1267086602
338, 1267086610
339, 1267086629
340, 1267086637
341, 1267086645
342, 1267086653
343, 1267086661
344, 126708667X
345, 1267086688
346, 1267086696
347, 126708670X
348, 1267086718
349, 1267086726
350, 1267086734
351, 1267086742
352, 1267086750
353, 1267086769
354, 1267086777
355, 1267086785
356, 1267086793
357, 1267086807
358, 1267086815
359, 1267086823
360, 1267086831
361, 126708684X
362, 1267086858
363, 1267086866
364, 1267086874
365, 1267086882
366, 1267086890
367, 1267086904
368, 1267086912
369, 1267086920
370, 1267086939
371, 1267086947
372, 1267086955
373, 1267086963
374, 1267086971
375, 126708698X
376, 1267086998
377, 1267087005
378, 1267087013
379, 1267087021
380, 126708703X
381, 1267087048
382, 1267087056
383, 1267087064
384, 1267087072
385, 1267087080
386, 1267087102
387, 1267087110
388, 1267087129
389, 1267087137
390, 1267087145
391, 1267087153
392, 1267087161
393, 126708717X
394, 1267087188
395, 126708720X
396, 1267087218
397, 1267087226
398, 1267087234
399, 1267087242
400, 1267087250
401, 1267087269
402, 1267087277
403, 1267087285
404, 1267087293
405, 1267087307
406, 1267087315
407, 1267087323
408, 1267087331
409, 126708734X
410, 1267087358
411, 1267087366
412, 1267087374
413, 1267087382
414, 1267087390
415, 1267087404
416, 1267087412
417, 1267087420
418, 1267087439
419, 1267087447
420, 1267087455
421, 1267087463
422, 1267087471
423, 126708748X
424, 1267087498
425, 1267087501
426, 126708751X
427, 1267087528
428, 1267087536
429, 1267087544
430, 1267087552
431, 1267087560
432, 1267087579
433, 1267087587
434, 1267087595
435, 1267087609
436, 1267087617
437, 1267087625
438, 1267087633
439, 1267087641
440, 126708765X
441, 1267087668
442, 1267087676
443, 1267087684
444, 1267087692
445, 1267087706
446, 1267087714
447, 1267087722
448, 1267087730
449, 1267087749
450, 1267087757
451, 1267087765
452, 1267087781
453, 126708779X
454, 1267087803
455, 1267087811
456, 126708782X
457, 1267087838
458, 1267087846
459, 1267087854
460, 1267087862
461, 1267087870
462, 1267087889
463, 1267087897
464, 1267087900
465, 1267087919
466, 1267087927
467, 1267087935
468, 1267087943
469, 1267087951
470, 126708796X
471, 1267087978
472, 1267087986
473, 1267087994
474, 1267088001
475, 126708801X
476, 1267088028
477, 1267088036
478, 1267088044
479, 1267088060
480, 1267088079
481, 1267088087
482, 1267088095
483, 1267088109
484, 1267088117
485, 1267088125
486, 1267088133
487, 1267088141
488, 126708815X
489, 1267088168
490, 1267088176
491, 1267088184
492, 1267088192
493, 1267088206
494, 1267088214
495, 1267088222
496, 1267088230
497, 1267088249
498, 1267088257
499, 1267088265
500, 1267088273
501, 1267088281
502, 126708829X
503, 1267088303
504, 1267088311
505, 126708832X
506, 1267088338
507, 1267088346
508, 1267088354
509, 1267088362
510, 1267088370
511, 1267088389
512, 1267088397
513, 1267088400
514, 1267088419
515, 1267088427
516, 1267088435
517, 1267088443
518, 1267088451
519, 126708846X
520, 1267088478
521, 1267088486
522, 1267088494
523, 1267088508
524, 1267088516
525, 1267088524
526, 1267088532
527, 1267088540
528, 1267088559
529, 1267088567
530, 1267088575
531, 1267088583
532, 1267088591
533, 1267088605
534, 1267088613
535, 1267088621
536, 126708863X
537, 1267088648
538, 1267088656
539, 1267088664
540, 1267088680
541, 1267088699
542, 1267088702
543, 1267088710
544, 1267088729
545, 1267088737
546, 1267088745
547, 1267088753
548, 1267088761
549, 126708877X
550, 1267088788
551, 1267088796
552, 126708880X
553, 1267088818
554, 1267088826
555, 1267088834
556, 1267088842
557, 1267088850
558, 1267088869
559, 1267088877
560, 1267088885
561, 1267088893
562, 1267088907
563, 1267088915
564, 1267088923
565, 1267088931
566, 126708894X
567, 1267088958
568, 1267088966
569, 1267088974
570, 1267088982
571, 1267088990
572, 1267089008
573, 1267089016
574, 1267089024
575, 1267089032
576, 1267089040
577, 1267089059
578, 1267089067
579, 1267089075
580, 1267089083
581, 1267089091
582, 1267089105
583, 1267089113
584, 1267089121
585, 126708913X
586, 1267089148
587, 1267089156
588, 1267089164
589, 1267089172
590, 1267089180
591, 1267089199
592, 1267089202
593, 1267089210
594, 1267089229
595, 1267089237
596, 1267089253
597, 1267089261
598, 126708927X
599, 1267089288
600, 1267089296
601, 1267089326
602, 1267089334
603, 1267089342
604, 1267089350
605, 1267089369
606, 1267089377
607, 1267089385
608, 1267089393
609, 1267089407
610, 1267089415
611, 1267089423
612, 126708944X
613, 1267089458
614, 1267089466
615, 1267089474
616, 1267089482
617, 1267089490
618, 1267089504
619, 1267089512
620, 1267089520
621, 1267089539
622, 1267089547
623, 1267089555
624, 1267089563
625, 1267089571
626, 1267089598
627, 126708961X
628, 1267089628
629, 1267089636
630, 1267089652
631, 1267089660
632, 1267089679
633, 1267089687
634, 1267089695
635, 1267089709
636, 1267089717
637, 1267089725
638, 1267089733
639, 1267089741
640, 126708975X
641, 1267089768
642, 1267089776
643, 1267089784
644, 1267089806
645, 1267089814
646, 1267089830
647, 1267089849
648, 1267089857
649, 1267089865
650, 1267089873
651, 1267089881
652, 126708989X
653, 1267089903
654, 1267089911
655, 126708992X
656, 1267089938
657, 1267089946
658, 1267089962
659, 1267089970
660, 1267089989
661, 1267089997
662, 1267090006
663, 1267090014
664, 1267090030
665, 1267090049
666, 1267090065
667, 1267090073
668, 1267090081
669, 126709009X
670, 1267090103
671, 1267090111
672, 126709012X
673, 1267090138
674, 1267090146
675, 1267090154
676, 1267090162
677, 1267090170
678, 1267090189
679, 1267090197
680, 1267090200
681, 1267090219
682, 1267090227
683, 1267090235
684, 1267090243
685, 126709026X
686, 1267090278
687, 1267090294
688, 1267090308
689, 1267090316
690, 1267090324
691, 1267090332
692, 1267090340
693, 1267090359
694, 1267090367
695, 1267090375
696, 1267090383
697, 1267090391
698, 1267090405
699, 1267090413
700, 1267090421
701, 126709043X
702, 1267090448
703, 1267090456
704, 1267090464
705, 1267090472
706, 1267090480
707, 1267090499
708, 1267090502
709, 1267090510
710, 1267090529
711, 1267090537
712, 1267090545
713, 1267090561
714, 126709057X
715, 1267090596
716, 126709060X
717, 1267090618
718, 1267090626
719, 1267090634
720, 1267090642
721, 1267090650
722, 1267090669
723, 1267090677
724, 1267090685
725, 1267090693
726, 1267090715
727, 1267090731
728, 126709074X
729, 1267090758
730, 1267090766
731, 1267090774
732, 1267090782
733, 1267090790
734, 1267090804
735, 1267090812
736, 1267090820
737, 1267090839
738, 1267090847
739, 1267090855
740, 1267090863
741, 1267090871
742, 126709088X
743, 1267090901
744, 126709091X
745, 1267090928
746, 1267090936
747, 1267090944
748, 1267090952
749, 1267090960
750, 1267090979
751, 1267090987
752, 1267090995
753, 1267091002
754, 1267091010
755, 1267091029
756, 1267091037
757, 1267091053
758, 1267091061
759, 126709107X
760, 1267091088
761, 1267091096
762, 126709110X
763, 1267091118
764, 1267091126
765, 1267091134
766, 1267091142
767, 1267091150
768, 1267091169
769, 1267091177
770, 1267091193
771, 1267091207
772, 1267091215
773, 1267091223
774, 1267091231
775, 126709124X
776, 1267091258
777, 1267091266
778, 1267091274
779, 1267091282
780, 1267091290
781, 1267091304
782, 1267091312
783, 1267091320
784, 1267091339
785, 1267091347
786, 1267091355
787, 1267091363
788, 126709138X
789, 1267091398
790, 1267091401
791, 126709141X
792, 1267091428
793, 1267091436
794, 1267091444
795, 1267091452
796, 1267091460
797, 1267091479
798, 1267091487
799, 1267091495
800, 1267091509
801, 1267091517
802, 1267091525
803, 1267091533
804, 1267091541
805, 126709155X
806, 1267091568
807, 1267091576
808, 1267091584
809, 1267091592
810, 1267091622
811, 1267091630
812, 1267091649
813, 1267091657
814, 1267091665
815, 1267091673
816, 1267091681
817, 126709169X
818, 1267091703
819, 1267091711
820, 126709172X
821, 1267091738
822, 1267091746
823, 1267091754
824, 1267091762
825, 1267091770
826, 1267091797
827, 1267091800
828, 1267091819
829, 1267091827
830, 1267091835
831, 1267091843
832, 1267091851
833, 126709186X
834, 1267091878
835, 1267091886
836, 1267091894
837, 1267091908
838, 1267091916
839, 1267091924
840, 1267091940
841, 1267091967
842, 1267091975
843, 1267091983
844, 1267091991
845, 1267092009
846, 1267092017
847, 1267092025
848, 1267092033
849, 1267092041
850, 126709205X
851, 1267092068
852, 1267092076
853, 1267092084
854, 1267092092
855, 1267092106
856, 1267092122
857, 1267092130
858, 1267092149
859, 1267092157
860, 1267092165
861, 1267092173
862, 1267092181
863, 126709219X
864, 1267092203
865, 1267092211
866, 126709222X
867, 1267092238
868, 1267092246
869, 1267092254
870, 1267092262
871, 1267092289
872, 1267092300
873, 1267092319
874, 1267092327
875, 1267092335
876, 1267092343
877, 1267092351
878, 126709236X
879, 1267092378
880, 1267092386
881, 1267092394
882, 1267092408
883, 1267092416
884, 1267092424
885, 1267092432
886, 1267092459
887, 1267092467
888, 1267092475
889, 1267092483
890, 1267092491
891, 1267092505
892, 1267092513
893, 1267092521
894, 126709253X
895, 1267092548
896, 1267092556
897, 1267092564
898, 1267092572
899, 1267092580
900, 1267092599
901, 1267092602
902, 1267092629
903, 1267092637
904, 1267092645
905, 1267092653
906, 1267092661
907, 126709267X
908, 1267092688
909, 1267092696
910, 126709270X
911, 1267092718
912, 1267092726
913, 1267092734
914, 1267092742
915, 1267092750
916, 1267092777
917, 1267092785
918, 1267092793
919, 1267092807
920, 1267092815
921, 1267092823
922, 1267092831
923, 126709284X
924, 1267092858
925, 1267092866
926, 1267092874
927, 1267092882
928, 1267092890
929, 1267092904
930, 1267092912
931, 1267092939
932, 1267092955
933, 1267092963
934, 1267092971
935, 126709298X
936, 1267092998
937, 1267093005
938, 1267093013
939, 1267093021
940, 126709303X
941, 1267093048
942, 1267093056
943, 1267093072
944, 1267093080
945, 1267093099
946, 1267093102
947, 1267093110
948, 1267093129
949, 1267093137
950, 1267093145
951, 1267093153
952, 1267093161
953, 126709317X
954, 1267093188
955, 1267093196
956, 126709320X
957, 1267093218
958, 1267093234
959, 1267093242
960, 1267093250
961, 1267093269
962, 1267093277
963, 1267093285
964, 1267093293
965, 1267093307
966, 1267093315
967, 1267093323
968, 1267093331
969, 126709334X
970, 1267093358
971, 1267093366
972, 1267093374
973, 1267093382
974, 1267093390
975, 1267093412
976, 1267093420
977, 1267093439
978, 1267093447
979, 1267093455
980, 1267093463
981, 1267093471
982, 126709348X
983, 1267093498
984, 1267093501
985, 126709351X
986, 1267093528
987, 1267093544
988, 1267093552
989, 1267093560
990, 1267093579
991, 1267093587
992, 1267093609
993, 1267093617
994, 1267093625
995, 1267093633
996, 1267093641
997, 126709365X
998, 1267093668
999, 1267093684
1000, 1267093692
