1, 1267094117
2, 1267094125
3, 1267094133
4, 1267094141
5, 126709415X
6, 1267094168
7, 1267094176
8, 1267094184
9, 1267094206
10, 1267094214
11, 1267094222
12, 1267094230
13, 1267094249
14, 1267094257
15, 1267094265
16, 1267094273
17, 1267094281
18, 126709429X
19, 1267094303
20, 1267094311
21, 126709432X
22, 1267094346
23, 1267094354
24, 1267094362
25, 1267094370
26, 1267094389
27, 1267094397
28, 1267094400
29, 1267094419
30, 1267094427
31, 1267094435
32, 1267094451
33, 126709446X
34, 1267094478
35, 1267094494
36, 1267094516
37, 1267094524
38, 1267094532
39, 1267094540
40, 1267094559
41, 1267094567
42, 1267094575
43, 1267094583
44, 1267094591
45, 1267094605
46, 1267094613
47, 1267094621
48, 126709463X
49, 1267094648
50, 1267094664
51, 1267094672
52, 1267094680
53, 1267094699
54, 1267094702
55, 1267094710
56, 1267094729
57, 1267094737
58, 1267094745
59, 1267094753
60, 1267094761
61, 126709477X
62, 1267094796
63, 126709480X
64, 1267094818
65, 1267094826
66, 1267094834
67, 1267094842
68, 1267094850
69, 1267094869
70, 1267094877
71, 1267094885
72, 1267094893
73, 1267094907
74, 1267094915
75, 1267094923
76, 1267094931
77, 126709494X
78, 1267094958
79, 1267094966
80, 1267094974
81, 1267094982
82, 1267094990
83, 1267095008
84, 1267095016
85, 1267095024
86, 1267095032
87, 1267095040
88, 1267095059
89, 1267095067
90, 1267095075
91, 1267095083
92, 1267095105
93, 1267095113
94, 1267095121
95, 126709513X
96, 1267095148
97, 1267095156
98, 1267095172
99, 1267095180
100, 1267095199
101, 1267095202
102, 1267095210
103, 1267095229
104, 1267095237
105, 1267095245
106, 1267095253
107, 1267095261
108, 126709527X
109, 1267095288
110, 126709530X
111, 1267095318
112, 1267095326
113, 1267095334
114, 1267095342
115, 1267095350
116, 1267095369
117, 1267095377
118, 1267095385
119, 1267095393
120, 1267095407
121, 1267095423
122, 1267095431
123, 126709544X
124, 1267095458
125, 1267095466
126, 1267095474
127, 1267095482
128, 1267095490
129, 1267095504
130, 1267095512
131, 1267095520
132, 1267095547
133, 1267095555
134, 1267095563
135, 1267095571
136, 126709558X
137, 1267095598
138, 1267095601
139, 126709561X
140, 1267095628
141, 1267095636
142, 1267095644
143, 1267095660
144, 1267095679
145, 1267095687
146, 1267095695
147, 1267095709
148, 1267095717
149, 1267095733
150, 1267095741
151, 126709575X
152, 1267095768
153, 1267095784
154, 1267095792
155, 1267095806
156, 1267095814
157, 1267095822
158, 1267095830
159, 1267095849
160, 1267095857
161, 1267095865
162, 1267095873
163, 1267095881
164, 126709589X
165, 1267095911
166, 126709592X
167, 1267095938
168, 1267095946
169, 1267095954
170, 1267095962
171, 1267095970
172, 1267095989
173, 1267095997
174, 1267096004
175, 1267096012
176, 1267096020
177, 1267096039
178, 1267096055
179, 1267096063
180, 1267096071
181, 126709608X
182, 1267096098
183, 1267096101
184, 126709611X
185, 1267096128
186, 1267096136
187, 1267096144
188, 1267096152
189, 1267096160
190, 1267096187
191, 1267096195
192, 1267096209
193, 1267096217
194, 1267096225
195, 1267096233
196, 1267096241
197, 126709625X
198, 1267096268
199, 1267096276
200, 1267096284
201, 1267096292
202, 1267096306
203, 1267096314
204, 1267096349
205, 1267096357
206, 1267096365
207, 1267096373
208, 1267096381
209, 126709639X
210, 1267096403
211, 1267096411
212, 126709642X
213, 1267096438
214, 1267096446
215, 1267096454
216, 1267096462
217, 1267096470
218, 1267096489
219, 1267096497
220, 1267096500
221, 1267096519
222, 1267096527
223, 1267096535
224, 1267096543
225, 1267096551
226, 126709656X
227, 1267096578
228, 1267096586
229, 1267096594
230, 1267096608
231, 1267096616
232, 1267096624
233, 1267096640
234, 1267096659
235, 1267096667
236, 1267096675
237, 1267096683
238, 1267096691
239, 1267096705
240, 1267096713
241, 1267096721
242, 126709673X
243, 1267096748
244, 1267096756
245, 1267096764
246, 1267096772
247, 1267096799
248, 1267096802
249, 1267096810
250, 1267096829
251, 1267096837
252, 1267096845
253, 1267096853
254, 1267096861
255, 1267096888
256, 1267096896
257, 126709690X
258, 1267096918
259, 1267096926
260, 1267096934
261, 1267096942
262, 1267096950
263, 1267096977
264, 1267096985
265, 1267096993
266, 1267097000
267, 1267097019
268, 1267097027
269, 1267097035
270, 1267097043
271, 1267097051
272, 126709706X
273, 1267097078
274, 1267097094
275, 1267097108
276, 1267097116
277, 1267097124
278, 1267097132
279, 1267097140
280, 1267097159
281, 1267097167
282, 1267097175
283, 1267097183
284, 1267097191
285, 1267097205
286, 1267097213
287, 1267097221
288, 126709723X
289, 1267097248
290, 1267097256
291, 1267097264
292, 1267097272
293, 1267097280
294, 1267097302
295, 1267097310
296, 1267097329
297, 1267097337
298, 1267097345
299, 1267097353
300, 1267097361
301, 126709737X
302, 1267097388
303, 1267097396
304, 126709740X
305, 1267097418
306, 1267097426
307, 1267097434
308, 1267097442
309, 1267097450
310, 1267097469
311, 1267097477
312, 1267097485
313, 1267097507
314, 1267097515
315, 1267097523
316, 1267097531
317, 126709754X
318, 1267097558
319, 1267097566
320, 1267097574
321, 1267097582
322, 1267097590
323, 1267097604
324, 1267097612
325, 1267097639
326, 1267097647
327, 1267097655
328, 1267097663
329, 1267097671
330, 126709768X
331, 1267097698
332, 1267097701
333, 126709771X
334, 1267097728
335, 1267097736
336, 1267097744
337, 1267097752
338, 1267097779
339, 1267097787
340, 1267097795
341, 1267097809
342, 1267097817
343, 1267097825
344, 1267097833
345, 1267097841
346, 126709785X
347, 1267097868
348, 1267097876
349, 1267097892
350, 1267097906
351, 1267097914
352, 1267097922
353, 1267097949
354, 1267097957
355, 1267097965
356, 1267097973
357, 1267097981
358, 126709799X
359, 1267098007
360, 1267098015
361, 1267098023
362, 1267098031
363, 126709804X
364, 1267098058
365, 1267098066
366, 1267098074
367, 1267098090
368, 1267098104
369, 1267098112
370, 1267098120
371, 1267098139
372, 1267098147
373, 1267098155
374, 1267098163
375, 1267098171
376, 126709818X
377, 1267098198
378, 1267098201
379, 126709821X
380, 1267098228
381, 1267098236
382, 1267098244
383, 1267098260
384, 1267098279
385, 1267098287
386, 1267098295
387, 1267098309
388, 1267098317
389, 1267098325
390, 1267098333
391, 1267098341
392, 126709835X
393, 1267098368
394, 1267098376
395, 1267098384
396, 1267098392
397, 1267098414
398, 1267098422
399, 1267098430
400, 1267098449
401, 1267098457
402, 1267098465
403, 1267098473
404, 1267098481
405, 126709849X
406, 1267098503
407, 1267098511
408, 126709852X
409, 1267098546
410, 1267098554
411, 1267098570
412, 1267098589
413, 1267098597
414, 1267098600
415, 1267098619
416, 1267098627
417, 1267098635
418, 1267098643
419, 1267098651
420, 126709866X
421, 1267098678
422, 1267098694
423, 1267098708
424, 1267098716
425, 1267098724
426, 1267098732
427, 1267098740
428, 1267098759
429, 1267098767
430, 1267098775
431, 1267098783
432, 1267098791
433, 1267098805
434, 1267098813
435, 126709883X
436, 1267098848
437, 1267098856
438, 1267098864
439, 1267098872
440, 1267098880
441, 1267098899
442, 1267098902
443, 1267098910
444, 1267098929
445, 1267098937
446, 1267098945
447, 1267098953
448, 126709897X
449, 1267098988
450, 1267098996
451, 1267099003
452, 1267099011
453, 126709902X
454, 1267099038
455, 1267099046
456, 1267099054
457, 1267099070
458, 1267099089
459, 1267099097
460, 1267099100
461, 1267099119
462, 1267099127
463, 1267099135
464, 1267099143
465, 1267099151
466, 126709916X
467, 1267099178
468, 1267099186
469, 1267099194
470, 1267099216
471, 1267099224
472, 1267099232
473, 1267099259
474, 1267099267
475, 1267099275
476, 1267099283
477, 1267099291
478, 1267099305
479, 1267099313
480, 1267099321
481, 1267099348
482, 1267099356
483, 1267099372
484, 1267099380
485, 1267099399
486, 1267099402
487, 1267099410
488, 1267099429
489, 1267099437
490, 1267099445
491, 1267099453
492, 1267099461
493, 126709947X
494, 1267099488
495, 1267099496
496, 1267099518
497, 1267099526
498, 1267099534
499, 1267099542
500, 1267099550
501, 1267099569
502, 1267099577
503, 1267099585
504, 1267099593
505, 1267099607
506, 1267099615
507, 1267099623
508, 1267099631
509, 126709964X
510, 1267099658
511, 1267099666
512, 1267099674
513, 1267099682
514, 1267099704
515, 1267099712
516, 1267099720
517, 1267099739
518, 1267099747
519, 1267099755
520, 1267099763
521, 1267099771
522, 126709978X
523, 1267099798
524, 1267099801
525, 126709981X
526, 1267099828
527, 1267099836
528, 1267099852
529, 1267099860
530, 1267099879
531, 1267099887
532, 1267099895
533, 1267099909
534, 1267099925
535, 1267099933
536, 1267099941
537, 126709995X
538, 1267099968
539, 1267099976
540, 1267099984
541, 1267100001
542, 126710001X
543, 1267100036
544, 1267100044
545, 1267100052
546, 1267100060
547, 1267100079
548, 1267100087
549, 1267100095
550, 1267100109
551, 1267100117
552, 1267100125
553, 1267100133
554, 1267100141
555, 126710015X
556, 1267100168
557, 1267100176
558, 1267100192
559, 1267100206
560, 1267100214
561, 1267100222
562, 1267100230
563, 1267100249
564, 1267100257
565, 1267100265
566, 1267100273
567, 1267100281
568, 126710029X
569, 1267100303
570, 1267100311
571, 126710032X
572, 1267100346
573, 1267100362
574, 1267100370
575, 1267100389
576, 1267100397
577, 1267100400
578, 1267100419
579, 1267100427
580, 1267100435
581, 1267100443
582, 1267100451
583, 126710046X
584, 1267100478
585, 1267100494
586, 1267100508
587, 1267100516
588, 1267100524
589, 1267100532
590, 1267100540
591, 1267100559
592, 1267100567
593, 1267100575
594, 1267100583
595, 1267100605
596, 1267100613
597, 1267100621
598, 1267100648
599, 1267100656
600, 1267100664
601, 1267100672
602, 1267100680
603, 1267100699
604, 1267100702
605, 1267100710
606, 1267100729
607, 1267100737
608, 1267100745
609, 1267100753
610, 1267100761
611, 126710077X
612, 1267100796
613, 126710080X
614, 1267100818
615, 1267100826
616, 1267100834
617, 1267100842
618, 1267100850
619, 1267100869
620, 1267100877
621, 1267100885
622, 1267100893
623, 1267100907
624, 1267100915
625, 1267100931
626, 126710094X
627, 1267100958
628, 1267100966
629, 1267100974
630, 1267100982
631, 1267100990
632, 1267101008
633, 1267101016
634, 1267101024
635, 1267101032
636, 1267101040
637, 1267101067
638, 1267101075
639, 1267101083
640, 1267101091
641, 1267101105
642, 1267101113
643, 1267101121
644, 126710113X
645, 1267101148
646, 1267101156
647, 1267101164
648, 1267101172
649, 1267101199
650, 1267101202
651, 1267101210
652, 1267101229
653, 1267101237
654, 1267101245
655, 1267101253
656, 1267101261
657, 1267101288
658, 1267101296
659, 126710130X
660, 1267101318
661, 1267101326
662, 1267101342
663, 1267101350
664, 1267101369
665, 1267101377
666, 1267101385
667, 1267101393
668, 1267101407
669, 1267101415
670, 1267101423
671, 1267101431
672, 126710144X
673, 1267101458
674, 1267101474
675, 1267101482
676, 1267101490
677, 1267101504
678, 1267101512
679, 1267101520
680, 1267101539
681, 1267101547
682, 1267101555
683, 1267101563
684, 1267101571
685, 126710158X
686, 1267101601
687, 126710161X
688, 1267101628
689, 1267101636
690, 1267101644
691, 1267101652
692, 1267101660
693, 1267101679
694, 1267101687
695, 1267101695
696, 1267101709
697, 1267101717
698, 1267101733
699, 1267101741
700, 126710175X
701, 1267101768
702, 1267101776
703, 1267101784
704, 1267101792
705, 1267101806
706, 1267101814
707, 1267101822
708, 1267101830
709, 1267101849
710, 1267101857
711, 1267101865
712, 1267101881
713, 126710189X
714, 1267101903
715, 1267101911
716, 126710192X
717, 1267101938
718, 1267101954
719, 1267101962
720, 1267101970
721, 1267101989
722, 1267101997
723, 1267102004
724, 1267102012
725, 1267102020
726, 1267102047
727, 1267102055
728, 1267102063
729, 1267102071
730, 126710208X
731, 1267102098
732, 1267102101
733, 126710211X
734, 1267102128
735, 1267102136
736, 1267102144
737, 1267102152
738, 1267102179
739, 1267102187
740, 1267102195
741, 1267102209
742, 1267102217
743, 1267102225
744, 1267102233
745, 1267102241
746, 126710225X
747, 1267102268
748, 1267102276
749, 1267102284
750, 1267102292
751, 1267102314
752, 1267102322
753, 1267102330
754, 1267102349
755, 1267102357
756, 1267102365
757, 1267102373
758, 1267102381
759, 126710239X
760, 1267102403
761, 1267102411
762, 126710242X
763, 1267102438
764, 1267102454
765, 1267102462
766, 1267102470
767, 1267102489
768, 1267102497
769, 1267102500
770, 1267102519
771, 1267102527
772, 1267102535
773, 1267102543
774, 1267102551
775, 126710256X
776, 1267102578
777, 1267102586
778, 1267102594
779, 1267102608
780, 1267102624
781, 1267102640
782, 1267102659
783, 1267102667
784, 1267102675
785, 1267102683
786, 1267102691
787, 1267102705
788, 1267102713
789, 1267102721
790, 126710273X
791, 1267102748
792, 1267102756
793, 1267102764
794, 1267102780
795, 1267102799
796, 1267102802
797, 1267102810
798, 1267102829
799, 1267102837
800, 1267102845
801, 1267102853
802, 1267102861
803, 126710287X
804, 1267102888
805, 1267102896
806, 1267102918
807, 1267102926
808, 1267102934
809, 1267102942
810, 1267102950
811, 1267102969
812, 1267102977
813, 1267102985
814, 1267102993
815, 1267103000
816, 1267103019
817, 1267103027
818, 1267103043
819, 1267103051
820, 126710306X
821, 1267103078
822, 1267103086
823, 1267103094
824, 1267103108
825, 1267103116
826, 1267103124
827, 1267103132
828, 1267103140
829, 1267103159
830, 1267103167
831, 1267103175
832, 1267103183
833, 1267103191
834, 1267103205
835, 1267103221
836, 126710323X
837, 1267103248
838, 1267103256
839, 1267103264
840, 1267103272
841, 1267103280
842, 1267103299
843, 1267103302
844, 1267103310
845, 1267103329
846, 1267103337
847, 1267103345
848, 1267103353
849, 1267103361
850, 126710337X
851, 1267103396
852, 126710340X
853, 1267103418
854, 1267103426
855, 1267103434
856, 1267103442
857, 1267103450
858, 1267103469
859, 1267103477
860, 1267103485
861, 1267103493
862, 1267103507
863, 1267103515
864, 1267103531
865, 126710354X
866, 1267103558
867, 1267103566
868, 1267103582
869, 1267103590
870, 1267103604
871, 1267103612
872, 1267103620
873, 1267103639
874, 1267103647
875, 1267103655
876, 1267103663
877, 1267103671
878, 126710368X
879, 1267103698
880, 1267103701
881, 126710371X
882, 1267103728
883, 1267103736
884, 1267103744
885, 1267103752
886, 1267103760
887, 1267103779
888, 1267103787
889, 1267103795
890, 1267103809
891, 1267103817
892, 1267103825
893, 1267103833
894, 1267103841
895, 126710385X
896, 1267103868
897, 1267103876
898, 1267103892
899, 1267103906
900, 1267103914
901, 1267103922
902, 1267103930
903, 1267103949
904, 1267103957
905, 1267103965
906, 1267103973
907, 1267103981
908, 126710399X
909, 1267104007
910, 1267104015
911, 1267104023
912, 126710404X
913, 1267104058
914, 1267104066
915, 1267104074
916, 1267104082
917, 1267104090
918, 1267104104
919, 1267104112
920, 1267104120
921, 1267104139
922, 1267104147
923, 1267104155
924, 1267104163
925, 1267104171
926, 126710418X
927, 1267104198
928, 1267104201
929, 126710421X
930, 1267104228
931, 1267104236
932, 1267104244
933, 1267104252
934, 1267104260
935, 1267104279
936, 1267104287
937, 1267104295
938, 1267104309
939, 1267104317
940, 1267104325
941, 1267104333
942, 1267104341
943, 1267104368
944, 1267104376
945, 1267104384
946, 1267104392
947, 1267104406
948, 1267104414
949, 1267104430
950, 1267104449
951, 1267104457
952, 1267104465
953, 1267104473
954, 1267104481
955, 126710449X
956, 1267104503
957, 1267104511
958, 126710452X
959, 1267104538
960, 1267104546
961, 1267104554
962, 1267104562
963, 1267104570
964, 1267104589
965, 1267104597
966, 1267104600
967, 1267104619
968, 1267104627
969, 1267104635
970, 1267104643
971, 1267104651
972, 126710466X
973, 1267104678
974, 1267104686
975, 1267104694
976, 1267104716
977, 1267104724
978, 1267104732
979, 1267104740
980, 1267104759
981, 1267104767
982, 1267104775
983, 1267104783
984, 1267104791
985, 1267104805
986, 1267104813
987, 1267104821
988, 126710483X
989, 1267104848
990, 1267104856
991, 1267104864
992, 1267104872
993, 1267104880
994, 1267104899
995, 1267104902
996, 1267104910
997, 1267104929
998, 1267104937
999, 1267104945
1000, 1267104953
