1, 1267116862
2, 1267116870
3, 1267116889
4, 1267116897
5, 1267116900
6, 1267116919
7, 1267116935
8, 1267116943
9, 1267116951
10, 126711696X
11, 1267116978
12, 1267116986
13, 1267116994
14, 1267117001
15, 126711701X
16, 1267117028
17, 1267117036
18, 1267117044
19, 1267117052
20, 1267117060
21, 1267117087
22, 1267117095
23, 1267117109
24, 1267117117
25, 1267117125
26, 1267117133
27, 1267117141
28, 126711715X
29, 1267117168
30, 1267117176
31, 1267117184
32, 1267117192
33, 1267117206
34, 1267117222
35, 1267117230
36, 1267117249
37, 1267117257
38, 1267117265
39, 1267117273
40, 1267117281
41, 126711729X
42, 1267117303
43, 1267117311
44, 126711732X
45, 1267117338
46, 1267117346
47, 1267117362
48, 1267117370
49, 1267117389
50, 1267117400
51, 1267117419
52, 1267117427
53, 1267117435
54, 1267117443
55, 1267117451
56, 126711746X
57, 1267117478
58, 1267117486
59, 1267117494
60, 1267117508
61, 1267117524
62, 1267117532
63, 1267117540
64, 1267117559
65, 1267117567
66, 1267117575
67, 1267117583
68, 1267117591
69, 1267117605
70, 1267117613
71, 1267117621
72, 126711763X
73, 1267117656
74, 1267117664
75, 1267117672
76, 1267117680
77, 1267117699
78, 1267117702
79, 1267117710
80, 1267117729
81, 1267117737
82, 1267117745
83, 1267117753
84, 1267117761
85, 1267117788
86, 1267117796
87, 126711780X
88, 1267117818
89, 1267117826
90, 1267117834
91, 1267117842
92, 1267117850
93, 1267117869
94, 1267117885
95, 1267117893
96, 1267117907
97, 1267117915
98, 1267117923
99, 1267117931
100, 126711794X
101, 1267117958
102, 1267117966
103, 1267117974
104, 1267117982
105, 1267117990
106, 1267118008
107, 1267118024
108, 1267118040
109, 1267118059
110, 1267118067
111, 1267118075
112, 1267118083
113, 1267118091
114, 1267118105
115, 1267118113
116, 1267118121
117, 126711813X
118, 1267118148
119, 1267118156
120, 1267118164
121, 1267118172
122, 1267118180
123, 1267118202
124, 1267118210
125, 1267118229
126, 1267118237
127, 1267118245
128, 1267118253
129, 1267118261
130, 126711827X
131, 1267118288
132, 1267118296
133, 126711830X
134, 1267118318
135, 1267118326
136, 1267118334
137, 1267118350
138, 1267118369
139, 1267118377
140, 1267118385
141, 1267118393
142, 1267118407
143, 1267118415
144, 1267118423
145, 1267118431
146, 126711844X
147, 1267118458
148, 1267118466
149, 1267118474
150, 1267118490
151, 1267118504
152, 1267118512
153, 1267118520
154, 1267118539
155, 1267118547
156, 1267118555
157, 1267118563
158, 1267118571
159, 126711858X
160, 1267118598
161, 1267118601
162, 126711861X
163, 1267118628
164, 1267118652
165, 1267118660
166, 1267118679
167, 1267118687
168, 1267118695
169, 1267118709
170, 1267118717
171, 1267118725
172, 1267118733
173, 1267118741
174, 126711875X
175, 1267118768
176, 1267118776
177, 1267118784
178, 1267118806
179, 1267118814
180, 1267118822
181, 1267118830
182, 1267118849
183, 1267118857
184, 1267118865
185, 1267118873
186, 1267118881
187, 126711889X
188, 1267118903
189, 1267118911
190, 126711892X
191, 1267118946
192, 1267118954
193, 1267118962
194, 1267118970
195, 1267118989
196, 1267118997
197, 1267119004
198, 1267119012
199, 1267119039
200, 1267119047
201, 1267119055
202, 1267119063
203, 126711908X
204, 1267119098
205, 1267119101
206, 126711911X
207, 1267119128
208, 1267119136
209, 1267119144
210, 1267119152
211, 1267119160
212, 1267119179
213, 1267119187
214, 1267119195
215, 1267119209
216, 1267119217
217, 1267119225
218, 1267119241
219, 126711925X
220, 1267119268
221, 1267119276
222, 1267119284
223, 1267119292
224, 1267119306
225, 1267119314
226, 1267119322
227, 1267119330
228, 1267119349
229, 1267119357
230, 1267119365
231, 1267119373
232, 126711939X
233, 1267119403
234, 1267119411
235, 126711942X
236, 1267119438
237, 1267119446
238, 1267119454
239, 1267119462
240, 1267119470
241, 1267119489
242, 1267119497
243, 1267119500
244, 1267119527
245, 1267119535
246, 1267119543
247, 1267119551
248, 126711956X
249, 1267119578
250, 1267119586
251, 1267119594
252, 1267119608
253, 1267119616
254, 1267119624
255, 1267119632
256, 1267119640
257, 1267119659
258, 1267119675
259, 1267119683
260, 1267119691
261, 1267119705
262, 1267119713
263, 1267119721
264, 126711973X
265, 1267119748
266, 1267119756
267, 1267119764
268, 1267119772
269, 1267119780
270, 1267119799
271, 1267119802
272, 1267119810
273, 1267119845
274, 1267119853
275, 1267119861
276, 126711987X
277, 1267119888
278, 1267119896
279, 126711990X
280, 1267119918
281, 1267119926
282, 1267119934
283, 1267119942
284, 1267119950
285, 1267119977
286, 1267119985
287, 1267119993
288, 1267120002
289, 1267120010
290, 1267120029
291, 1267120037
292, 1267120045
293, 1267120053
294, 1267120061
295, 126712007X
296, 1267120088
297, 1267120096
298, 1267120118
299, 1267120126
300, 1267120134
301, 1267120142
302, 1267120150
303, 1267120169
304, 1267120177
305, 1267120185
306, 1267120193
307, 1267120207
308, 1267120215
309, 1267120223
310, 1267120231
311, 126712024X
312, 1267120258
313, 1267120266
314, 1267120282
315, 1267120290
316, 1267120304
317, 1267120312
318, 1267120320
319, 1267120339
320, 1267120347
321, 1267120355
322, 1267120363
323, 1267120371
324, 126712038X
325, 1267120398
326, 1267120401
327, 1267120428
328, 1267120436
329, 1267120452
330, 1267120460
331, 1267120479
332, 1267120487
333, 1267120495
334, 1267120509
335, 1267120517
336, 1267120525
337, 1267120533
338, 1267120541
339, 126712055X
340, 1267120568
341, 1267120576
342, 1267120584
343, 1267120592
344, 1267120614
345, 1267120622
346, 1267120630
347, 1267120649
348, 1267120657
349, 1267120665
350, 1267120673
351, 1267120681
352, 126712069X
353, 1267120703
354, 1267120711
355, 1267120738
356, 1267120746
357, 1267120754
358, 1267120762
359, 1267120770
360, 1267120789
361, 1267120797
362, 1267120800
363, 1267120819
364, 1267120827
365, 1267120835
366, 1267120843
367, 1267120851
368, 1267120878
369, 1267120886
370, 1267120894
371, 1267120908
372, 1267120916
373, 1267120924
374, 1267120932
375, 1267120940
376, 1267120959
377, 1267120967
378, 1267120975
379, 1267120983
380, 1267120991
381, 1267121017
382, 1267121033
383, 1267121041
384, 126712105X
385, 1267121068
386, 1267121076
387, 1267121084
388, 1267121092
389, 1267121106
390, 1267121114
391, 1267121122
392, 1267121130
393, 1267121149
394, 1267121157
395, 1267121165
396, 1267121181
397, 126712119X
398, 1267121203
399, 1267121211
400, 126712122X
401, 1267121238
402, 1267121246
403, 1267121254
404, 1267121262
405, 1267121270
406, 1267121289
407, 1267121297
408, 1267121319
409, 1267121327
410, 1267121335
411, 1267121343
412, 1267121351
413, 126712136X
414, 1267121378
415, 1267121386
416, 1267121394
417, 1267121408
418, 1267121416
419, 1267121424
420, 1267121432
421, 1267121459
422, 1267121467
423, 1267121475
424, 1267121483
425, 1267121491
426, 1267121505
427, 1267121513
428, 1267121521
429, 126712153X
430, 1267121548
431, 1267121556
432, 1267121564
433, 1267121572
434, 1267121580
435, 1267121602
436, 1267121610
437, 1267121637
438, 1267121645
439, 1267121653
440, 1267121661
441, 126712167X
442, 1267121688
443, 1267121696
444, 126712170X
445, 1267121726
446, 1267121734
447, 1267121742
448, 1267121750
449, 1267121769
450, 1267121777
451, 1267121785
452, 1267121793
453, 1267121807
454, 1267121815
455, 1267121823
456, 1267121831
457, 1267121858
458, 1267121866
459, 1267121874
460, 1267121882
461, 1267121890
462, 1267121904
463, 1267121912
464, 1267121920
465, 1267121939
466, 1267121947
467, 1267121955
468, 1267121963
469, 1267121971
470, 1267121998
471, 1267122013
472, 1267122021
473, 126712203X
474, 1267122048
475, 1267122056
476, 1267122064
477, 1267122072
478, 1267122080
479, 1267122099
480, 1267122110
481, 1267122129
482, 1267122137
483, 1267122145
484, 1267122153
485, 1267122161
486, 126712217X
487, 1267122188
488, 1267122196
489, 126712220X
490, 1267122218
491, 1267122242
492, 1267122250
493, 1267122269
494, 1267122277
495, 1267122285
496, 1267122293
497, 1267122307
498, 1267122315
499, 1267122323
500, 1267122331
501, 126712234X
502, 1267122366
503, 1267122374
504, 1267122382
505, 1267122390
506, 1267122404
507, 1267122412
508, 1267122420
509, 1267122439
510, 1267122447
511, 1267122455
512, 1267122471
513, 126712248X
514, 1267122498
515, 1267122501
516, 126712251X
517, 1267122528
518, 1267122536
519, 1267122544
520, 1267122552
521, 1267122560
522, 1267122579
523, 1267122595
524, 1267122609
525, 1267122617
526, 1267122625
527, 1267122633
528, 1267122641
529, 126712265X
530, 1267122668
531, 1267122676
532, 1267122684
533, 1267122692
534, 1267122714
535, 1267122722
536, 1267122730
537, 1267122749
538, 1267122757
539, 1267122765
540, 1267122773
541, 1267122781
542, 126712279X
543, 1267122803
544, 1267122811
545, 1267122846
546, 1267122854
547, 1267122862
548, 1267122870
549, 1267122889
550, 1267122897
551, 1267122900
552, 1267122919
553, 1267122927
554, 1267122935
555, 1267122943
556, 1267122951
557, 1267122978
558, 1267122986
559, 1267122994
560, 1267123001
561, 126712301X
562, 1267123028
563, 1267123036
564, 1267123044
565, 1267123052
566, 1267123060
567, 1267123079
568, 1267123095
569, 1267123109
570, 1267123117
571, 1267123125
572, 1267123133
573, 1267123141
574, 126712315X
575, 1267123168
576, 1267123176
577, 1267123184
578, 1267123192
579, 1267123214
580, 1267123222
581, 1267123230
582, 1267123249
583, 1267123257
584, 1267123265
585, 1267123273
586, 1267123281
587, 126712329X
588, 1267123303
589, 1267123311
590, 1267123338
591, 1267123346
592, 1267123354
593, 1267123362
594, 1267123370
595, 1267123389
596, 1267123397
597, 1267123400
598, 1267123419
599, 1267123427
600, 1267123451
601, 126712346X
602, 1267123478
603, 1267123486
604, 1267123494
605, 1267123508
606, 1267123516
607, 1267123524
608, 1267123532
609, 1267123540
610, 1267123559
611, 1267123575
612, 1267123583
613, 1267123591
614, 1267123605
615, 1267123613
616, 1267123621
617, 1267123648
618, 1267123656
619, 1267123664
620, 1267123672
621, 1267123680
622, 1267123702
623, 1267123710
624, 1267123729
625, 1267123737
626, 1267123745
627, 1267123753
628, 1267123761
629, 126712377X
630, 1267123788
631, 1267123796
632, 1267123818
633, 1267123826
634, 1267123834
635, 1267123842
636, 1267123850
637, 1267123869
638, 1267123877
639, 1267123885
640, 1267123893
641, 1267123907
642, 1267123915
643, 1267123923
644, 126712394X
645, 1267123958
646, 1267123966
647, 1267123974
648, 1267123982
649, 1267123990
650, 1267124008
651, 1267124016
652, 1267124024
653, 1267124032
654, 1267124040
655, 1267124059
656, 1267124083
657, 1267124091
658, 1267124105
659, 1267124113
660, 1267124121
661, 126712413X
662, 1267124148
663, 1267124156
664, 1267124164
665, 1267124172
666, 1267124180
667, 1267124199
668, 1267124210
669, 1267124229
670, 1267124237
671, 1267124245
672, 1267124253
673, 1267124261
674, 126712427X
675, 1267124288
676, 1267124296
677, 126712430X
678, 1267124318
679, 1267124326
680, 1267124334
681, 1267124350
682, 1267124369
683, 1267124377
684, 1267124385
685, 1267124393
686, 1267124407
687, 1267124415
688, 1267124423
689, 1267124431
690, 126712444X
691, 1267124458
692, 1267124466
693, 1267124482
694, 1267124490
695, 1267124504
696, 1267124512
697, 1267124520
698, 1267124539
699, 1267124547
700, 1267124555
701, 1267124563
702, 1267124571
703, 126712458X
704, 1267124598
705, 1267124601
706, 1267124628
707, 1267124636
708, 1267124644
709, 1267124652
710, 1267124660
711, 1267124679
712, 1267124687
713, 1267124695
714, 1267124709
715, 1267124717
716, 1267124725
717, 1267124733
718, 126712475X
719, 1267124768
720, 1267124776
721, 1267124784
722, 1267124806
723, 1267124814
724, 1267124822
725, 1267124830
726, 1267124849
727, 1267124857
728, 1267124865
729, 1267124873
730, 1267124881
731, 126712489X
732, 1267124903
733, 1267124911
734, 126712492X
735, 1267124938
736, 1267124946
737, 1267124954
738, 1267124962
739, 1267124970
740, 1267124989
741, 1267124997
742, 1267125012
743, 1267125020
744, 1267125039
745, 1267125047
746, 1267125055
747, 1267125063
748, 1267125071
749, 126712508X
750, 1267125098
751, 1267125101
752, 126712511X
753, 1267125128
754, 1267125136
755, 1267125144
756, 1267125152
757, 1267125160
758, 1267125179
759, 1267125195
760, 1267125209
761, 1267125217
762, 1267125225
763, 1267125233
764, 1267125241
765, 126712525X
766, 1267125268
767, 1267125276
768, 1267125284
769, 1267125292
770, 1267125306
771, 1267125314
772, 1267125322
773, 1267125349
774, 1267125357
775, 1267125365
776, 1267125373
777, 1267125381
778, 126712539X
779, 1267125403
780, 1267125411
781, 1267125438
782, 1267125446
783, 1267125454
784, 1267125462
785, 1267125470
786, 1267125489
787, 1267125497
788, 1267125500
789, 1267125519
790, 1267125527
791, 1267125535
792, 1267125543
793, 1267125551
794, 126712556X
795, 1267125578
796, 1267125586
797, 1267125594
798, 1267125608
799, 1267125616
800, 1267125624
801, 1267125632
802, 1267125640
803, 1267125659
804, 1267125675
805, 1267125683
806, 1267125691
807, 1267125705
808, 1267125713
809, 1267125721
810, 126712573X
811, 1267125748
812, 1267125756
813, 1267125764
814, 1267125772
815, 1267125780
816, 1267125799
817, 1267125802
818, 1267125810
819, 1267125829
820, 1267125837
821, 1267125845
822, 1267125853
823, 1267125861
824, 126712587X
825, 1267125888
826, 1267125896
827, 126712590X
828, 1267125918
829, 1267125926
830, 1267125934
831, 1267125942
832, 1267125969
833, 1267125977
834, 1267125985
835, 1267125993
836, 1267126000
837, 1267126019
838, 1267126027
839, 1267126035
840, 1267126043
841, 1267126051
842, 126712606X
843, 1267126086
844, 1267126094
845, 1267126108
846, 1267126116
847, 1267126124
848, 1267126132
849, 1267126140
850, 1267126159
851, 1267126167
852, 1267126175
853, 1267126183
854, 1267126191
855, 1267126205
856, 1267126213
857, 1267126221
858, 126712623X
859, 1267126248
860, 1267126256
861, 1267126272
862, 1267126280
863, 1267126299
864, 1267126302
865, 1267126310
866, 1267126329
867, 1267126337
868, 1267126345
869, 1267126353
870, 1267126361
871, 126712637X
872, 1267126388
873, 1267126396
874, 126712640X
875, 1267126418
876, 1267126426
877, 1267126434
878, 1267126442
879, 1267126450
880, 1267126469
881, 1267126477
882, 1267126485
883, 1267126493
884, 1267126507
885, 1267126523
886, 1267126531
887, 126712654X
888, 1267126558
889, 1267126566
890, 1267126574
891, 1267126582
892, 1267126590
893, 1267126604
894, 1267126612
895, 1267126620
896, 1267126639
897, 1267126647
898, 1267126655
899, 1267126663
900, 1267126671
901, 126712668X
902, 1267126698
903, 1267126701
904, 126712671X
905, 1267126736
906, 1267126744
907, 1267126752
908, 1267126760
909, 1267126779
910, 1267126787
911, 1267126795
912, 1267126809
913, 1267126825
914, 1267126833
915, 1267126841
916, 126712685X
917, 1267126868
918, 1267126876
919, 1267126884
920, 1267126892
921, 1267126906
922, 1267126914
923, 1267126922
924, 1267126930
925, 1267126949
926, 1267126957
927, 1267126973
928, 1267126981
929, 126712699X
930, 1267127007
931, 1267127015
932, 1267127023
933, 1267127031
934, 126712704X
935, 1267127058
936, 1267127066
937, 1267127074
938, 1267127082
939, 1267127104
940, 1267127112
941, 1267127120
942, 1267127139
943, 1267127147
944, 1267127155
945, 1267127163
946, 1267127171
947, 126712718X
948, 1267127198
949, 1267127201
950, 126712721X
951, 1267127228
952, 1267127244
953, 1267127252
954, 1267127260
955, 1267127279
956, 1267127287
957, 1267127295
958, 1267127309
959, 1267127317
960, 1267127325
961, 1267127333
962, 1267127341
963, 126712735X
964, 1267127368
965, 1267127376
966, 1267127392
967, 1267127414
968, 1267127422
969, 1267127430
970, 1267127449
971, 1267127457
972, 1267127465
973, 1267127473
974, 1267127481
975, 126712749X
976, 1267127503
977, 1267127511
978, 126712752X
979, 1267127546
980, 1267127554
981, 1267127562
982, 1267127570
983, 1267127589
984, 1267127597
985, 1267127600
986, 1267127619
987, 1267127627
988, 1267127635
989, 1267127643
990, 1267127651
991, 126712766X
992, 1267127686
993, 1267127694
994, 1267127708
995, 1267127716
996, 1267127724
997, 1267127732
998, 1267127740
999, 1267127759
1000, 1267127767
