1, 126730622X
2, 1267306238
3, 1267306246
4, 1267306254
5, 1267306262
6, 1267306270
7, 1267306289
8, 1267306300
9, 1267306319
10, 1267306327
11, 1267306335
12, 1267306343
13, 1267306351
14, 126730636X
15, 1267306378
16, 1267306386
17, 1267306394
18, 1267306408
19, 1267306416
20, 1267306424
21, 1267306432
22, 1267306440
23, 1267306459
24, 1267306467
25, 1267306475
26, 1267306483
27, 1267306491
28, 1267306505
29, 1267306513
30, 1267306521
31, 126730653X
32, 1267306548
33, 1267306564
34, 1267306580
35, 1267306599
36, 1267306602
37, 1267306610
38, 1267306629
39, 1267306637
40, 1267306645
41, 1267306653
42, 1267306661
43, 1267306688
44, 1267306696
45, 126730670X
46, 1267306718
47, 1267306726
48, 1267306734
49, 1267306742
50, 1267306750
51, 1267306769
52, 1267306777
53, 1267306785
54, 1267306793
55, 1267306807
56, 1267306815
57, 1267306823
58, 1267306831
59, 126730684X
60, 1267306866
61, 1267306882
62, 1267306890
63, 1267306904
64, 1267306912
65, 1267306939
66, 1267306947
67, 1267306955
68, 1267306963
69, 1267306971
70, 126730698X
71, 1267306998
72, 1267307005
73, 1267307013
74, 1267307021
75, 126730703X
76, 1267307048
77, 1267307056
78, 1267307064
79, 1267307072
80, 1267307080
81, 1267307099
82, 1267307102
83, 1267307110
84, 1267307129
85, 1267307137
86, 1267307145
87, 1267307161
88, 126730717X
89, 1267307188
90, 1267307196
91, 126730720X
92, 1267307226
93, 1267307234
94, 1267307250
95, 1267307269
96, 1267307277
97, 1267307285
98, 1267307293
99, 1267307307
100, 1267307315
101, 1267307331
102, 126730734X
103, 1267307358
104, 1267307366
105, 1267307374
106, 1267307390
107, 1267307404
108, 1267307420
109, 1267307439
110, 1267307447
111, 1267307455
112, 1267307463
113, 1267307471
114, 126730748X
115, 1267307498
116, 1267307501
117, 126730751X
118, 1267307528
119, 1267307536
120, 1267307544
121, 1267307552
122, 1267307560
123, 1267307579
124, 1267307587
125, 1267307595
126, 1267307609
127, 1267307617
128, 1267307625
129, 1267307633
130, 1267307641
131, 126730765X
132, 1267307676
133, 1267307684
134, 1267307692
135, 1267307706
136, 1267307714
137, 1267307722
138, 1267307730
139, 1267307749
140, 1267307757
141, 1267307765
142, 1267307773
143, 1267307781
144, 126730779X
145, 1267307803
146, 1267307811
147, 126730782X
148, 1267307846
149, 1267307854
150, 1267307862
151, 1267307870
152, 1267307897
153, 1267307900
154, 1267307919
155, 1267307927
156, 1267307935
157, 1267307943
158, 1267307951
159, 1267307978
160, 1267307986
161, 1267307994
162, 1267308001
163, 126730801X
164, 1267308028
165, 1267308036
166, 1267308044
167, 1267308052
168, 1267308060
169, 1267308079
170, 1267308087
171, 1267308095
172, 1267308109
173, 1267308117
174, 1267308125
175, 1267308133
176, 1267308141
177, 1267308168
178, 1267308176
179, 1267308184
180, 1267308192
181, 1267308206
182, 1267308214
183, 1267308230
184, 1267308249
185, 1267308257
186, 1267308265
187, 1267308273
188, 1267308281
189, 1267308303
190, 1267308311
191, 126730832X
192, 1267308338
193, 1267308346
194, 1267308354
195, 1267308362
196, 1267308370
197, 1267308389
198, 1267308397
199, 1267308400
200, 1267308419
201, 1267308427
202, 1267308435
203, 1267308443
204, 1267308451
205, 126730846X
206, 1267308478
207, 1267308486
208, 1267308494
209, 1267308508
210, 1267308516
211, 1267308532
212, 1267308540
213, 1267308559
214, 1267308567
215, 1267308575
216, 1267308583
217, 1267308591
218, 1267308605
219, 1267308613
220, 1267308621
221, 126730863X
222, 1267308648
223, 1267308656
224, 1267308664
225, 1267308672
226, 1267308680
227, 1267308699
228, 1267308702
229, 1267308710
230, 1267308729
231, 1267308745
232, 1267308753
233, 1267308761
234, 126730877X
235, 1267308788
236, 1267308796
237, 126730880X
238, 1267308818
239, 1267308826
240, 1267308834
241, 1267308842
242, 1267308850
243, 1267308869
244, 1267308877
245, 1267308885
246, 1267308893
247, 1267308907
248, 1267308915
249, 1267308923
250, 1267308931
251, 126730894X
252, 1267308958
253, 1267308966
254, 1267308974
255, 1267308982
256, 1267309008
257, 1267309016
258, 1267309024
259, 1267309032
260, 1267309040
261, 1267309059
262, 1267309067
263, 1267309075
264, 1267309083
265, 1267309091
266, 1267309105
267, 1267309113
268, 1267309121
269, 1267309148
270, 1267309156
271, 1267309164
272, 1267309172
273, 1267309180
274, 1267309199
275, 1267309202
276, 1267309210
277, 1267309237
278, 1267309245
279, 1267309253
280, 1267309261
281, 126730927X
282, 1267309288
283, 126730930X
284, 1267309318
285, 1267309326
286, 1267309342
287, 1267309350
288, 1267309369
289, 1267309377
290, 1267309385
291, 1267309393
292, 1267309407
293, 1267309415
294, 1267309423
295, 1267309431
296, 126730944X
297, 1267309458
298, 1267309474
299, 1267309482
300, 1267309490
301, 1267309504
302, 1267309512
303, 1267309520
304, 1267309539
305, 1267309547
306, 1267309555
307, 1267309563
308, 1267309571
309, 126730958X
310, 1267309598
311, 1267309601
312, 126730961X
313, 1267309628
314, 1267309636
315, 1267309652
316, 1267309660
317, 1267309679
318, 1267309687
319, 1267309695
320, 1267309709
321, 1267309717
322, 1267309725
323, 1267309733
324, 1267309741
325, 126730975X
326, 1267309768
327, 1267309776
328, 1267309784
329, 1267309792
330, 1267309806
331, 1267309814
332, 1267309822
333, 1267309830
334, 1267309849
335, 1267309857
336, 1267309865
337, 1267309873
338, 1267309881
339, 126730989X
340, 1267309903
341, 126730992X
342, 1267309938
343, 1267309946
344, 1267309954
345, 1267309962
346, 1267309970
347, 1267309989
348, 1267309997
349, 1267310006
350, 1267310014
351, 1267310022
352, 1267310030
353, 1267310049
354, 1267310057
355, 1267310073
356, 1267310081
357, 126731009X
358, 1267310103
359, 126731012X
360, 1267310138
361, 1267310146
362, 1267310154
363, 1267310162
364, 1267310170
365, 1267310189
366, 1267310197
367, 1267310200
368, 1267310219
369, 1267310235
370, 1267310243
371, 1267310251
372, 126731026X
373, 1267310278
374, 1267310286
375, 1267310294
376, 1267310308
377, 1267310316
378, 1267310332
379, 1267310340
380, 1267310359
381, 1267310367
382, 1267310375
383, 1267310383
384, 1267310391
385, 1267310405
386, 1267310413
387, 1267310421
388, 126731043X
389, 1267310448
390, 1267310456
391, 1267310464
392, 1267310472
393, 1267310480
394, 1267310499
395, 1267310502
396, 1267310510
397, 1267310537
398, 1267310545
399, 1267310553
400, 1267310561
401, 126731057X
402, 1267310588
403, 1267310596
404, 126731060X
405, 1267310626
406, 1267310634
407, 1267310642
408, 1267310650
409, 1267310669
410, 1267310677
411, 1267310685
412, 1267310693
413, 1267310707
414, 1267310715
415, 1267310723
416, 1267310731
417, 1267310758
418, 1267310766
419, 1267310774
420, 1267310782
421, 1267310790
422, 1267310804
423, 1267310812
424, 1267310820
425, 1267310839
426, 1267310847
427, 1267310855
428, 1267310863
429, 1267310871
430, 126731088X
431, 1267310898
432, 126731091X
433, 1267310928
434, 1267310936
435, 1267310944
436, 1267310952
437, 1267310960
438, 1267310979
439, 1267310987
440, 1267310995
441, 1267311002
442, 1267311010
443, 1267311029
444, 1267311037
445, 1267311045
446, 1267311053
447, 126731107X
448, 1267311088
449, 1267311096
450, 126731110X
451, 1267311118
452, 1267311126
453, 1267311134
454, 1267311142
455, 1267311150
456, 1267311169
457, 1267311177
458, 1267311185
459, 1267311193
460, 1267311207
461, 1267311215
462, 1267311223
463, 1267311231
464, 126731124X
465, 1267311258
466, 1267311274
467, 1267311282
468, 1267311304
469, 1267311312
470, 1267311320
471, 1267311339
472, 1267311347
473, 1267311355
474, 1267311363
475, 1267311371
476, 126731138X
477, 1267311398
478, 1267311401
479, 126731141X
480, 1267311428
481, 1267311436
482, 1267311444
483, 1267311452
484, 1267311460
485, 1267311479
486, 1267311487
487, 1267311495
488, 1267311509
489, 1267311517
490, 1267311525
491, 1267311533
492, 1267311541
493, 126731155X
494, 1267311568
495, 1267311576
496, 1267311584
497, 1267311606
498, 1267311614
499, 1267311622
500, 1267311630
501, 1267311649
502, 1267311657
503, 1267311665
504, 1267311673
505, 1267311681
506, 126731169X
507, 1267311703
508, 1267311711
509, 126731172X
510, 1267311738
511, 1267311746
512, 1267311754
513, 1267311762
514, 1267311770
515, 1267311797
516, 1267311800
517, 1267311819
518, 1267311827
519, 1267311835
520, 1267311843
521, 1267311851
522, 126731186X
523, 1267311878
524, 1267311886
525, 1267311894
526, 1267311916
527, 1267311924
528, 1267311932
529, 1267311940
530, 1267311959
531, 1267311967
532, 1267311975
533, 1267311983
534, 1267311991
535, 1267312009
536, 1267312017
537, 1267312025
538, 1267312033
539, 1267312041
540, 126731205X
541, 1267312068
542, 1267312076
543, 1267312084
544, 1267312092
545, 1267312106
546, 1267312114
547, 1267312122
548, 1267312130
549, 1267312149
550, 1267312157
551, 1267312165
552, 1267312173
553, 1267312181
554, 1267312203
555, 1267312211
556, 126731222X
557, 1267312238
558, 1267312246
559, 1267312254
560, 1267312262
561, 1267312270
562, 1267312289
563, 1267312297
564, 1267312300
565, 1267312319
566, 1267312327
567, 1267312335
568, 1267312343
569, 1267312351
570, 126731236X
571, 1267312378
572, 1267312386
573, 1267312394
574, 1267312408
575, 1267312416
576, 1267312424
577, 1267312440
578, 1267312459
579, 1267312467
580, 1267312475
581, 1267312483
582, 1267312491
583, 1267312505
584, 1267312513
585, 1267312521
586, 1267312548
587, 1267312556
588, 1267312564
589, 1267312572
590, 1267312580
591, 1267312599
592, 1267312602
593, 1267312610
594, 1267312629
595, 1267312637
596, 1267312645
597, 1267312653
598, 1267312661
599, 1267312688
600, 1267312696
601, 126731270X
602, 1267312718
603, 1267312734
604, 1267312742
605, 1267312750
606, 1267312769
607, 1267312777
608, 1267312785
609, 1267312793
610, 1267312807
611, 1267312815
612, 1267312823
613, 1267312831
614, 126731284X
615, 1267312858
616, 1267312866
617, 1267312874
618, 1267312882
619, 1267312890
620, 1267312904
621, 1267312912
622, 1267312920
623, 1267312939
624, 1267312947
625, 1267312955
626, 1267312963
627, 1267312971
628, 126731298X
629, 1267313005
630, 1267313013
631, 1267313021
632, 126731303X
633, 1267313048
634, 1267313056
635, 1267313064
636, 1267313072
637, 1267313080
638, 1267313099
639, 1267313102
640, 1267313110
641, 1267313129
642, 1267313137
643, 1267313145
644, 1267313153
645, 1267313161
646, 126731317X
647, 1267313188
648, 1267313196
649, 126731320X
650, 1267313218
651, 1267313226
652, 1267313234
653, 1267313242
654, 1267313250
655, 1267313277
656, 1267313285
657, 1267313293
658, 1267313307
659, 1267313315
660, 1267313323
661, 126731334X
662, 1267313358
663, 1267313366
664, 1267313374
665, 1267313382
666, 1267313390
667, 1267313404
668, 1267313412
669, 1267313420
670, 1267313439
671, 1267313447
672, 1267313455
673, 1267313463
674, 1267313471
675, 126731348X
676, 1267313498
677, 1267313501
678, 126731351X
679, 1267313528
680, 1267313536
681, 1267313544
682, 1267313552
683, 1267313560
684, 1267313579
685, 1267313587
686, 1267313595
687, 1267313609
688, 1267313617
689, 1267313633
690, 1267313641
691, 126731365X
692, 1267313668
693, 1267313676
694, 1267313684
695, 1267313692
696, 1267313706
697, 1267313714
698, 1267313722
699, 1267313730
700, 1267313757
701, 1267313765
702, 1267313773
703, 1267313781
704, 126731379X
705, 1267313803
706, 1267313811
707, 126731382X
708, 1267313838
709, 1267313846
710, 1267313854
711, 1267313870
712, 1267313889
713, 1267313897
714, 1267313900
715, 1267313919
716, 1267313927
717, 1267313935
718, 1267313943
719, 1267313951
720, 126731396X
721, 1267313978
722, 1267313986
723, 1267313994
724, 1267314001
725, 126731401X
726, 1267314028
727, 1267314036
728, 1267314044
729, 1267314052
730, 1267314060
731, 1267314079
732, 1267314087
733, 1267314095
734, 1267314109
735, 1267314117
736, 1267314133
737, 126731415X
738, 1267314168
739, 1267314184
740, 1267314192
741, 1267314206
742, 1267314214
743, 1267314222
744, 1267314230
745, 1267314249
746, 1267314257
747, 1267314265
748, 1267314273
749, 1267314281
750, 126731429X
751, 1267314303
752, 1267314311
753, 126731432X
754, 1267314338
755, 1267314346
756, 1267314354
757, 1267314362
758, 1267314370
759, 1267314389
760, 1267314397
761, 1267314400
762, 1267314419
763, 1267314435
764, 1267314443
765, 1267314451
766, 126731446X
767, 1267314478
768, 1267314486
769, 1267314494
770, 1267314508
771, 1267314516
772, 1267314524
773, 1267314532
774, 1267314540
775, 1267314559
776, 1267314567
777, 1267314575
778, 1267314591
779, 1267314605
780, 1267314613
781, 1267314621
782, 126731463X
783, 1267314648
784, 1267314656
785, 1267314664
786, 1267314672
787, 1267314680
788, 1267314702
789, 1267314710
790, 1267314729
791, 1267314737
792, 1267314745
793, 1267314753
794, 1267314761
795, 126731477X
796, 1267314788
797, 1267314796
798, 1267314818
799, 1267314826
800, 1267314834
801, 1267314842
802, 1267314850
803, 1267314869
804, 1267314877
805, 1267314885
806, 1267314893
807, 1267314907
808, 1267314915
809, 1267314923
810, 1267314931
811, 1267314958
812, 1267314966
813, 1267314974
814, 1267314982
815, 1267314990
816, 1267315008
817, 1267315016
818, 1267315024
819, 1267315032
820, 1267315040
821, 1267315059
822, 1267315067
823, 1267315075
824, 1267315083
825, 1267315091
826, 1267315105
827, 1267315113
828, 1267315121
829, 126731513X
830, 1267315148
831, 1267315156
832, 1267315164
833, 1267315180
834, 1267315199
835, 1267315202
836, 1267315210
837, 1267315237
838, 1267315253
839, 1267315261
840, 126731527X
841, 1267315288
842, 1267315296
843, 126731530X
844, 1267315318
845, 1267315326
846, 1267315334
847, 1267315342
848, 1267315350
849, 1267315369
850, 1267315377
851, 1267315385
852, 1267315393
853, 1267315407
854, 1267315415
855, 1267315423
856, 1267315431
857, 126731544X
858, 1267315458
859, 1267315466
860, 1267315474
861, 1267315482
862, 1267315490
863, 1267315512
864, 1267315520
865, 1267315539
866, 1267315547
867, 1267315555
868, 1267315563
869, 1267315571
870, 126731558X
871, 1267315598
872, 1267315601
873, 126731561X
874, 1267315628
875, 1267315636
876, 1267315644
877, 1267315652
878, 1267315660
879, 1267315679
880, 1267315687
881, 1267315695
882, 1267315709
883, 1267315717
884, 1267315725
885, 1267315741
886, 126731575X
887, 1267315768
888, 1267315776
889, 1267315784
890, 1267315806
891, 1267315814
892, 1267315822
893, 1267315830
894, 1267315849
895, 1267315857
896, 1267315865
897, 1267315873
898, 1267315881
899, 126731589X
900, 1267315903
901, 1267315911
902, 126731592X
903, 1267315938
904, 1267315946
905, 1267315954
906, 1267315962
907, 1267315970
908, 1267315989
909, 1267315997
910, 1267316004
911, 1267316012
912, 1267316020
913, 1267316039
914, 1267316047
915, 1267316063
916, 1267316071
917, 126731608X
918, 1267316098
919, 1267316101
920, 126731611X
921, 1267316128
922, 1267316136
923, 1267316144
924, 1267316152
925, 1267316160
926, 1267316179
927, 1267316187
928, 1267316195
929, 1267316209
930, 1267316217
931, 1267316225
932, 1267316233
933, 1267316241
934, 126731625X
935, 1267316268
936, 1267316276
937, 1267316284
938, 1267316292
939, 1267316306
940, 1267316322
941, 1267316330
942, 1267316349
943, 1267316357
944, 1267316365
945, 1267316373
946, 1267316381
947, 126731639X
948, 1267316403
949, 1267316411
950, 126731642X
951, 1267316438
952, 1267316446
953, 1267316454
954, 1267316462
955, 1267316470
956, 1267316489
957, 1267316497
958, 1267316500
959, 1267316519
960, 1267316527
961, 1267316535
962, 1267316551
963, 126731656X
964, 1267316578
965, 1267316586
966, 1267316594
967, 1267316608
968, 1267316624
969, 1267316632
970, 1267316640
971, 1267316659
972, 1267316667
973, 1267316675
974, 1267316683
975, 1267316691
976, 1267316705
977, 1267316713
978, 1267316721
979, 126731673X
980, 1267316748
981, 1267316764
982, 1267316772
983, 1267316780
984, 1267316799
985, 1267316810
986, 1267316829
987, 1267316837
988, 1267316845
989, 1267316853
990, 1267316861
991, 126731687X
992, 1267316888
993, 1267316896
994, 1267316918
995, 1267316926
996, 1267316934
997, 1267316942
998, 1267316950
999, 1267316969
1000, 1267316977
