1, 1267329904
2, 1267329912
3, 1267329920
4, 1267329939
5, 1267329947
6, 1267329955
7, 1267329963
8, 1267329971
9, 1267329998
10, 1267330007
11, 1267330015
12, 1267330023
13, 1267330031
14, 126733004X
15, 1267330058
16, 1267330066
17, 1267330074
18, 1267330082
19, 1267330090
20, 1267330104
21, 1267330112
22, 1267330120
23, 1267330139
24, 1267330147
25, 1267330155
26, 1267330163
27, 1267330171
28, 126733018X
29, 1267330198
30, 1267330201
31, 126733021X
32, 1267330228
33, 1267330236
34, 1267330244
35, 1267330260
36, 1267330279
37, 1267330287
38, 1267330295
39, 1267330309
40, 1267330317
41, 1267330325
42, 1267330333
43, 126733035X
44, 1267330368
45, 1267330376
46, 1267330384
47, 1267330392
48, 1267330406
49, 1267330414
50, 1267330422
51, 1267330430
52, 1267330449
53, 1267330457
54, 1267330465
55, 1267330473
56, 126733049X
57, 1267330503
58, 1267330511
59, 126733052X
60, 1267330538
61, 1267330546
62, 1267330554
63, 1267330562
64, 1267330570
65, 1267330589
66, 1267330597
67, 1267330619
68, 1267330627
69, 1267330635
70, 1267330643
71, 1267330651
72, 126733066X
73, 1267330678
74, 1267330686
75, 1267330694
76, 1267330708
77, 1267330716
78, 1267330724
79, 1267330732
80, 1267330740
81, 1267330759
82, 1267330767
83, 1267330775
84, 1267330783
85, 1267330791
86, 1267330805
87, 1267330813
88, 1267330821
89, 126733083X
90, 1267330848
91, 1267330856
92, 1267330864
93, 1267330872
94, 1267330880
95, 1267330902
96, 1267330910
97, 1267330929
98, 1267330937
99, 1267330945
100, 1267330953
101, 1267330961
102, 126733097X
103, 1267330988
104, 1267330996
105, 1267331003
106, 1267331011
107, 126733102X
108, 1267331038
109, 1267331046
110, 1267331054
111, 1267331062
112, 1267331070
113, 1267331089
114, 1267331097
115, 1267331100
116, 1267331119
117, 1267331127
118, 1267331135
119, 1267331143
120, 1267331151
121, 126733116X
122, 1267331178
123, 1267331186
124, 1267331194
125, 1267331208
126, 1267331216
127, 1267331224
128, 1267331232
129, 1267331240
130, 1267331259
131, 1267331267
132, 1267331275
133, 1267331283
134, 1267331291
135, 1267331305
136, 1267331313
137, 1267331321
138, 126733133X
139, 1267331348
140, 1267331356
141, 1267331364
142, 1267331372
143, 1267331380
144, 1267331399
145, 1267331410
146, 1267331429
147, 1267331437
148, 1267331453
149, 1267331461
150, 126733147X
151, 1267331488
152, 1267331496
153, 126733150X
154, 1267331518
155, 1267331526
156, 1267331534
157, 1267331542
158, 1267331550
159, 1267331569
160, 1267331577
161, 1267331585
162, 1267331593
163, 1267331607
164, 1267331615
165, 1267331623
166, 1267331631
167, 126733164X
168, 1267331658
169, 1267331666
170, 1267331674
171, 1267331682
172, 1267331690
173, 1267331712
174, 1267331720
175, 1267331739
176, 1267331747
177, 1267331755
178, 1267331763
179, 1267331771
180, 126733178X
181, 1267331798
182, 1267331801
183, 126733181X
184, 1267331828
185, 1267331836
186, 1267331844
187, 1267331852
188, 1267331860
189, 1267331879
190, 1267331887
191, 1267331895
192, 1267331909
193, 1267331925
194, 1267331941
195, 126733195X
196, 1267331976
197, 1267331984
198, 1267331992
199, 126733200X
200, 1267332018
201, 1267332026
202, 1267332034
203, 1267332042
204, 1267332050
205, 1267332069
206, 1267332077
207, 1267332085
208, 1267332093
209, 1267332107
210, 1267332115
211, 1267332123
212, 1267332131
213, 126733214X
214, 1267332158
215, 1267332166
216, 1267332174
217, 1267332182
218, 1267332190
219, 1267332204
220, 1267332212
221, 1267332220
222, 1267332239
223, 1267332247
224, 1267332255
225, 1267332263
226, 1267332271
227, 126733228X
228, 1267332298
229, 1267332301
230, 126733231X
231, 1267332328
232, 1267332336
233, 1267332344
234, 1267332352
235, 1267332360
236, 1267332379
237, 1267332387
238, 1267332395
239, 1267332409
240, 1267332417
241, 1267332425
242, 1267332433
243, 1267332441
244, 126733245X
245, 1267332468
246, 1267332476
247, 1267332484
248, 1267332492
249, 1267332506
250, 1267332514
251, 1267332522
252, 1267332530
253, 1267332549
254, 1267332557
255, 1267332565
256, 1267332573
257, 1267332581
258, 126733259X
259, 1267332603
260, 1267332611
261, 126733262X
262, 1267332638
263, 1267332646
264, 1267332654
265, 1267332662
266, 1267332670
267, 1267332689
268, 1267332697
269, 1267332700
270, 1267332719
271, 1267332727
272, 1267332735
273, 1267332743
274, 1267332751
275, 126733276X
276, 1267332778
277, 1267332786
278, 1267332794
279, 1267332808
280, 1267332816
281, 1267332824
282, 1267332832
283, 1267332840
284, 1267332859
285, 1267332867
286, 1267332875
287, 1267332883
288, 1267332891
289, 1267332905
290, 1267332913
291, 1267332921
292, 126733293X
293, 1267332948
294, 1267332956
295, 1267332972
296, 1267332980
297, 1267332999
298, 1267333006
299, 1267333014
300, 1267333022
301, 1267333030
302, 1267333049
303, 1267333057
304, 1267333065
305, 1267333073
306, 1267333081
307, 126733309X
308, 1267333103
309, 1267333111
310, 126733312X
311, 1267333138
312, 1267333146
313, 1267333154
314, 1267333162
315, 1267333170
316, 1267333189
317, 1267333197
318, 1267333200
319, 1267333219
320, 1267333227
321, 1267333235
322, 1267333243
323, 1267333251
324, 126733326X
325, 1267333278
326, 1267333286
327, 1267333308
328, 1267333316
329, 1267333324
330, 1267333332
331, 1267333340
332, 1267333359
333, 1267333367
334, 1267333375
335, 1267333383
336, 1267333391
337, 1267333405
338, 1267333413
339, 1267333421
340, 126733343X
341, 1267333448
342, 1267333456
343, 1267333464
344, 1267333472
345, 1267333480
346, 1267333499
347, 1267333502
348, 1267333510
349, 1267333529
350, 1267333537
351, 1267333545
352, 1267333553
353, 1267333561
354, 126733357X
355, 1267333588
356, 1267333596
357, 126733360X
358, 1267333618
359, 1267333626
360, 1267333634
361, 1267333642
362, 1267333650
363, 1267333669
364, 1267333677
365, 1267333685
366, 1267333693
367, 1267333707
368, 1267333715
369, 1267333723
370, 1267333731
371, 126733374X
372, 1267333758
373, 1267333766
374, 1267333774
375, 1267333782
376, 1267333790
377, 1267333804
378, 1267333812
379, 1267333820
380, 1267333839
381, 1267333847
382, 1267333855
383, 1267333863
384, 1267333871
385, 126733388X
386, 1267333898
387, 1267333901
388, 126733391X
389, 1267333928
390, 1267333936
391, 1267333944
392, 1267333952
393, 1267333960
394, 1267333979
395, 1267333987
396, 1267334002
397, 1267334010
398, 1267334029
399, 1267334037
400, 1267334045
401, 1267334053
402, 1267334061
403, 126733407X
404, 1267334088
405, 1267334096
406, 126733410X
407, 1267334118
408, 1267334126
409, 1267334134
410, 1267334142
411, 1267334150
412, 1267334169
413, 1267334177
414, 1267334185
415, 1267334193
416, 1267334215
417, 1267334223
418, 1267334231
419, 126733424X
420, 1267334258
421, 1267334266
422, 1267334274
423, 1267334282
424, 1267334290
425, 1267334304
426, 1267334312
427, 1267334320
428, 1267334339
429, 1267334347
430, 1267334355
431, 1267334363
432, 1267334371
433, 126733438X
434, 1267334398
435, 1267334401
436, 126733441X
437, 1267334428
438, 1267334436
439, 1267334452
440, 1267334460
441, 1267334479
442, 1267334487
443, 1267334495
444, 1267334509
445, 1267334517
446, 1267334525
447, 1267334533
448, 1267334541
449, 126733455X
450, 1267334568
451, 1267334576
452, 1267334584
453, 1267334592
454, 1267334606
455, 1267334614
456, 1267334622
457, 1267334630
458, 1267334649
459, 1267334657
460, 1267334665
461, 1267334673
462, 1267334681
463, 126733469X
464, 1267334703
465, 1267334711
466, 126733472X
467, 1267334738
468, 1267334746
469, 1267334754
470, 1267334762
471, 1267334770
472, 1267334789
473, 1267334797
474, 1267334800
475, 1267334819
476, 1267334827
477, 1267334835
478, 1267334843
479, 1267334851
480, 1267334886
481, 1267334894
482, 1267334908
483, 1267334916
484, 1267334924
485, 1267334932
486, 1267334940
487, 1267334959
488, 1267334967
489, 1267334975
490, 1267334983
491, 1267334991
492, 1267335009
493, 1267335017
494, 1267335025
495, 1267335033
496, 1267335041
497, 126733505X
498, 1267335068
499, 1267335076
500, 1267335084
501, 1267335106
502, 1267335114
503, 1267335122
504, 1267335130
505, 1267335157
506, 1267335165
507, 1267335173
508, 1267335181
509, 126733519X
510, 1267335203
511, 1267335211
512, 126733522X
513, 1267335238
514, 1267335246
515, 1267335254
516, 1267335262
517, 1267335270
518, 1267335289
519, 1267335297
520, 1267335300
521, 1267335319
522, 1267335327
523, 1267335335
524, 1267335343
525, 1267335351
526, 1267335378
527, 1267335386
528, 1267335394
529, 1267335408
530, 1267335416
531, 1267335424
532, 1267335432
533, 1267335440
534, 1267335459
535, 1267335467
536, 1267335475
537, 1267335483
538, 1267335491
539, 1267335505
540, 1267335513
541, 1267335521
542, 126733553X
543, 1267335548
544, 1267335556
545, 1267335564
546, 1267335572
547, 1267335599
548, 1267335610
549, 1267335629
550, 1267335637
551, 1267335645
552, 1267335653
553, 1267335661
554, 126733567X
555, 1267335688
556, 1267335696
557, 126733570X
558, 1267335718
559, 1267335726
560, 1267335734
561, 1267335742
562, 1267335750
563, 1267335769
564, 1267335785
565, 1267335793
566, 1267335807
567, 1267335815
568, 1267335823
569, 1267335831
570, 126733584X
571, 1267335858
572, 1267335866
573, 1267335874
574, 1267335882
575, 1267335890
576, 1267335904
577, 1267335920
578, 1267335939
579, 1267335947
580, 1267335955
581, 1267335963
582, 1267335971
583, 126733598X
584, 1267335998
585, 1267336005
586, 1267336013
587, 1267336021
588, 126733603X
589, 1267336048
590, 1267336056
591, 1267336064
592, 1267336072
593, 1267336080
594, 1267336099
595, 1267336102
596, 1267336110
597, 1267336129
598, 1267336137
599, 1267336153
600, 1267336161
601, 126733617X
602, 1267336188
603, 1267336196
604, 126733620X
605, 1267336218
606, 1267336226
607, 1267336234
608, 1267336242
609, 1267336250
610, 1267336269
611, 1267336277
612, 1267336285
613, 1267336293
614, 1267336307
615, 1267336315
616, 1267336323
617, 1267336331
618, 126733634X
619, 1267336358
620, 1267336374
621, 1267336382
622, 1267336390
623, 1267336404
624, 1267336412
625, 1267336420
626, 1267336439
627, 1267336447
628, 1267336455
629, 1267336463
630, 1267336471
631, 1267336498
632, 1267336501
633, 126733651X
634, 1267336528
635, 1267336536
636, 1267336544
637, 1267336552
638, 1267336560
639, 1267336579
640, 1267336587
641, 1267336595
642, 1267336609
643, 1267336617
644, 1267336625
645, 1267336633
646, 1267336641
647, 126733665X
648, 1267336668
649, 1267336676
650, 1267336684
651, 1267336692
652, 1267336706
653, 1267336714
654, 1267336722
655, 1267336730
656, 1267336749
657, 1267336757
658, 1267336765
659, 1267336773
660, 1267336781
661, 126733679X
662, 1267336803
663, 1267336811
664, 126733682X
665, 1267336838
666, 1267336846
667, 1267336854
668, 1267336862
669, 1267336870
670, 1267336889
671, 1267336897
672, 1267336900
673, 1267336919
674, 1267336927
675, 1267336935
676, 1267336943
677, 1267336951
678, 126733696X
679, 1267336978
680, 1267336986
681, 1267336994
682, 1267337001
683, 126733701X
684, 1267337028
685, 1267337036
686, 1267337044
687, 1267337052
688, 1267337060
689, 1267337079
690, 1267337087
691, 1267337095
692, 1267337109
693, 1267337117
694, 1267337125
695, 1267337133
696, 1267337141
697, 126733715X
698, 1267337168
699, 1267337176
700, 1267337192
701, 1267337206
702, 1267337214
703, 1267337222
704, 1267337230
705, 1267337249
706, 1267337257
707, 1267337265
708, 1267337273
709, 1267337281
710, 126733729X
711, 1267337303
712, 1267337311
713, 126733732X
714, 1267337338
715, 1267337346
716, 1267337354
717, 1267337362
718, 1267337370
719, 1267337389
720, 1267337397
721, 1267337400
722, 1267337419
723, 1267337427
724, 1267337435
725, 1267337443
726, 1267337451
727, 126733746X
728, 1267337478
729, 1267337486
730, 1267337494
731, 1267337508
732, 1267337516
733, 1267337524
734, 1267337532
735, 1267337540
736, 1267337559
737, 1267337567
738, 1267337575
739, 1267337583
740, 1267337591
741, 1267337605
742, 1267337613
743, 1267337621
744, 126733763X
745, 1267337648
746, 1267337656
747, 1267337664
748, 1267337672
749, 1267337680
750, 1267337699
751, 1267337702
752, 1267337710
753, 1267337729
754, 1267337737
755, 1267337745
756, 1267337753
757, 1267337761
758, 126733777X
759, 1267337788
760, 1267337796
761, 126733780X
762, 1267337818
763, 1267337826
764, 1267337834
765, 1267337842
766, 1267337850
767, 1267337869
768, 1267337885
769, 1267337893
770, 1267337907
771, 1267337915
772, 1267337923
773, 1267337931
774, 126733794X
775, 1267337958
776, 1267337966
777, 1267337974
778, 1267337982
779, 1267337990
780, 1267338008
781, 1267338016
782, 1267338032
783, 1267338040
784, 1267338059
785, 1267338067
786, 1267338075
787, 1267338083
788, 1267338091
789, 1267338105
790, 1267338113
791, 1267338121
792, 126733813X
793, 1267338148
794, 1267338156
795, 1267338164
796, 1267338172
797, 1267338180
798, 1267338199
799, 1267338202
800, 1267338210
801, 1267338229
802, 1267338237
803, 1267338245
804, 1267338253
805, 1267338261
806, 126733827X
807, 1267338288
808, 1267338296
809, 126733830X
810, 1267338318
811, 1267338326
812, 1267338334
813, 1267338350
814, 1267338369
815, 1267338377
816, 1267338385
817, 1267338393
818, 1267338407
819, 1267338415
820, 1267338423
821, 1267338431
822, 126733844X
823, 1267338458
824, 1267338466
825, 1267338474
826, 1267338482
827, 1267338504
828, 1267338512
829, 1267338520
830, 1267338547
831, 1267338555
832, 1267338563
833, 1267338571
834, 126733858X
835, 1267338598
836, 1267338601
837, 126733861X
838, 1267338628
839, 1267338636
840, 1267338644
841, 1267338652
842, 1267338660
843, 1267338679
844, 1267338687
845, 1267338695
846, 1267338709
847, 1267338717
848, 1267338741
849, 126733875X
850, 1267338768
851, 1267338776
852, 1267338784
853, 1267338792
854, 1267338806
855, 1267338814
856, 1267338830
857, 1267338849
858, 1267338857
859, 1267338865
860, 1267338873
861, 1267338881
862, 126733889X
863, 1267338903
864, 1267338911
865, 126733892X
866, 1267338938
867, 1267338946
868, 1267338954
869, 1267338962
870, 1267338989
871, 1267338997
872, 1267339004
873, 1267339020
874, 1267339039
875, 1267339047
876, 1267339055
877, 1267339063
878, 1267339071
879, 126733908X
880, 1267339098
881, 1267339101
882, 126733911X
883, 1267339128
884, 1267339136
885, 1267339144
886, 1267339152
887, 1267339160
888, 1267339179
889, 1267339187
890, 1267339195
891, 1267339209
892, 1267339217
893, 1267339225
894, 1267339233
895, 1267339241
896, 126733925X
897, 1267339268
898, 1267339276
899, 1267339284
900, 1267339292
901, 1267339306
902, 1267339314
903, 1267339322
904, 1267339330
905, 1267339349
906, 1267339357
907, 1267339365
908, 1267339373
909, 1267339381
910, 126733939X
911, 1267339403
912, 1267339411
913, 126733942X
914, 1267339438
915, 1267339446
916, 1267339462
917, 1267339470
918, 1267339489
919, 1267339497
920, 1267339500
921, 1267339519
922, 1267339527
923, 1267339535
924, 1267339543
925, 1267339551
926, 126733956X
927, 1267339578
928, 1267339586
929, 1267339594
930, 1267339608
931, 1267339616
932, 1267339624
933, 1267339632
934, 1267339640
935, 1267339659
936, 1267339675
937, 1267339683
938, 1267339691
939, 1267339705
940, 1267339713
941, 126733973X
942, 1267339748
943, 1267339756
944, 1267339764
945, 1267339772
946, 1267339780
947, 1267339799
948, 1267339802
949, 1267339810
950, 1267339829
951, 1267339837
952, 1267339845
953, 1267339853
954, 1267339861
955, 126733987X
956, 1267339888
957, 126733990X
958, 1267339926
959, 1267339934
960, 1267339942
961, 1267339950
962, 1267339969
963, 1267339977
964, 1267339985
965, 1267339993
966, 1267340002
967, 1267340010
968, 1267340029
969, 1267340037
970, 1267340045
971, 1267340053
972, 1267340061
973, 126734007X
974, 1267340088
975, 1267340096
976, 126734010X
977, 1267340118
978, 1267340126
979, 1267340134
980, 1267340142
981, 1267340150
982, 1267340169
983, 1267340177
984, 1267340185
985, 1267340193
986, 1267340207
987, 1267340215
988, 1267340223
989, 1267340231
990, 126734024X
991, 1267340258
992, 1267340266
993, 1267340274
994, 1267340282
995, 1267340290
996, 1267340304
997, 1267340312
998, 1267340320
999, 1267340339
1000, 1267340347
