1, 1267127961
2, 126712797X
3, 1267127988
4, 1267127996
5, 1267128003
6, 1267128011
7, 126712802X
8, 1267128038
9, 1267128046
10, 1267128062
11, 1267128070
12, 1267128089
13, 1267128097
14, 1267128100
15, 1267128119
16, 1267128127
17, 1267128135
18, 1267128143
19, 1267128151
20, 126712816X
21, 1267128178
22, 1267128194
23, 1267128208
24, 1267128216
25, 1267128224
26, 1267128232
27, 1267128240
28, 1267128259
29, 1267128267
30, 1267128275
31, 1267128283
32, 1267128291
33, 1267128313
34, 126712833X
35, 1267128348
36, 1267128356
37, 1267128364
38, 1267128372
39, 1267128380
40, 1267128399
41, 1267128402
42, 1267128410
43, 1267128429
44, 1267128437
45, 1267128453
46, 1267128461
47, 126712847X
48, 1267128488
49, 1267128496
50, 126712850X
51, 1267128518
52, 1267128526
53, 1267128534
54, 1267128542
55, 1267128550
56, 1267128577
57, 1267128585
58, 1267128593
59, 1267128607
60, 1267128615
61, 1267128623
62, 1267128631
63, 126712864X
64, 1267128658
65, 1267128666
66, 1267128674
67, 1267128690
68, 1267128704
69, 1267128712
70, 1267128720
71, 1267128739
72, 1267128747
73, 1267128755
74, 1267128763
75, 1267128771
76, 126712878X
77, 1267128798
78, 1267128801
79, 1267128828
80, 1267128836
81, 1267128844
82, 1267128852
83, 1267128860
84, 1267128879
85, 1267128887
86, 1267128895
87, 1267128909
88, 1267128917
89, 1267128933
90, 126712895X
91, 1267128968
92, 1267128976
93, 1267128984
94, 1267128992
95, 126712900X
96, 1267129018
97, 1267129026
98, 1267129034
99, 1267129042
100, 1267129050
101, 1267129077
102, 1267129085
103, 1267129093
104, 1267129107
105, 1267129115
106, 1267129123
107, 1267129131
108, 126712914X
109, 1267129158
110, 1267129166
111, 1267129174
112, 1267129182
113, 1267129204
114, 1267129212
115, 1267129220
116, 1267129239
117, 1267129247
118, 1267129255
119, 1267129263
120, 1267129271
121, 126712928X
122, 1267129298
123, 1267129301
124, 1267129328
125, 1267129336
126, 1267129344
127, 1267129352
128, 1267129360
129, 1267129379
130, 1267129387
131, 1267129395
132, 1267129409
133, 1267129417
134, 1267129425
135, 1267129441
136, 126712945X
137, 1267129468
138, 1267129476
139, 1267129484
140, 1267129492
141, 1267129506
142, 1267129514
143, 1267129522
144, 1267129530
145, 1267129549
146, 1267129557
147, 1267129573
148, 1267129581
149, 126712959X
150, 1267129603
151, 1267129611
152, 126712962X
153, 1267129638
154, 1267129646
155, 1267129654
156, 1267129662
157, 1267129670
158, 1267129689
159, 1267129697
160, 1267129700
161, 1267129727
162, 1267129735
163, 1267129743
164, 1267129751
165, 126712976X
166, 1267129778
167, 1267129786
168, 1267129794
169, 1267129808
170, 1267129816
171, 1267129824
172, 1267129832
173, 1267129840
174, 1267129859
175, 1267129867
176, 1267129875
177, 1267129883
178, 1267129905
179, 1267129913
180, 1267129921
181, 126712993X
182, 1267129948
183, 1267129956
184, 1267129964
185, 1267129972
186, 1267129980
187, 1267129999
188, 1267130008
189, 1267130016
190, 1267130024
191, 1267130040
192, 1267130059
193, 1267130067
194, 1267130075
195, 1267130083
196, 1267130091
197, 1267130105
198, 1267130113
199, 1267130121
200, 126713013X
201, 1267130156
202, 1267130172
203, 1267130180
204, 1267130199
205, 1267130202
206, 1267130210
207, 1267130229
208, 1267130237
209, 1267130245
210, 1267130253
211, 1267130261
212, 126713027X
213, 1267130296
214, 126713030X
215, 1267130318
216, 1267130326
217, 1267130334
218, 1267130342
219, 1267130350
220, 1267130369
221, 1267130377
222, 1267130385
223, 1267130393
224, 1267130407
225, 1267130415
226, 1267130423
227, 1267130431
228, 126713044X
229, 1267130458
230, 1267130466
231, 1267130474
232, 1267130482
233, 1267130490
234, 1267130504
235, 1267130512
236, 1267130520
237, 1267130539
238, 1267130555
239, 1267130563
240, 1267130571
241, 126713058X
242, 1267130598
243, 1267130601
244, 126713061X
245, 1267130628
246, 1267130636
247, 1267130644
248, 1267130652
249, 1267130660
250, 1267130679
251, 1267130687
252, 1267130709
253, 1267130717
254, 1267130725
255, 1267130733
256, 126713075X
257, 1267130768
258, 1267130776
259, 1267130784
260, 1267130792
261, 1267130806
262, 1267130814
263, 1267130822
264, 1267130830
265, 1267130857
266, 1267130865
267, 1267130873
268, 1267130881
269, 126713089X
270, 1267130903
271, 1267130911
272, 126713092X
273, 1267130938
274, 1267130946
275, 1267130954
276, 1267130962
277, 1267130989
278, 1267130997
279, 1267131004
280, 1267131012
281, 1267131020
282, 1267131039
283, 1267131047
284, 1267131055
285, 1267131063
286, 1267131071
287, 126713108X
288, 1267131098
289, 1267131101
290, 126713111X
291, 1267131136
292, 1267131144
293, 1267131152
294, 1267131160
295, 1267131179
296, 1267131187
297, 1267131195
298, 1267131209
299, 1267131217
300, 1267131225
301, 1267131233
302, 1267131241
303, 1267131268
304, 1267131276
305, 1267131284
306, 1267131292
307, 1267131306
308, 1267131314
309, 1267131322
310, 1267131330
311, 1267131349
312, 1267131357
313, 1267131365
314, 1267131373
315, 126713139X
316, 1267131411
317, 126713142X
318, 1267131438
319, 1267131446
320, 1267131454
321, 1267131462
322, 1267131470
323, 1267131489
324, 1267131497
325, 1267131500
326, 1267131519
327, 1267131527
328, 1267131535
329, 1267131543
330, 126713156X
331, 1267131578
332, 1267131586
333, 1267131594
334, 1267131608
335, 1267131616
336, 1267131624
337, 1267131632
338, 1267131640
339, 1267131659
340, 1267131667
341, 1267131675
342, 1267131683
343, 1267131691
344, 1267131705
345, 1267131721
346, 126713173X
347, 1267131748
348, 1267131756
349, 1267131764
350, 1267131772
351, 1267131780
352, 1267131799
353, 1267131802
354, 1267131810
355, 1267131837
356, 1267131845
357, 1267131853
358, 1267131861
359, 126713187X
360, 1267131888
361, 1267131896
362, 1267131918
363, 1267131926
364, 1267131934
365, 1267131942
366, 1267131950
367, 1267131969
368, 1267131977
369, 1267131985
370, 1267131993
371, 1267132000
372, 1267132019
373, 1267132027
374, 1267132035
375, 1267132043
376, 1267132051
377, 126713206X
378, 1267132078
379, 1267132086
380, 1267132094
381, 1267132116
382, 1267132124
383, 1267132132
384, 1267132140
385, 1267132159
386, 1267132167
387, 1267132175
388, 1267132183
389, 1267132191
390, 1267132205
391, 1267132213
392, 1267132221
393, 126713223X
394, 1267132248
395, 1267132256
396, 1267132264
397, 1267132272
398, 1267132280
399, 1267132299
400, 1267132302
401, 1267132329
402, 1267132337
403, 1267132345
404, 1267132353
405, 1267132361
406, 126713237X
407, 1267132388
408, 1267132396
409, 126713240X
410, 1267132418
411, 1267132426
412, 1267132434
413, 1267132442
414, 1267132450
415, 1267132469
416, 1267132485
417, 1267132493
418, 1267132515
419, 1267132523
420, 1267132531
421, 126713254X
422, 1267132558
423, 1267132566
424, 1267132574
425, 1267132582
426, 1267132590
427, 1267132604
428, 1267132612
429, 1267132620
430, 1267132647
431, 1267132655
432, 1267132663
433, 1267132671
434, 126713268X
435, 1267132698
436, 1267132701
437, 126713271X
438, 1267132728
439, 1267132736
440, 1267132744
441, 1267132752
442, 1267132760
443, 1267132779
444, 1267132787
445, 1267132795
446, 1267132809
447, 1267132817
448, 1267132825
449, 1267132833
450, 1267132841
451, 1267132868
452, 1267132876
453, 1267132884
454, 1267132892
455, 1267132906
456, 1267132914
457, 1267132922
458, 1267132930
459, 1267132949
460, 1267132957
461, 1267132965
462, 1267132973
463, 1267132981
464, 126713299X
465, 1267133007
466, 1267133015
467, 1267133023
468, 1267133031
469, 126713304X
470, 1267133058
471, 1267133066
472, 1267133074
473, 1267133090
474, 1267133104
475, 1267133112
476, 1267133120
477, 1267133139
478, 1267133147
479, 1267133155
480, 1267133163
481, 1267133171
482, 126713318X
483, 1267133198
484, 1267133201
485, 126713321X
486, 1267133228
487, 1267133236
488, 1267133244
489, 1267133252
490, 1267133260
491, 1267133279
492, 1267133287
493, 1267133295
494, 1267133309
495, 1267133317
496, 1267133325
497, 1267133333
498, 1267133341
499, 126713335X
500, 1267133368
501, 1267133376
502, 1267133384
503, 1267133392
504, 1267133414
505, 1267133422
506, 1267133430
507, 1267133449
508, 1267133457
509, 1267133473
510, 1267133481
511, 126713349X
512, 1267133503
513, 1267133511
514, 126713352X
515, 1267133538
516, 1267133546
517, 1267133554
518, 1267133562
519, 1267133570
520, 1267133589
521, 1267133597
522, 1267133600
523, 1267133619
524, 1267133627
525, 1267133635
526, 1267133643
527, 1267133651
528, 1267133678
529, 1267133686
530, 1267133694
531, 1267133708
532, 1267133716
533, 1267133724
534, 1267133732
535, 1267133740
536, 1267133759
537, 1267133767
538, 1267133775
539, 1267133783
540, 1267133791
541, 1267133805
542, 1267133813
543, 1267133821
544, 126713383X
545, 1267133848
546, 1267133856
547, 1267133864
548, 1267133880
549, 1267133899
550, 1267133902
551, 1267133910
552, 1267133929
553, 1267133937
554, 1267133945
555, 1267133953
556, 1267133961
557, 126713397X
558, 1267133988
559, 1267133996
560, 1267134003
561, 1267134011
562, 126713402X
563, 1267134038
564, 1267134046
565, 1267134054
566, 1267134070
567, 1267134089
568, 1267134097
569, 1267134119
570, 1267134127
571, 1267134135
572, 1267134143
573, 1267134151
574, 126713416X
575, 1267134178
576, 1267134186
577, 1267134194
578, 1267134208
579, 1267134216
580, 1267134224
581, 1267134232
582, 1267134240
583, 1267134259
584, 1267134267
585, 1267134275
586, 1267134283
587, 1267134305
588, 1267134313
589, 1267134321
590, 126713433X
591, 1267134348
592, 1267134356
593, 1267134364
594, 1267134372
595, 1267134380
596, 1267134399
597, 1267134402
598, 1267134410
599, 1267134429
600, 1267134437
601, 1267134445
602, 1267134453
603, 1267134461
604, 126713447X
605, 1267134488
606, 126713450X
607, 1267134518
608, 1267134526
609, 1267134534
610, 1267134542
611, 1267134550
612, 1267134569
613, 1267134577
614, 1267134585
615, 1267134593
616, 1267134607
617, 1267134615
618, 1267134623
619, 1267134631
620, 126713464X
621, 1267134658
622, 1267134666
623, 1267134674
624, 1267134682
625, 1267134690
626, 1267134712
627, 1267134720
628, 1267134739
629, 1267134755
630, 1267134763
631, 1267134771
632, 126713478X
633, 1267134798
634, 1267134801
635, 126713481X
636, 1267134828
637, 1267134836
638, 1267134844
639, 1267134852
640, 1267134860
641, 1267134879
642, 1267134887
643, 1267134895
644, 1267134909
645, 1267134917
646, 1267134933
647, 1267134941
648, 126713495X
649, 1267134968
650, 1267134976
651, 1267134984
652, 1267134992
653, 126713500X
654, 1267135018
655, 1267135026
656, 1267135034
657, 1267135042
658, 1267135050
659, 1267135069
660, 1267135077
661, 1267135085
662, 1267135093
663, 1267135107
664, 1267135115
665, 1267135123
666, 126713514X
667, 1267135158
668, 1267135166
669, 1267135174
670, 1267135182
671, 1267135190
672, 1267135204
673, 1267135212
674, 1267135220
675, 1267135239
676, 1267135247
677, 1267135255
678, 1267135271
679, 126713528X
680, 1267135298
681, 1267135301
682, 126713531X
683, 1267135328
684, 1267135336
685, 1267135344
686, 1267135352
687, 1267135360
688, 1267135379
689, 1267135387
690, 1267135395
691, 1267135417
692, 1267135425
693, 1267135433
694, 1267135441
695, 126713545X
696, 1267135468
697, 1267135476
698, 1267135484
699, 1267135492
700, 1267135506
701, 1267135514
702, 1267135522
703, 1267135549
704, 1267135557
705, 1267135565
706, 1267135573
707, 1267135581
708, 126713559X
709, 1267135603
710, 1267135611
711, 126713562X
712, 1267135638
713, 1267135646
714, 1267135654
715, 1267135662
716, 1267135670
717, 1267135689
718, 1267135700
719, 1267135719
720, 1267135727
721, 1267135735
722, 1267135743
723, 1267135751
724, 126713576X
725, 1267135778
726, 1267135786
727, 1267135794
728, 1267135808
729, 1267135816
730, 1267135824
731, 1267135832
732, 1267135859
733, 1267135867
734, 1267135875
735, 1267135883
736, 1267135891
737, 1267135905
738, 1267135913
739, 1267135921
740, 126713593X
741, 1267135948
742, 1267135956
743, 1267135964
744, 1267135972
745, 1267135980
746, 1267135999
747, 1267136006
748, 1267136014
749, 1267136022
750, 1267136030
751, 1267136049
752, 1267136057
753, 1267136065
754, 1267136081
755, 126713609X
756, 1267136103
757, 1267136111
758, 126713612X
759, 1267136138
760, 1267136154
761, 1267136162
762, 1267136170
763, 1267136189
764, 1267136197
765, 1267136200
766, 1267136219
767, 1267136227
768, 1267136235
769, 1267136243
770, 1267136251
771, 126713626X
772, 1267136278
773, 1267136286
774, 1267136294
775, 1267136308
776, 1267136316
777, 1267136324
778, 1267136332
779, 1267136340
780, 1267136367
781, 1267136375
782, 1267136383
783, 1267136391
784, 1267136405
785, 1267136413
786, 1267136421
787, 126713643X
788, 1267136448
789, 1267136456
790, 1267136464
791, 1267136472
792, 1267136480
793, 1267136499
794, 1267136502
795, 1267136510
796, 1267136529
797, 1267136537
798, 1267136553
799, 1267136561
800, 126713657X
801, 1267136588
802, 1267136596
803, 126713660X
804, 1267136618
805, 1267136626
806, 1267136634
807, 1267136642
808, 1267136650
809, 1267136669
810, 1267136685
811, 1267136693
812, 1267136707
813, 1267136715
814, 1267136723
815, 1267136731
816, 1267136758
817, 1267136766
818, 1267136774
819, 1267136782
820, 1267136790
821, 1267136804
822, 1267136820
823, 1267136839
824, 1267136847
825, 1267136855
826, 1267136863
827, 1267136871
828, 126713688X
829, 1267136898
830, 1267136901
831, 126713691X
832, 1267136928
833, 1267136936
834, 1267136952
835, 1267136960
836, 1267136979
837, 1267136987
838, 1267136995
839, 1267137002
840, 1267137010
841, 1267137029
842, 1267137037
843, 1267137045
844, 1267137053
845, 1267137061
846, 126713707X
847, 1267137088
848, 1267137096
849, 126713710X
850, 1267137118
851, 1267137126
852, 1267137134
853, 1267137142
854, 1267137150
855, 1267137177
856, 1267137185
857, 1267137193
858, 1267137207
859, 1267137215
860, 1267137223
861, 1267137231
862, 126713724X
863, 1267137258
864, 1267137266
865, 1267137274
866, 1267137282
867, 1267137290
868, 1267137304
869, 1267137312
870, 1267137339
871, 1267137347
872, 1267137355
873, 1267137363
874, 1267137371
875, 126713738X
876, 1267137398
877, 1267137401
878, 1267137428
879, 1267137436
880, 1267137444
881, 1267137452
882, 1267137460
883, 1267137479
884, 1267137487
885, 1267137495
886, 1267137509
887, 1267137517
888, 1267137525
889, 1267137533
890, 1267137541
891, 126713755X
892, 1267137568
893, 1267137576
894, 1267137592
895, 1267137606
896, 1267137614
897, 1267137622
898, 1267137630
899, 1267137649
900, 1267137657
901, 1267137665
902, 1267137673
903, 1267137681
904, 126713769X
905, 1267137703
906, 1267137711
907, 126713772X
908, 1267137738
909, 1267137746
910, 1267137762
911, 1267137770
912, 1267137789
913, 1267137797
914, 1267137800
915, 1267137819
916, 1267137827
917, 1267137835
918, 1267137843
919, 1267137851
920, 126713786X
921, 1267137878
922, 1267137886
923, 1267137894
924, 1267137916
925, 1267137924
926, 1267137932
927, 1267137940
928, 1267137959
929, 1267137967
930, 1267137975
931, 1267137983
932, 1267137991
933, 1267138009
934, 1267138017
935, 1267138025
936, 1267138033
937, 126713805X
938, 1267138068
939, 1267138084
940, 1267138092
941, 1267138106
942, 1267138114
943, 1267138122
944, 1267138130
945, 1267138149
946, 1267138157
947, 1267138165
948, 1267138173
949, 1267138181
950, 126713819X
951, 1267138211
952, 126713822X
953, 1267138238
954, 1267138246
955, 1267138254
956, 1267138262
957, 1267138270
958, 1267138289
959, 1267138297
960, 1267138300
961, 1267138319
962, 1267138327
963, 1267138335
964, 1267138343
965, 126713836X
966, 1267138378
967, 1267138386
968, 1267138394
969, 1267138408
970, 1267138416
971, 1267138424
972, 1267138432
973, 1267138440
974, 1267138459
975, 1267138467
976, 1267138475
977, 1267138483
978, 1267138491
979, 1267138513
980, 1267138521
981, 1267138548
982, 1267138556
983, 1267138564
984, 1267138572
985, 1267138580
986, 1267138599
987, 1267138602
988, 1267138610
989, 1267138629
990, 1267138637
991, 1267138653
992, 1267138661
993, 126713867X
994, 1267138688
995, 1267138696
996, 126713870X
997, 1267138726
998, 1267138734
999, 1267138742
1000, 1267138750
